<?xml version="1.0" encoding="UTF-8" ?>
<testsuite errors="0" failures="0" hostname="Abdulazizs-MacBook-Pro.local" name="cruise.umple.compiler.UmpleParserTest" skipped="8" tests="305" time="92.282" timestamp="2021-10-26T14:24:39">
  <properties>
[...]
</properties>
  <testcase classname="cruise.umple.compiler.UmpleParserTest" name="warningConstantDeprecated" time="0.189" />
  <testcase classname="cruise.umple.compiler.UmpleParserTest" name="externalDefinitionAndClassDefinitionCodeGeneration_externalLast" time="0.185" />
  <testcase classname="cruise.umple.compiler.UmpleParserTest" name="associationByItself" time="0.212" />
  <testcase classname="cruise.umple.compiler.UmpleParserTest" name="attribute_ContainerType" time="0.182" />
  <testcase classname="cruise.umple.compiler.UmpleParserTest" name="associationWithUnknownClass" time="0.187" />
  <testcase classname="cruise.umple.compiler.UmpleParserTest" name="parseUmpleEnumerationDefinedInClass" time="0.183" />
  <testcase classname="cruise.umple.compiler.UmpleParserTest" name="compositionParseTest_leftVarNames" time="0.192" />
  <testcase classname="cruise.umple.compiler.UmpleParserTest" name="abstractClass" time="0.179" />
  <testcase classname="cruise.umple.compiler.UmpleParserTest" name="propagateImmutabilityToAllRelationships" time="0.192" />
  <testcase classname="cruise.umple.compiler.UmpleParserTest" name="associationClassMultipleDefinitions" time="0.187" />
  <testcase classname="cruise.umple.compiler.UmpleParserTest" name="interfaceWithPosition" time="0.18" />
  <testcase classname="cruise.umple.compiler.UmpleParserTest" name="attributeFixml" time="0.0">
    <skipped />
  </testcase>
  <testcase classname="cruise.umple.compiler.UmpleParserTest" name="enumerationConflictsWithStateMachine" time="0.365" />
  <testcase classname="cruise.umple.compiler.UmpleParserTest" name="singletonWithConst" time="0.185" />
  <testcase classname="cruise.umple.compiler.UmpleParserTest" name="attribute_Type" time="0.181" />
  <testcase classname="cruise.umple.compiler.UmpleParserTest" name="attribute_list" time="0.182" />
  <testcase classname="cruise.umple.compiler.UmpleParserTest" name="is_A_NonExistingExtendsClass" time="0.727" />
  <testcase classname="cruise.umple.compiler.UmpleParserTest" name="toplevelExtracodeNoCodeLang" time="0.181" />
  <testcase classname="cruise.umple.compiler.UmpleParserTest" name="interfaceWithMultipleMembers" time="0.18" />
  <testcase classname="cruise.umple.compiler.UmpleParserTest" name="toplevelBeforeForMultiClasses" time="0.189" />
  <testcase classname="cruise.umple.compiler.UmpleParserTest" name="classCanNotBeChangedToImmutableWithInvalidAssociations" time="0.184" />
  <testcase classname="cruise.umple.compiler.UmpleParserTest" name="TestReservedRoleNameError32" time="0.18" />
  <testcase classname="cruise.umple.compiler.UmpleParserTest" name="multipleAssociationComments" time="0.183" />
  <testcase classname="cruise.umple.compiler.UmpleParserTest" name="association_nonZeroReflexiveAssociation" time="0.181" />
  <testcase classname="cruise.umple.compiler.UmpleParserTest" name="warningClassNameCapitalLetter" time="0.182" />
  <testcase classname="cruise.umple.compiler.UmpleParserTest" name="methodDetection" time="0.181" />
  <testcase classname="cruise.umple.compiler.UmpleParserTest" name="nestedGenericTypes" time="0.371" />
  <testcase classname="cruise.umple.compiler.UmpleParserTest" name="twoCharacterMethod" time="0.18" />
  <testcase classname="cruise.umple.compiler.UmpleParserTest" name="attribute_autounique" time="0.183" />
  <testcase classname="cruise.umple.compiler.UmpleParserTest" name="parseUmpleEnumerationDefinedAtTopLevel" time="0.186" />
  <testcase classname="cruise.umple.compiler.UmpleParserTest" name="attributeSharedName" time="0.91" />
  <testcase classname="cruise.umple.compiler.UmpleParserTest" name="isA_MultipleInterfacesAndClassesV2" time="0.181" />
  <testcase classname="cruise.umple.compiler.UmpleParserTest" name="methodParameterAmbiguityCausedByEnumeration" time="0.541" />
  <testcase classname="cruise.umple.compiler.UmpleParserTest" name="isAttributeLazyRedundant" time="0.179" />
  <testcase classname="cruise.umple.compiler.UmpleParserTest" name="abstractInheritanceClass" time="0.18" />
  <testcase classname="cruise.umple.compiler.UmpleParserTest" name="invalidNamespace_noName" time="0.179" />
  <testcase classname="cruise.umple.compiler.UmpleParserTest" name="interfaceWithMethodAndNOTParameters" time="0.181" />
  <testcase classname="cruise.umple.compiler.UmpleParserTest" name="templateInexistentReference" time="0.369" />
  <testcase classname="cruise.umple.compiler.UmpleParserTest" name="isA_MultipleTimesInTheSameLine" time="0.181" />
  <testcase classname="cruise.umple.compiler.UmpleParserTest" name="operationNotFound" time="0.359" />
  <testcase classname="cruise.umple.compiler.UmpleParserTest" name="attribute_assignedValue" time="0.183" />
  <testcase classname="cruise.umple.compiler.UmpleParserTest" name="interfaceImplementation" time="0.179" />
  <testcase classname="cruise.umple.compiler.UmpleParserTest" name="duplicateNamespace" time="0.0">
    <skipped />
  </testcase>
  <testcase classname="cruise.umple.compiler.UmpleParserTest" name="multipleExtraCodeDoubleDeclaration" time="0.18" />
  <testcase classname="cruise.umple.compiler.UmpleParserTest" name="symmetricReflexiveAssociationError19" time="0.181" />
  <testcase classname="cruise.umple.compiler.UmpleParserTest" name="symmetricReflexiveAssociationError23" time="0.18" />
  <testcase classname="cruise.umple.compiler.UmpleParserTest" name="singleton" time="0.182" />
  <testcase classname="cruise.umple.compiler.UmpleParserTest" name="invalidClassNameStart" time="1.08" />
  <testcase classname="cruise.umple.compiler.UmpleParserTest" name="AssociationClassKeyNoWarnings" time="0.189" />
  <testcase classname="cruise.umple.compiler.UmpleParserTest" name="multipleClasses" time="0.18" />
  <testcase classname="cruise.umple.compiler.UmpleParserTest" name="multipleMethodBodyWarning" time="0.181" />
  <testcase classname="cruise.umple.compiler.UmpleParserTest" name="invalidClassNamePart" time="1.079" />
  <testcase classname="cruise.umple.compiler.UmpleParserTest" name="outputLanguagePathOverride" time="0.194" />
  <testcase classname="cruise.umple.compiler.UmpleParserTest" name="multivaluedAttributeInitialization" time="0.19" />
  <testcase classname="cruise.umple.compiler.UmpleParserTest" name="autoGeneratedGetSetConstAttribute" time="0.185" />
  <testcase classname="cruise.umple.compiler.UmpleParserTest" name="reflexiveMandatoryAssociationMayNotBeImmutable" time="1.263" />
  <testcase classname="cruise.umple.compiler.UmpleParserTest" name="unknownClass" time="0.18" />
  <testcase classname="cruise.umple.compiler.UmpleParserTest" name="validClassName" time="1.077" />
  <testcase classname="cruise.umple.compiler.UmpleParserTest" name="depend" time="0.18" />
  <testcase classname="cruise.umple.compiler.UmpleParserTest" name="unknownInterface" time="0.361" />
  <testcase classname="cruise.umple.compiler.UmpleParserTest" name="multivaluedAttributeAssignment" time="0.36" />
  <testcase classname="cruise.umple.compiler.UmpleParserTest" name="nestedClassCyclicInheritance" time="1.082" />
  <testcase classname="cruise.umple.compiler.UmpleParserTest" name="assertSetFailedPosition" time="0.722" />
  <testcase classname="cruise.umple.compiler.UmpleParserTest" name="extraCodeInterfaces" time="0.179" />
  <testcase classname="cruise.umple.compiler.UmpleParserTest" name="isA_ComplexCycle" time="0.179" />
  <testcase classname="cruise.umple.compiler.UmpleParserTest" name="generateSuboption" time="0.179" />
  <testcase classname="cruise.umple.compiler.UmpleParserTest" name="toplevelAspectsForMixset" time="0.192" />
  <testcase classname="cruise.umple.compiler.UmpleParserTest" name="rubyLanguage" time="0.18" />
  <testcase classname="cruise.umple.compiler.UmpleParserTest" name="externalAssociationWithUnknownClassSecondPosition" time="0.181" />
  <testcase classname="cruise.umple.compiler.UmpleParserTest" name="immutableOtherWayInternalAssociation" time="0.182" />
  <testcase classname="cruise.umple.compiler.UmpleParserTest" name="attributeLooksLikeAssociation" time="0.358" />
  <testcase classname="cruise.umple.compiler.UmpleParserTest" name="warningUninitializedConstClass" time="0.179" />
  <testcase classname="cruise.umple.compiler.UmpleParserTest" name="validInterfaceName" time="1.076" />
  <testcase classname="cruise.umple.compiler.UmpleParserTest" name="whitespaceCharacter" time="0.0">
    <skipped />
  </testcase>
  <testcase classname="cruise.umple.compiler.UmpleParserTest" name="AssociationClassCreatesKeyIfMissing" time="0.183" />
  <testcase classname="cruise.umple.compiler.UmpleParserTest" name="interfaceWithSingleIsA" time="0.179" />
  <testcase classname="cruise.umple.compiler.UmpleParserTest" name="stateMachineandAttributeNameClashing" time="0.18" />
  <testcase classname="cruise.umple.compiler.UmpleParserTest" name="referencedPackages" time="0.179" />
  <testcase classname="cruise.umple.compiler.UmpleParserTest" name="invalidInterfaceNamePart" time="1.079" />
  <testcase classname="cruise.umple.compiler.UmpleParserTest" name="emptyClass" time="0.184" />
  <testcase classname="cruise.umple.compiler.UmpleParserTest" name="association_invalidMultiplicityOutOfOrder" time="0.179" />
  <testcase classname="cruise.umple.compiler.UmpleParserTest" name="associationClass2" time="0.001" />
  <testcase classname="cruise.umple.compiler.UmpleParserTest" name="emptyMultiLineCommentWithSpaces" time="0.18" />
  <testcase classname="cruise.umple.compiler.UmpleParserTest" name="immutableExternalOtherWayAssociation" time="0.182" />
  <testcase classname="cruise.umple.compiler.UmpleParserTest" name="invalidAssociationsForImmutableClass_independentlyDefined" time="0.542" />
  <testcase classname="cruise.umple.compiler.UmpleParserTest" name="abstractInterfaceExtends" time="0.187" />
  <testcase classname="cruise.umple.compiler.UmpleParserTest" name="toplevelAfterAsteriskKeyword" time="0.183" />
  <testcase classname="cruise.umple.compiler.UmpleParserTest" name="inlineComments" time="0.18" />
  <testcase classname="cruise.umple.compiler.UmpleParserTest" name="attributeComplexAssigned" time="0.184" />
  <testcase classname="cruise.umple.compiler.UmpleParserTest" name="isA_SimpleCycle" time="0.181" />
  <testcase classname="cruise.umple.compiler.UmpleParserTest" name="symmetricReflexiveAssociation" time="0.18" />
  <testcase classname="cruise.umple.compiler.UmpleParserTest" name="associationMultilineComment" time="0.18" />
  <testcase classname="cruise.umple.compiler.UmpleParserTest" name="multipleIsA_MultipleClass_Inheritance" time="0.18" />
  <testcase classname="cruise.umple.compiler.UmpleParserTest" name="beforeKeyword" time="0.181" />
  <testcase classname="cruise.umple.compiler.UmpleParserTest" name="keyCannotHaveDuplicateAttributes" time="0.181" />
  <testcase classname="cruise.umple.compiler.UmpleParserTest" name="parseInterfaceCode" time="0.181" />
  <testcase classname="cruise.umple.compiler.UmpleParserTest" name="internalAttributeGetterMethod" time="0.187" />
  <testcase classname="cruise.umple.compiler.UmpleParserTest" name="associationClass" time="1.091" />
  <testcase classname="cruise.umple.compiler.UmpleParserTest" name="attribute_defaultedWithoutAValue" time="0.18" />
  <testcase classname="cruise.umple.compiler.UmpleParserTest" name="autoGeneratedGetSetLazyImmutableAttribute" time="0.18" />
  <testcase classname="cruise.umple.compiler.UmpleParserTest" name="notUsedNamespace" time="0.731" />
  <testcase classname="cruise.umple.compiler.UmpleParserTest" name="autoGeneratedGetSetAutouniqueAttribute" time="0.182" />
  <testcase classname="cruise.umple.compiler.UmpleParserTest" name="associationsForMutableClassesParseSuccessfully" time="0.187" />
  <testcase classname="cruise.umple.compiler.UmpleParserTest" name="toplevelExtracode" time="0.18" />
  <testcase classname="cruise.umple.compiler.UmpleParserTest" name="isA_MultipleInterfacesAndClasses" time="0.179" />
  <testcase classname="cruise.umple.compiler.UmpleParserTest" name="isA_SimpleCycle_WithKey" time="0.179" />
  <testcase classname="cruise.umple.compiler.UmpleParserTest" name="duplicateAttributesNames" time="0.178" />
  <testcase classname="cruise.umple.compiler.UmpleParserTest" name="attributeAndAssociationNameClashingUnidirectional" time="2.732" />
  <testcase classname="cruise.umple.compiler.UmpleParserTest" name="associationClassPosition" time="0.183" />
  <testcase classname="cruise.umple.compiler.UmpleParserTest" name="duplicateEnumsInClass" time="0.183" />
  <testcase classname="cruise.umple.compiler.UmpleParserTest" name="toplevelBeforeKeywordAtBegining" time="0.183" />
  <testcase classname="cruise.umple.compiler.UmpleParserTest" name="interfaceWithMultipleIsA" time="0.179" />
  <testcase classname="cruise.umple.compiler.UmpleParserTest" name="validAssociationsForImmutableClass_independentlyDefined" time="0.725" />
  <testcase classname="cruise.umple.compiler.UmpleParserTest" name="attributeAndAssociationNameClashingBidirectional" time="1.651" />
  <testcase classname="cruise.umple.compiler.UmpleParserTest" name="associationInlineComment" time="0.182" />
  <testcase classname="cruise.umple.compiler.UmpleParserTest" name="is_A_SimpleCycle_Interface" time="0.181" />
  <testcase classname="cruise.umple.compiler.UmpleParserTest" name="filterWithAttributeInTrait" time="0.182" />
  <testcase classname="cruise.umple.compiler.UmpleParserTest" name="parseUmpleEnumerationDefinedAtTopLevelAndInClass" time="0.183" />
  <testcase classname="cruise.umple.compiler.UmpleParserTest" name="nestedUseStatements" time="0.187" />
  <testcase classname="cruise.umple.compiler.UmpleParserTest" name="commentsBeforeClasses" time="0.184" />
  <testcase classname="cruise.umple.compiler.UmpleParserTest" name="enumAttributeEmpty" time="0.183" />
  <testcase classname="cruise.umple.compiler.UmpleParserTest" name="autoGeneratedGetSetBasicAttribute" time="0.182" />
  <testcase classname="cruise.umple.compiler.UmpleParserTest" name="queuedMethods" time="0.371" />
  <testcase classname="cruise.umple.compiler.UmpleParserTest" name="multiInject" time="0.18" />
  <testcase classname="cruise.umple.compiler.UmpleParserTest" name="invalidAssociationsForImmutableClass" time="0.718" />
  <testcase classname="cruise.umple.compiler.UmpleParserTest" name="associationClassMissingLeft" time="0.179" />
  <testcase classname="cruise.umple.compiler.UmpleParserTest" name="classAndNamespaces" time="0.179" />
  <testcase classname="cruise.umple.compiler.UmpleParserTest" name="glossary" time="0.179" />
  <testcase classname="cruise.umple.compiler.UmpleParserTest" name="reflexiveAndError21CasesNonDirected" time="0.721" />
  <testcase classname="cruise.umple.compiler.UmpleParserTest" name="warningUninitializedConstObjectClass" time="0.18" />
  <testcase classname="cruise.umple.compiler.UmpleParserTest" name="upperCaseAssociationKey" time="0.181" />
  <testcase classname="cruise.umple.compiler.UmpleParserTest" name="externalDefinitionAndClassDefinitionCodeGeneration_externalMiddle" time="0.18" />
  <testcase classname="cruise.umple.compiler.UmpleParserTest" name="afterKeyword" time="0.181" />
  <testcase classname="cruise.umple.compiler.UmpleParserTest" name="multipleEmptyCommentsWithSpaces" time="0.18" />
  <testcase classname="cruise.umple.compiler.UmpleParserTest" name="phpLanguage" time="0.179" />
  <testcase classname="cruise.umple.compiler.UmpleParserTest" name="multLanguageImplementation" time="1.288" />
  <testcase classname="cruise.umple.compiler.UmpleParserTest" name="classPosition_default" time="0.179" />
  <testcase classname="cruise.umple.compiler.UmpleParserTest" name="keyWithInitializedAttribute" time="0.179" />
  <testcase classname="cruise.umple.compiler.UmpleParserTest" name="superclassCanNotBeChangedToImmutableWithInvalidAssociationsInSubclass" time="0.181" />
  <testcase classname="cruise.umple.compiler.UmpleParserTest" name="emptyMultiLineComment" time="0.179" />
  <testcase classname="cruise.umple.compiler.UmpleParserTest" name="commentsInClass" time="0.181" />
  <testcase classname="cruise.umple.compiler.UmpleParserTest" name="isA_MultipleInterfaces" time="0.18" />
  <testcase classname="cruise.umple.compiler.UmpleParserTest" name="immutableAssociationMayNotHaveMutableClassAtDirectedEnd" time="1.254" />
  <testcase classname="cruise.umple.compiler.UmpleParserTest" name="immutableClassMayNotContainStateMachines" time="0.182" />
  <testcase classname="cruise.umple.compiler.UmpleParserTest" name="stateMachineConcurrencyBetweenStates" time="0.182" />
  <testcase classname="cruise.umple.compiler.UmpleParserTest" name="associationClassNewSyntax" time="0.183" />
  <testcase classname="cruise.umple.compiler.UmpleParserTest" name="singletonAttributeNotLazy" time="0.179" />
  <testcase classname="cruise.umple.compiler.UmpleParserTest" name="attribute_Unique" time="0.18" />
  <testcase classname="cruise.umple.compiler.UmpleParserTest" name="generateSuboptionOverride" time="0.179" />
  <testcase classname="cruise.umple.compiler.UmpleParserTest" name="invalidInterfaceNameStart" time="1.079" />
  <testcase classname="cruise.umple.compiler.UmpleParserTest" name="mixin_redefiningAMethod" time="1.999" />
  <testcase classname="cruise.umple.compiler.UmpleParserTest" name="noDefaultNamespace" time="0.541" />
  <testcase classname="cruise.umple.compiler.UmpleParserTest" name="conflictingModifiersForStateDependentMethods" time="0.182" />
  <testcase classname="cruise.umple.compiler.UmpleParserTest" name="toplevelAfterGlobClassName" time="0.364" />
  <testcase classname="cruise.umple.compiler.UmpleParserTest" name="association" time="0.182" />
  <testcase classname="cruise.umple.compiler.UmpleParserTest" name="compositionParseTest_DoubleDefinition" time="0.18" />
  <testcase classname="cruise.umple.compiler.UmpleParserTest" name="interfaceWithConstants" time="0.181" />
  <testcase classname="cruise.umple.compiler.UmpleParserTest" name="associationWithClassAndInterface" time="0.543" />
  <testcase classname="cruise.umple.compiler.UmpleParserTest" name="positionUnknownAssociation" time="0.181" />
  <testcase classname="cruise.umple.compiler.UmpleParserTest" name="codeBlockMultiLanguage" time="0.183" />
  <testcase classname="cruise.umple.compiler.UmpleParserTest" name="attribute_derived" time="0.182" />
  <testcase classname="cruise.umple.compiler.UmpleParserTest" name="toplevelAfterGlobOperationNameOnTrait" time="0.184" />
  <testcase classname="cruise.umple.compiler.UmpleParserTest" name="key" time="0.179" />
  <testcase classname="cruise.umple.compiler.UmpleParserTest" name="test" time="0.183" />
  <testcase classname="cruise.umple.compiler.UmpleParserTest" name="validAssociationsForImmutableClass" time="0.723" />
  <testcase classname="cruise.umple.compiler.UmpleParserTest" name="classWithImplementedMethods" time="0.185" />
  <testcase classname="cruise.umple.compiler.UmpleParserTest" name="enumLongHandSyntax" time="0.183" />
  <testcase classname="cruise.umple.compiler.UmpleParserTest" name="associationClassAdditionalAssociations" time="0.184" />
  <testcase classname="cruise.umple.compiler.UmpleParserTest" name="enumerationInBidirectionalAssoc" time="0.366" />
  <testcase classname="cruise.umple.compiler.UmpleParserTest" name="toplevelInjectMultipleMethods" time="0.183" />
  <testcase classname="cruise.umple.compiler.UmpleParserTest" name="debugKeyword" time="0.18" />
  <testcase classname="cruise.umple.compiler.UmpleParserTest" name="interfaceWithExtraCode" time="0.18" />
  <testcase classname="cruise.umple.compiler.UmpleParserTest" name="javaLanguage" time="0.181" />
  <testcase classname="cruise.umple.compiler.UmpleParserTest" name="empty" time="0.179" />
  <testcase classname="cruise.umple.compiler.UmpleParserTest" name="positionAssociationClass_NoAssociation" time="0.0">
    <skipped />
  </testcase>
  <testcase classname="cruise.umple.compiler.UmpleParserTest" name="enumerationInUnidirectionalAssoc" time="0.555" />
  <testcase classname="cruise.umple.compiler.UmpleParserTest" name="invalidClassKeyword" time="0.178" />
  <testcase classname="cruise.umple.compiler.UmpleParserTest" name="methodConflictWithAutoGeneratedGetterAndSetterAndNoUserGeneratedMethodBody" time="0.368" />
  <testcase classname="cruise.umple.compiler.UmpleParserTest" name="associationClassMissingRight" time="0.18" />
  <testcase classname="cruise.umple.compiler.UmpleParserTest" name="immutableExternalAssociation" time="0.182" />
  <testcase classname="cruise.umple.compiler.UmpleParserTest" name="externalDefinitionAndClassDefinitionCodeGeneration_externalFirst" time="0.18" />
  <testcase classname="cruise.umple.compiler.UmpleParserTest" name="duplicateConstantNameInterface" time="0.181" />
  <testcase classname="cruise.umple.compiler.UmpleParserTest" name="languageDefault" time="0.179" />
  <testcase classname="cruise.umple.compiler.UmpleParserTest" name="filenamePropogation" time="0.182" />
  <testcase classname="cruise.umple.compiler.UmpleParserTest" name="emptyCommentWithSpaces" time="0.18" />
  <testcase classname="cruise.umple.compiler.UmpleParserTest" name="Singleton_Class_Extended" time="0.362" />
  <testcase classname="cruise.umple.compiler.UmpleParserTest" name="immutableTwoWayAssociationsAreNotAllowed" time="0.365" />
  <testcase classname="cruise.umple.compiler.UmpleParserTest" name="positionAssociationClass_Mixin" time="0.0">
    <skipped />
  </testcase>
  <testcase classname="cruise.umple.compiler.UmpleParserTest" name="isA_OnlyOne" time="0.18" />
  <testcase classname="cruise.umple.compiler.UmpleParserTest" name="isABlahAttribute" time="0.181" />
  <testcase classname="cruise.umple.compiler.UmpleParserTest" name="singletonToOneAssociation" time="0.182" />
  <testcase classname="cruise.umple.compiler.UmpleParserTest" name="mixDifferentFiles" time="0.181" />
  <testcase classname="cruise.umple.compiler.UmpleParserTest" name="attributeInvalidTypeName" time="0.359" />
  <testcase classname="cruise.umple.compiler.UmpleParserTest" name="oneCharacterMethod" time="0.18" />
  <testcase classname="cruise.umple.compiler.UmpleParserTest" name="associationClassSeveralAssociationsAttributes" time="0.183" />
  <testcase classname="cruise.umple.compiler.UmpleParserTest" name="toplevelAfterOnTrait" time="0.182" />
  <testcase classname="cruise.umple.compiler.UmpleParserTest" name="classWithMethods" time="0.0">
    <skipped />
  </testcase>
  <testcase classname="cruise.umple.compiler.UmpleParserTest" name="toplevelAfterGlobOperationName" time="0.183" />
  <testcase classname="cruise.umple.compiler.UmpleParserTest" name="methodInlineComment" time="0.182" />
  <testcase classname="cruise.umple.compiler.UmpleParserTest" name="methodNameConflictUsingDefaulted" time="0.543" />
  <testcase classname="cruise.umple.compiler.UmpleParserTest" name="attribute_simple" time="0.18" />
  <testcase classname="cruise.umple.compiler.UmpleParserTest" name="inputModifierCheck" time="0.18" />
  <testcase classname="cruise.umple.compiler.UmpleParserTest" name="singleIsA_MultipleClass_Inheritance" time="0.18" />
  <testcase classname="cruise.umple.compiler.UmpleParserTest" name="duplicateAssociationNamesClassHierarchy" time="0.917" />
  <testcase classname="cruise.umple.compiler.UmpleParserTest" name="multipleConstraintMethodBody" time="0.184" />
  <testcase classname="cruise.umple.compiler.UmpleParserTest" name="duplicateEnumerationsError" time="0.186" />
  <testcase classname="cruise.umple.compiler.UmpleParserTest" name="autoGeneratedGetSetLazyAttribute" time="0.182" />
  <testcase classname="cruise.umple.compiler.UmpleParserTest" name="otherWayAssociation" time="0.181" />
  <testcase classname="cruise.umple.compiler.UmpleParserTest" name="immutableClass" time="0.18" />
  <testcase classname="cruise.umple.compiler.UmpleParserTest" name="autoGeneratedGetSetImmutableAttribute" time="0.18" />
  <testcase classname="cruise.umple.compiler.UmpleParserTest" name="abstractClassAssociation" time="0.729" />
  <testcase classname="cruise.umple.compiler.UmpleParserTest" name="attributeInKeyNotDefinedInClass" time="0.181" />
  <testcase classname="cruise.umple.compiler.UmpleParserTest" name="multilineComments" time="0.18" />
  <testcase classname="cruise.umple.compiler.UmpleParserTest" name="parseUmpleEnumerationDefinedInAssociationClass" time="0.188" />
  <testcase classname="cruise.umple.compiler.UmpleParserTest" name="reflexiveAndError21CasesDirected" time="0.724" />
  <testcase classname="cruise.umple.compiler.UmpleParserTest" name="methodBodyGenerationMultiLanguage" time="0.182" />
  <testcase classname="cruise.umple.compiler.UmpleParserTest" name="typeIsAccessSpecifier" time="0.54" />
  <testcase classname="cruise.umple.compiler.UmpleParserTest" name="innerClass" time="0.181" />
  <testcase classname="cruise.umple.compiler.UmpleParserTest" name="multipleExtraCodeInterfaces" time="0.18" />
  <testcase classname="cruise.umple.compiler.UmpleParserTest" name="externalAssociationWithUnknownClass" time="0.36" />
  <testcase classname="cruise.umple.compiler.UmpleParserTest" name="duplicateAssociationNames" time="2.0" />
  <testcase classname="cruise.umple.compiler.UmpleParserTest" name="stateMachineandAssociationNameClashing" time="0.732" />
  <testcase classname="cruise.umple.compiler.UmpleParserTest" name="autoGeneratedGetSetInternalAttribute" time="0.18" />
  <testcase classname="cruise.umple.compiler.UmpleParserTest" name="enumerationInComposition" time="0.543" />
  <testcase classname="cruise.umple.compiler.UmpleParserTest" name="graphVizLiteralGuards" time="0.179" />
  <testcase classname="cruise.umple.compiler.UmpleParserTest" name="mixin_namespaces" time="0.541" />
  <testcase classname="cruise.umple.compiler.UmpleParserTest" name="emptyComment" time="0.179" />
  <testcase classname="cruise.umple.compiler.UmpleParserTest" name="multipleMethodComments" time="0.18" />
  <testcase classname="cruise.umple.compiler.UmpleParserTest" name="multipleEmptyComments" time="0.181" />
  <testcase classname="cruise.umple.compiler.UmpleParserTest" name="multipleSymmetricReflexiveAssociations" time="0.179" />
  <testcase classname="cruise.umple.compiler.UmpleParserTest" name="autoGeneratedConstructorRemoveAttribute" time="0.18" />
  <testcase classname="cruise.umple.compiler.UmpleParserTest" name="warningUninitializedConstInterface" time="0.178" />
  <testcase classname="cruise.umple.compiler.UmpleParserTest" name="commentsBeforeMultipleClasses" time="0.179" />
  <testcase classname="cruise.umple.compiler.UmpleParserTest" name="validCodeInjection" time="0.18" />
  <testcase classname="cruise.umple.compiler.UmpleParserTest" name="namingConflictBetweenEnumerationAndClass" time="0.541" />
  <testcase classname="cruise.umple.compiler.UmpleParserTest" name="warningInterfaceNameCapitalLetter" time="0.18" />
  <testcase classname="cruise.umple.compiler.UmpleParserTest" name="namingConflictBetweenEnumerationAndTrait" time="0.179" />
  <testcase classname="cruise.umple.compiler.UmpleParserTest" name="mixingRegularAndDerivedAttributes_bug201" time="0.18" />
  <testcase classname="cruise.umple.compiler.UmpleParserTest" name="nestedClassMultipleInheritance" time="0.539" />
  <testcase classname="cruise.umple.compiler.UmpleParserTest" name="isA_ComplexCycle_WithKey" time="0.184" />
  <testcase classname="cruise.umple.compiler.UmpleParserTest" name="methodMultilineComment" time="0.183" />
  <testcase classname="cruise.umple.compiler.UmpleParserTest" name="compositionType" time="0.182" />
  <testcase classname="cruise.umple.compiler.UmpleParserTest" name="attributeAndAssociationNameClashingSeparate" time="0.902" />
  <testcase classname="cruise.umple.compiler.UmpleParserTest" name="autoGeneratedGetterAndSetter" time="0.361" />
  <testcase classname="cruise.umple.compiler.UmpleParserTest" name="autoGeneratedGetSetDefaultedAttribute" time="0.18" />
  <testcase classname="cruise.umple.compiler.UmpleParserTest" name="portPrefixAttributeNameAssignment" time="0.183" />
  <testcase classname="cruise.umple.compiler.UmpleParserTest" name="autoGeneratedGetSetInputAttribute" time="0.181" />
  <testcase classname="cruise.umple.compiler.UmpleParserTest" name="attributeMultilineComment" time="0.18" />
  <testcase classname="cruise.umple.compiler.UmpleParserTest" name="attributeInlineComment" time="0.18" />
  <testcase classname="cruise.umple.compiler.UmpleParserTest" name="immutableOneWayInternalAssociation" time="0.182" />
  <testcase classname="cruise.umple.compiler.UmpleParserTest" name="invalidMultiplicity" time="0.18" />
  <testcase classname="cruise.umple.compiler.UmpleParserTest" name="namespace" time="0.18" />
  <testcase classname="cruise.umple.compiler.UmpleParserTest" name="inheritedKeys" time="0.362" />
  <testcase classname="cruise.umple.compiler.UmpleParserTest" name="removeAllAutogeneratedMethods" time="0.181" />
  <testcase classname="cruise.umple.compiler.UmpleParserTest" name="attributesAndAssocations" time="0.183" />
  <testcase classname="cruise.umple.compiler.UmpleParserTest" name="implementsInterface" time="0.181" />
  <testcase classname="cruise.umple.compiler.UmpleParserTest" name="reflexiveCasesNoError21" time="1.443" />
  <testcase classname="cruise.umple.compiler.UmpleParserTest" name="outputLanguagePathOverrideAll" time="0.184" />
  <testcase classname="cruise.umple.compiler.UmpleParserTest" name="multiple_Class_Inheritance" time="0.18" />
  <testcase classname="cruise.umple.compiler.UmpleParserTest" name="sameLineComments" time="0.183" />
  <testcase classname="cruise.umple.compiler.UmpleParserTest" name="compositionParseTest" time="0.361" />
  <testcase classname="cruise.umple.compiler.UmpleParserTest" name="complexClassWithAssociationsCannotBeAttribute" time="0.0">
    <skipped />
  </testcase>
  <testcase classname="cruise.umple.compiler.UmpleParserTest" name="association_attribute" time="0.18" />
  <testcase classname="cruise.umple.compiler.UmpleParserTest" name="attributeAndAssociationNameClashingBackwardsUnidirectional" time="2.715" />
  <testcase classname="cruise.umple.compiler.UmpleParserTest" name="interfaceWithMethodAndParameters" time="0.183" />
  <testcase classname="cruise.umple.compiler.UmpleParserTest" name="commentsWayBeforeClass" time="0.181" />
  <testcase classname="cruise.umple.compiler.UmpleParserTest" name="multipleClassBlockInheritance" time="0.36" />
  <testcase classname="cruise.umple.compiler.UmpleParserTest" name="eventParameterAmbiguityCausedByEnumeration" time="0.551" />
  <testcase classname="cruise.umple.compiler.UmpleParserTest" name="testSemicolonUnicode" time="0.009" />
  <testcase classname="cruise.umple.compiler.UmpleParserTest" name="attributeInvalidName" time="0.542" />
  <testcase classname="cruise.umple.compiler.UmpleParserTest" name="constructorExtraCode" time="0.0">
    <skipped />
  </testcase>
  <testcase classname="cruise.umple.compiler.UmpleParserTest" name="warningUninitializedConstObjectInterface" time="0.18" />
  <testcase classname="cruise.umple.compiler.UmpleParserTest" name="multipleEmptyMultiLineCommentsWithSpaces" time="0.181" />
  <testcase classname="cruise.umple.compiler.UmpleParserTest" name="removeAutogeneratedMethodsForAttribute" time="0.181" />
  <testcase classname="cruise.umple.compiler.UmpleParserTest" name="is_A_ComplexCycle_Interface" time="0.18" />
  <testcase classname="cruise.umple.compiler.UmpleParserTest" name="positionAssociation" time="0.189" />
  <testcase classname="cruise.umple.compiler.UmpleParserTest" name="multipleAttributeComments" time="0.184" />
  <testcase classname="cruise.umple.compiler.UmpleParserTest" name="isA_ListForm" time="0.179" />
  <testcase classname="cruise.umple.compiler.UmpleParserTest" name="internalConst" time="0.18" />
  <testcase classname="cruise.umple.compiler.UmpleParserTest" name="toplevelAround" time="0.006" />
  <testcase classname="cruise.umple.compiler.UmpleParserTest" name="toplevelBefore" time="0.182" />
  <testcase classname="cruise.umple.compiler.UmpleParserTest" name="toplevelAndInclassAspects" time="0.184" />
  <testcase classname="cruise.umple.compiler.UmpleParserTest" name="redefineNamespace" time="0.542" />
  <testcase classname="cruise.umple.compiler.UmpleParserTest" name="interfaceBodyWithComments" time="0.357" />
  <testcase classname="cruise.umple.compiler.UmpleParserTest" name="commentInAssociation" time="0.181" />
  <testcase classname="cruise.umple.compiler.UmpleParserTest" name="classPosition" time="0.18" />
  <testcase classname="cruise.umple.compiler.UmpleParserTest" name="cannotHaveDuplicateKeys" time="0.363" />
  <testcase classname="cruise.umple.compiler.UmpleParserTest" name="otherLanguage" time="0.184" />
  <testcase classname="cruise.umple.compiler.UmpleParserTest" name="attributeConflictImmutableAndAutounique" time="0.183" />
  <testcase classname="cruise.umple.compiler.UmpleParserTest" name="autoGeneratedAPIMethods" time="0.183" />
  <testcase classname="cruise.umple.compiler.UmpleParserTest" name="cannotHaveKeyAndDefaultKey" time="0.18" />
  <testcase classname="cruise.umple.compiler.UmpleParserTest" name="autoGeneratedConstructor" time="0.181" />
  <testcase classname="cruise.umple.compiler.UmpleParserTest" name="abstractMethod" time="0.18" />
  <testcase classname="cruise.umple.compiler.UmpleParserTest" name="association_external" time="0.182" />
  <testcase classname="cruise.umple.compiler.UmpleParserTest" name="isA_Grouped" time="0.18" />
  <testcase classname="cruise.umple.compiler.UmpleParserTest" name="AssociationClassIncompletKeyWarning" time="0.18" />
  <testcase classname="cruise.umple.compiler.UmpleParserTest" name="namingConflictBetweenEnumerationAndInterface" time="0.179" />
  <testcase classname="cruise.umple.compiler.UmpleParserTest" name="outputLanguagePath" time="0.182" />
  <testcase classname="cruise.umple.compiler.UmpleParserTest" name="associationName" time="0.18" />
  <testcase classname="cruise.umple.compiler.UmpleParserTest" name="enumShortHandSyntax" time="0.18" />
  <testcase classname="cruise.umple.compiler.UmpleParserTest" name="multipleExtraCode" time="0.18" />
  <testcase classname="cruise.umple.compiler.UmpleParserTest" name="interfaceClassDepend" time="0.18" />
  <testcase classname="cruise.umple.compiler.UmpleParserTest" name="oneWayAssociation" time="0.179" />
  <testcase classname="cruise.umple.compiler.UmpleParserTest" name="attributeProperNamingStyle" time="0.359" />
  <testcase classname="cruise.umple.compiler.UmpleParserTest" name="TypeValueMismatchWarning" time="0.361" />
  <system-out><![CDATA[[ROOT:][classDefinition][name:X][attribute][name:abcd][externalDefinition][name:X]
[ROOT:][associationDefinition][association][associationEnd][lowerBound:0][upperBound:1][type:Student][roleName:aStudent][arrow:--][associationEnd][lowerBound:0][upperBound:1][type:Mentor][roleName:aMentor][association][associationEnd][bound:*][type:Event][arrow:--][associationEnd][bound:*][type:Location][classDefinition][name:Event][classDefinition][name:Location][classDefinition][name:Student][classDefinition][name:Mentor]
[ROOT:][namespace:example][classDefinition][name:Student][inlineAssociation][inlineAssociationEnd][lowerBound:2][upperBound:3][arrow:--][associationEnd][lowerBound:0][upperBound:1][type:Mentor][roleName:aMentor][inlineAssociation][inlineAssociationEnd][bound:*][roleName:me][arrow:--][associationEnd][bound:*][type:Student][roleName:them]
[ROOT:][classDefinition][name:Student][enumerationDefinition][name:status][enumValue:FullTime][enumValue:PartTime][enumerationDefinition][name:grade][enumValue:High][enumerationDefinition][name:relationshipStatus][enumValue:single][enumValue:married][enumValue:divorced]
[ROOT:][classDefinition][name:A1][classDefinition][name:B1][inlineAssociation][inlineAssociationEnd][lowerBound:0][upperBound:1][roleName:b1][arrow:<@>-][associationEnd][bound:*][type:A1][roleName:a1][classDefinition][name:A2][classDefinition][name:B2][inlineAssociation][inlineAssociationEnd][bound:1][roleName:b2][arrow:<@>-][associationEnd][bound:1][type:A2][roleName:a2][classDefinition][name:A3][classDefinition][name:B3][inlineAssociation][inlineAssociationEnd][bound:*][roleName:b3][arrow:<@>-][associationEnd][lowerBound:0][upperBound:4][type:A3]
[ROOT:][classDefinition][name:Foo][abstract:abstract][classDefinition][name:Bar]
[ROOT:][classDefinition][name:URLMS][classDefinition][name:Staff][attribute][type][baseType:Role][name:role][classDefinition][name:WeeklyProgressUpdate][classDefinition][name:FundingAccount][inlineAssociation][inlineAssociationEnd][bound:*][arrow:--][associationEnd][bound:*][type:Report][roleName:report][inlineAssociation][inlineAssociationEnd][bound:*][arrow:--][associationEnd][bound:*][type:LabExpense][roleName:labExpense][classDefinition][name:Report][classDefinition][name:LabExpense][enumerationDefinition][name:Role][enumValue:researchAssociate][enumValue:researchAssistant][classDefinition][name:Equipment][attribute][type][baseType:int][name:quantity][attribute][type][baseType:String][name:type][classDefinition][name:Supply][attribute][type][baseType:String][name:supplyType]
[ROOT:][associationClassDefinition][name:Relationship][singleAssociationEnd][bound:*][type:Student][singleAssociationEnd][bound:*][type:Mentor][classDefinition][name:Student][classDefinition][name:Mentor][classDefinition][name:Relationship][elementPosition][x:1][y:2][width:3][height:4]
[ROOT:][interfaceDefinition][name:ISomething][interfaceMemberDeclaration][elementPosition][x:10][y:20][width:30][height:40]
[ROOT:][classDefinition][name:X][enumerationDefinition][name:Y][enumValue:Red][enumValue:Blue][enumValue:Green][stateMachine][inlineStateMachine][name:Y][state][stateName:s1][transition][event:goToS2][stateName:s2][state][stateName:s2]
[ROOT:][enumerationDefinition][name:Y][enumValue:Red][enumValue:Blue][enumValue:Green][classDefinition][name:X][concreteMethodDeclaration][methodDeclarator][methodName:showY][parameterList][parameter][type][baseType:Y][name:attr][code:System.out.println(attr);][stateMachine][inlineStateMachine][name:Y][state][stateName:s1]
[ROOT:][classDefinition][name:Student][attribute][type][baseType:Integer][name:name][attribute][type][baseType:String][name:name2][attribute][type][baseType:Time][name:name3][attribute][type][baseType:Date][name:name4][attribute][type][baseType:Double][name:name5]
[ROOT:][classDefinition][name:Token][attribute][list:[]][name:blah][attribute][type:String][list:[]][name:name][attribute][type:Position][list:[]][name:start][attribute][type:Integer][list:[]][name:number][classDefinition][name:Position][attribute][type][baseType:Integer][name:lineNumber][attribute][type][baseType:Integer][name:offset]
[ROOT:][toplevelExtracode][top:Day][code:enum Day { MONDAY=0, FRIDAY=1, SUNDAY=2;}]
[ROOT:][interfaceDefinition][name:ISomething][interfaceMemberDeclaration][constantDeclaration][type][baseType:String][name:aVariable][value:aValue][interfaceMemberDeclaration][constantDeclaration][type][baseType:String][name:aSecondVariable][value:aSecondValue][interfaceMemberDeclaration][abstractMethodDeclaration][type:String][methodDeclarator][methodName:getMethod][parameterList][parameter][type][baseType:String][name:name]
[ROOT:][toplevelBeforeCode][className:Student][className:Teacher][injectionOperation][operationName:setName][code:doSomething();][classDefinition][name:Student][attribute][name:name][classDefinition][name:Teacher][attribute][name:name]
[ROOT:][classDefinition][name:MutableClass][inlineAssociation][inlineAssociationEnd][bound:*][arrow:->][associationEnd][bound:*][type:OtherClass][classDefinition][name:OtherClass][classDefinition][name:MutableClass][immutable:immutable]
[ROOT:][classDefinition][name:Course][inlineAssociation][inlineAssociationEnd][bound:*][arrow:--][associationEnd][bound:*][type:Course][roleName:courses]
[ROOT:][classDefinition][name:Foo][inlineComment:Inline comment above association.][inlineAssociation][inlineAssociationEnd][bound:1][arrow:--][associationEnd][bound:*][type:Bar1][inlineComment:Multiple inline comments][inlineComment:above association.][inlineAssociation][inlineAssociationEnd][bound:1][arrow:--][associationEnd][bound:*][type:Bar2][multilineComment:Multiline comment above association.][inlineAssociation][inlineAssociationEnd][bound:1][arrow:--][associationEnd][bound:*][type:Bar3][multilineComment:* Multiple multiline comments
	 * above association.][inlineAssociation][inlineAssociationEnd][bound:1][arrow:--][associationEnd][bound:*][type:Bar4][classDefinition][name:Bar1][classDefinition][name:Bar2][classDefinition][name:Bar3][classDefinition][name:Bar4]
[ROOT:][classDefinition][name:Student][inlineAssociation][inlineAssociationEnd][lowerBound:0][upperBound:1][arrow:--][associationEnd][lowerBound:3][upperBound:4][type:Student][roleName:partner]
[ROOT:][classDefinition][name:Foo][inlineComment:I am a comment above a method.][concreteMethodDeclaration][type:void][methodDeclarator][methodName:testMethod][parameterList][code:// I am a comment inside a method.
    System.out.println("Hello world!");]
[ROOT:][classDefinition][name:X][concreteMethodDeclaration][type:void][methodDeclarator][methodName:m1][parameterList][code:z=1;]
[ROOT:][classDefinition][name:Student][attribute][autounique:autounique][name:id]
[ROOT:][enumerationDefinition][name:Status][enumValue:married][enumValue:single][enumValue:divorced][classDefinition][name:C1][attribute][type][baseType:Status][name:status][classDefinition][name:C2][attribute][type][baseType:Status][name:status]
[ROOT:][classDefinition][name:Student][extendsName:Human][extendsName:IStudent][extendsName:IPerson][extendsName:IMan][interfaceDefinition][name:IStudent][interfaceDefinition][name:IPerson][interfaceDefinition][name:IMan][classDefinition][name:Human]
[ROOT:][classDefinition][name:A][concreteMethodDeclaration][modifier:public][abstract:abstract][type:void][methodDeclarator][methodName:hello][parameterList][classDefinition][name:B][extendsName:A][classDefinition][name:C][extendsName:B][classDefinition][name:D][extendsName:C][concreteMethodDeclaration][modifier:public][type:void][methodDeclarator][methodName:hello][parameterList][code:][classDefinition][name:E][extendsName:D]
[ROOT:][toplevelException][toplevelExceptionMain][identifier:namespace]
[ROOT:][interfaceDefinition][name:I_Something][interfaceMemberDeclaration][abstractMethodDeclaration][type:String][methodDeclarator][methodName:getSomething][parameterList]
[ROOT:][classDefinition][name:InexistentTemplateReference][templateAttributeDefinition][templateName][name:template1][templateAttribute][templateText][templateTextContent: ][templateInclude][templateName][name:aTemplate][templateText][templateTextContent: ][templateTextContent:][emitMethod][emit:emit][methodDeclarator][methodName:method][parameterList][templateName][name:template1]
[ROOT:][classDefinition][name:MultipleInexistentTemplateReferences][templateAttributeDefinition][templateName][name:template1][templateAttribute][templateText][templateTextContent: ][templateInclude][templateName][name:aTemplate][templateText][templateTextContent: ][templateInclude][templateName][name:otherTemplate][templateText][templateTextContent: ][templateInclude][templateName][name:anotherTemplate][templateTextContent:][emitMethod][emit:emit][methodDeclarator][methodName:method][parameterList][templateName][name:template1]
[ROOT:][classDefinition][name:Student][extendsName:Person][extendsName:Worker][classDefinition][name:Person][interfaceDefinition][name:Worker]
[ROOT:][classDefinition][name:Student][attribute][modifier:settable][type][baseType:String][name:s][value:"s"][attribute][name:s2][value:"s2"]
[ROOT:][interfaceDefinition][name:ISomething][classDefinition][name:Something][extendsName:ISomething]
[ROOT:][interfaceDefinition][name:A][interfaceMemberDeclaration][exception][malformedStatement1][stuff:constantinople = 1][interfaceMemberDeclaration][exception][malformedStatement1][stuff:constantinople i = 1][interfaceMemberDeclaration][exception][misnamedAttribute][name:dfdfdfdf][interfaceMemberDeclaration][constantDeclaration][name:blah]
[ROOT:][classDefinition][name:A][symmetricReflexiveAssociation][bound:*][roleName:first][symmetricReflexiveAssociation][bound:*][roleName:first]
[ROOT:][classDefinition][name:A][symmetricReflexiveAssociation][bound:*][roleName:first][attribute][type][baseType:String][name:first]
[ROOT:][classDefinition][name:Airline][singleton:singleton]
[ROOT:][classDefinition][name:42SampleName]
[ROOT:][classDefinition][name:_SampleName]
[ROOT:][classDefinition][name:!SampleName]
[ROOT:][classDefinition][name:&SampleName]
[ROOT:][classDefinition][name:$SampleName]
[ROOT:][classDefinition][name:#SampleName]
[ROOT:][classDefinition][name:Student][classDefinition][name:Mentor]
[ROOT:][classDefinition][name:SampleName?]
[ROOT:][classDefinition][name:SampleName!]
[ROOT:][classDefinition][name:sample&name]
[ROOT:][classDefinition][name:Sample$Name]
[ROOT:][classDefinition][name:Sample.Name]
[ROOT:][classDefinition][name:sample"stuff"name]
[ROOT:][generate_path][language:Java][output:1][generate_path][language:Java][output:2][generate_path][language:Java][output:3][override:--override][generate_path][language:Java][output:4][override:--override][generate_path][language:Java][output:5]
[ROOT:][classDefinition][name:MultivaluedAttributeAssignment][attribute][type][baseType:String][list:[]][name:attr][code:arbitraryCode();][inlineComment:Should raise error 83]
[ROOT:][classDefinition][name:X][attribute][modifier:const][type][baseType:Integer][name:MAX][value:100]
[ROOT:][classDefinition][name:Student][immutable:immutable][associationDefinition][association][associationEnd][bound:1][type:Student][roleName:me][arrow:->][associationEnd][lowerBound:2][upperBound:*][type:Student][roleName:them]
[ROOT:][classDefinition][name:Student][immutable:immutable][associationDefinition][association][associationEnd][bound:1][type:Student][roleName:me][arrow:->][associationEnd][lowerBound:2][upperBound:*][type:Student][roleName:them]
[ROOT:][classDefinition][name:Student][immutable:immutable][inlineAssociation][inlineAssociationEnd][lowerBound:0][upperBound:1][roleName:me][arrow:->][associationEnd][bound:1][type:Student][roleName:them]
[ROOT:][classDefinition][name:Student][immutable:immutable][associationDefinition][association][associationEnd][lowerBound:2][upperBound:*][type:Student][roleName:them][arrow:<-][associationEnd][bound:1][type:Student][roleName:me]
[ROOT:][classDefinition][name:Student][immutable:immutable][associationDefinition][association][associationEnd][lowerBound:2][upperBound:*][type:Student][roleName:them][arrow:<-][associationEnd][bound:1][type:Student][roleName:me]
[ROOT:][classDefinition][name:Student][immutable:immutable][inlineAssociation][inlineAssociationEnd][bound:1][roleName:them][arrow:<-][associationEnd][bound:1][type:Student][roleName:me]
[ROOT:][classDefinition][name:Student][immutable:immutable][inlineAssociation][inlineAssociationEnd][bound:1][roleName:them][arrow:<-][associationEnd][bound:1][type:Student][roleName:me]
[ROOT:][classDefinition][name:Student][inlineAssociation][inlineAssociationEnd][bound:*][arrow:--][associationEnd][bound:*][type:Mentor]
[ROOT:][classDefinition][name:samplename]
[ROOT:][classDefinition][name:SAMPLENAME]
[ROOT:][classDefinition][name:sAmPlEnAmE]
[ROOT:][classDefinition][name:sample22]
[ROOT:][classDefinition][name:sample_name]
[ROOT:][classDefinition][name:sample_name_22]
[ROOT:][classDefinition][name:Student][depend:java.util.Map]
[ROOT:][classDefinition][name:MultivaluedAttributeAssignment][attribute][type:String][list:[]][name:attr][value:invalid.values]
[ROOT:][classDefinition][name:MultivaluedAttributeAssignment][attribute][type:String][list:[]][name:attr][value:arbitraryCode();]
[ROOT:][classDefinition][name:Hospital][classDefinition][name:Hospital]
[ROOT:][classDefinition][name:X][classDefinition][name:Y][classDefinition][name:X]
[ROOT:][classDefinition][name:X][extendsName:Y][classDefinition][name:Y]
[ROOT:][classDefinition][name:X][classDefinition][name:Y][extendsName:Y]
[ROOT:][classDefinition][name:X][classDefinition][name:Y][classDefinition][name:Y]
[ROOT:][classDefinition][name:Y][classDefinition][name:X][classDefinition][name:Y][classDefinition][name:X]
[ROOT:][classDefinition][name:Student][extendsName:Proffesor][classDefinition][name:Proffesor][extendsName:Student]
[ROOT:][generate][language:GvClassDiagram][suboptionIndicator:--suboption][suboption:hideattributes][suboptionIndicator:-s][suboption:showmethods]
[ROOT:][inlineComment:Initially there are two classes with no attributes][classDefinition][name:X][classDefinition][name:Z][toplevelAfterCode][className:X][injectionOperation][operationName:setC][code://this code will be injected][inlineComment:In another place, potentially a separate file.][inlineComment:class X is given attribute a][inlineComment:This is a simple mixin][classDefinition][name:X][attribute][name:a][inlineComment:In a third place we conditionally want to][inlineComment:include attribute b, perhaps only in certain][inlineComment:versions of the software.][mixsetDefinition][mixsetName:specialVersion][extraCode:class X {
    b;
  }][inlineComment:To activate the specialVersion mixset we need][inlineComment:to encounter the following][useStatement][use:specialVersion][inlineComment:We can also have another 'fragment' of][inlineComment:the specialVersion mixset elsewhere][mixsetDefinition][mixsetName:specialVersion][extraCode:class X {
    c;
  }][inlineComment:The following notations can also be used][classDefinition][name:X][mixsetDefinition][mixsetName:specialVersion][extraCode:d;][inlineComment:Any features of a class can be incorporated][inlineComment:using a mixset including the following][inlineComment:Here we introduce a second mixset][mixsetDefinition][mixsetName:specialVersion2][extraCode:class Z {p;}][classDefinition][name:X][mixsetDefinition][mixsetName:specialVersion2][extraCode:isA Z;
    0..1 -- * Z;][useStatement][use:specialVersion2][inlineComment:The following mixset will be ignored since][inlineComment:there is no use statement for it][mixsetDefinition][mixsetName:specialVersion3][extraCode:class W {}]
[ROOT:][generate][language:Ruby]
[ROOT:][namespace:example][associationDefinition][association][associationEnd][lowerBound:4][upperBound:5][type:Student][arrow:--][associationEnd][lowerBound:6][upperBound:9][type:Mentor][roleName:myMentor][classDefinition][name:Student]
[ROOT:][classDefinition][name:Student][immutable:immutable][inlineAssociation][modifier:immutable][inlineAssociationEnd][bound:*][roleName:them][arrow:<-][associationEnd][bound:1][type:Student][roleName:me][classDefinition][name:Mentor][immutable:immutable][inlineAssociation][modifier:immutable][inlineAssociationEnd][bound:*][roleName:aMentor][arrow:<-][associationEnd][bound:1][type:Student]
[ROOT:][classDefinition][name:Person][exception][misnamedAttribute][name:--X]
[ROOT:][classDefinition][name:Person][exception][misnamedAttribute][name:1..*X]
[ROOT:][interfaceDefinition][name:samplename]
[ROOT:][interfaceDefinition][name:SAMPLENAME]
[ROOT:][interfaceDefinition][name:sAmPlEnAmE]
[ROOT:][interfaceDefinition][name:sample22]
[ROOT:][interfaceDefinition][name:sample_name]
[ROOT:][interfaceDefinition][name:sample_name_22]
[ROOT:][namespace:example][classDefinition][name:Thing][associationClassDefinition][name:Ticket][extendsName:Thing][attribute][name:name][attribute][type][baseType:Integer][name:type][value:1][singleAssociationEnd][bound:*][type:Event][roleName:event][singleAssociationEnd][bound:*][type:Location][extraCode:public int one() {return 1;}][classDefinition][name:Event][classDefinition][name:Location]
[ROOT:][interfaceDefinition][name:ISomething][interfaceMemberDeclaration][extendsName:ISuper][interfaceDefinition][name:ISuper]
[ROOT:][classDefinition][name:X][attribute][name:a][stateMachine][inlineStateMachine][name:a][state][stateName:s1][transition][event:e1][stateName:s2][state][stateName:s2]
[ROOT:][namespace:example][classDefinition][name:Student][inlineAssociation][inlineAssociationEnd][lowerBound:0][upperBound:1][arrow:--][associationEnd][lowerBound:0][upperBound:1][type:Mentor][namespace:anotherExample][classDefinition][name:Mentor]
[ROOT:][interfaceDefinition][name:SampleName?]
[ROOT:][interfaceDefinition][name:SampleName!]
[ROOT:][interfaceDefinition][name:sample&name]
[ROOT:][interfaceDefinition][name:Sample$Name]
[ROOT:][interfaceDefinition][name:Sample.Name]
[ROOT:][interfaceDefinition][name:sample"stuff"name]
[ROOT:][classDefinition][name:Student]
[ROOT:][classDefinition][name:Student][inlineAssociation][inlineAssociationEnd][lowerBound:3][upperBound:2][arrow:--][associationEnd][lowerBound:0][upperBound:1][type:Mentor][roleName:aMentor][classDefinition][name:Mentor]
[ROOT:][multilineComment:][classDefinition][name:Student]
[ROOT:][classDefinition][name:Student][immutable:immutable][classDefinition][name:Mentor][immutable:immutable][associationDefinition][association][modifier:immutable][associationEnd][lowerBound:6][upperBound:9][type:Mentor][roleName:myMentor][arrow:<-][associationEnd][bound:1][type:Student][association][modifier:immutable][associationEnd][bound:*][type:Student][roleName:them][arrow:<-][associationEnd][bound:*][type:Student][roleName:me]
[ROOT:][classDefinition][name:StudentE][immutable:immutable][classDefinition][name:MentorE][immutable:immutable][associationDefinition][association][associationEnd][bound:1][type:StudentE][arrow:--][associationEnd][bound:1][type:MentorE]
[ROOT:][classDefinition][name:StudentF][classDefinition][name:MentorF][immutable:immutable][associationDefinition][association][associationEnd][bound:*][type:StudentF][arrow:<-][associationEnd][bound:*][type:MentorF]
[ROOT:][classDefinition][name:StudentG][immutable:immutable][classDefinition][name:MentorG][associationDefinition][association][associationEnd][bound:*][type:StudentG][arrow:->][associationEnd][bound:*][type:MentorG]
[ROOT:][interfaceDefinition][name:I][interfaceMemberDeclaration][abstractMethodDeclaration][type:Integer][methodDeclarator][methodName:I1][parameterList][classDefinition][name:A][extendsName:I][classDefinition][name:B][extendsName:A][classDefinition][name:C][abstract:abstract][extendsName:I][classDefinition][name:D][extendsName:C]
[ROOT:][toplevelAfterCode][className:*][injectionOperation][operationName:setName][injectionOperation][operationName:testFunction][code:doSomething();][classDefinition][name:Student][attribute][name:name][classDefinition][name:Teacher][attribute][name:name][classDefinition][name:Employer][attribute][name:age][concreteMethodDeclaration][type:String][methodDeclarator][methodName:testFunction][parameterList][code:return "This is a test function";]
[ROOT:][inlineComment:c 5][inlineComment:c 5b][namespace:example][inlineComment:c 6][inlineComment:c 7][inlineComment:c 7b][inlineComment:c 7c]
[ROOT:][classDefinition][name:Student][attribute][type][baseType:Time][name:t][value:new Time("now")]
[ROOT:][classDefinition][name:Student][extendsName:Student]
[ROOT:][classDefinition][name:Student][symmetricReflexiveAssociation][lowerBound:0][upperBound:1][roleName:partner]
[ROOT:][classDefinition][name:Foo][multilineComment:* I am a multiline comment above an association.][inlineAssociation][inlineAssociationEnd][bound:1][arrow:--][associationEnd][bound:*][type:Bar][classDefinition][name:Bar]
[ROOT:][classDefinition][name:Father][classDefinition][name:Mother][classDefinition][name:Child][extendsName:Mother][extendsName:Father]
[ROOT:][classDefinition][name:Student][attribute][name:name][beforeCode][injectionOperation][operationName:setName][code:doSomething();]
[ROOT:][classDefinition][name:Student][attribute][name:name][key][keyId:name][keyId:name][classDefinition][name:Test][attribute][name:name][inlineAssociation][inlineAssociationEnd][bound:1][arrow:--][associationEnd][lowerBound:0][upperBound:1][type:Student][roleName:stuff][key][keyId:stuff][keyId:stuff]
[ROOT:][interfaceDefinition][name:A][interfaceMemberDeclaration][abstractMethodDeclaration][type:void][methodDeclarator][methodName:FunB][parameterList][interfaceMemberDeclaration][exception][malformedStatement1][stuff:blah blah blah][interfaceMemberDeclaration][abstractMethodDeclaration][type:void][methodDeclarator][methodName:FunA][parameterList]
[ROOT:][classDefinition][name:Student][attribute][modifier:internal][type][baseType:MyObject][name:test][concreteMethodDeclaration][modifier:public][type:MyOtherObject][methodDeclarator][methodName:getTest][parameterList][code:return test.someMethod();]
[ROOT:][namespace:example][classDefinition][name:Thing][associationClassDefinition][name:Ticket][extendsName:Thing][attribute][name:name][attribute][type][baseType:Integer][name:type][value:1][singleAssociationEnd][bound:*][type:Event][roleName:event][singleAssociationEnd][bound:*][type:Location][extraCode:public int one() {return 1;}][classDefinition][name:Event][classDefinition][name:Location]
[ROOT:][classDefinition][name:A][associationClassDefinition][name:B][singleAssociationEnd][bound:*][otherEndroleName:b1][type:A][roleName:a1][singleAssociationEnd][bound:*][type:A]
[ROOT:][classDefinition][name:A][associationClassDefinition][name:B][singleAssociationEnd][bound:*][otherEndroleName:b1][type:A][roleName:a1][singleAssociationEnd][bound:*][otherEndroleName:b2][type:A][roleName:a2]
[ROOT:][classDefinition][name:A][associationClassDefinition][name:B][singleAssociationEnd][bound:*][type:A][roleName:a1][singleAssociationEnd][bound:*][type:A][roleName:a2]
[ROOT:][classDefinition][name:A][associationClassDefinition][name:B][singleAssociationEnd][bound:*][type:A][singleAssociationEnd][bound:*][type:A]
[ROOT:][classDefinition][name:A][associationClassDefinition][name:B][singleAssociationEnd][bound:*][type:A][roleName:a1][singleAssociationEnd][bound:*][type:A]
[ROOT:][classDefinition][name:Student][attribute][modifier:defaulted][name:x]
[ROOT:][classDefinition][name:X][attribute][lazy:lazy][modifier:immutable][type][baseType:String][name:str2]
[ROOT:][classDefinition][name:X][attribute][autounique:autounique][name:x]
[ROOT:][classDefinition][name:A][inlineAssociation][inlineAssociationEnd][bound:*][arrow:--][associationEnd][bound:*][type:B][inlineAssociation][inlineAssociationEnd][bound:1][arrow:->][associationEnd][bound:*][type:C][inlineAssociation][inlineAssociationEnd][bound:*][arrow:<-][associationEnd][lowerBound:0][upperBound:2][type:D][classDefinition][name:B][inlineAssociation][inlineAssociationEnd][bound:1][arrow:--][associationEnd][bound:1][type:D][classDefinition][name:C][classDefinition][name:D][associationDefinition][association][associationEnd][lowerBound:0][upperBound:5][type:B][roleName:someBs][arrow:--][associationEnd][lowerBound:0][upperBound:5][type:C][association][associationEnd][bound:1][type:D][arrow:<-][associationEnd][bound:1][type:A][association][associationEnd][bound:1][type:C][arrow:->][associationEnd][bound:*][type:B][associationClassDefinition][name:CToD][singleAssociationEnd][bound:*][type:C][singleAssociationEnd][bound:*][type:D]
[ROOT:][toplevelExtracode][top:Day][codeLang:RTCpp][code:enum Day { MONDAY=0, FRIDAY=1, SUNDAY=2;}]
[ROOT:][classDefinition][name:Student][extendsName:Human][extendsName:IStudent][extendsName:IPerson][extendsName:IMan][interfaceDefinition][name:IStudent][interfaceDefinition][name:IPerson][interfaceDefinition][name:IMan][classDefinition][name:Human]
[ROOT:][classDefinition][name:Student][attribute][type][baseType:Integer][name:id][key][keyId:id][extendsName:Student]
[ROOT:][classDefinition][name:X][attribute][name:a][attribute][name:a]
[ROOT:][classDefinition][name:X][attribute][name:a][inlineAssociation][inlineAssociationEnd][bound:*][arrow:->][associationEnd][bound:1][type:Y][roleName:a][classDefinition][name:Y]
[ROOT:][classDefinition][name:X][attribute][name:a][inlineAssociation][inlineAssociationEnd][bound:*][arrow:->][associationEnd][lowerBound:1][upperBound:10][type:Y][roleName:a][classDefinition][name:Y]
[ROOT:][classDefinition][name:X][attribute][name:a][inlineAssociation][inlineAssociationEnd][bound:*][arrow:->][associationEnd][bound:*][type:Y][roleName:a][classDefinition][name:Y]
[ROOT:][classDefinition][name:X][attribute][name:a][inlineAssociation][inlineAssociationEnd][lowerBound:1][upperBound:10][arrow:->][associationEnd][bound:1][type:Y][roleName:a][classDefinition][name:Y]
[ROOT:][classDefinition][name:X][attribute][name:a][inlineAssociation][inlineAssociationEnd][lowerBound:1][upperBound:10][arrow:->][associationEnd][bound:1][type:Y][roleName:a][classDefinition][name:Y]
[ROOT:][classDefinition][name:X][attribute][name:a][inlineAssociation][inlineAssociationEnd][lowerBound:1][upperBound:10][arrow:->][associationEnd][lowerBound:1][upperBound:10][type:Y][roleName:a][classDefinition][name:Y]
[ROOT:][classDefinition][name:X][attribute][name:a][inlineAssociation][inlineAssociationEnd][lowerBound:1][upperBound:10][arrow:->][associationEnd][lowerBound:1][upperBound:10][type:Y][roleName:a][classDefinition][name:Y]
[ROOT:][classDefinition][name:X][attribute][name:a][inlineAssociation][inlineAssociationEnd][lowerBound:1][upperBound:10][arrow:->][associationEnd][bound:*][type:Y][roleName:a][classDefinition][name:Y]
[ROOT:][classDefinition][name:X][attribute][name:a][inlineAssociation][inlineAssociationEnd][lowerBound:1][upperBound:10][arrow:->][associationEnd][bound:*][type:Y][roleName:a][classDefinition][name:Y]
[ROOT:][classDefinition][name:X][attribute][name:a][inlineAssociation][inlineAssociationEnd][bound:1][arrow:->][associationEnd][bound:1][type:Y][roleName:a][classDefinition][name:Y]
[ROOT:][classDefinition][name:X][attribute][name:a][inlineAssociation][inlineAssociationEnd][bound:1][arrow:->][associationEnd][bound:1][type:Y][roleName:a][classDefinition][name:Y]
[ROOT:][classDefinition][name:X][attribute][name:a][inlineAssociation][inlineAssociationEnd][bound:1][arrow:->][associationEnd][lowerBound:1][upperBound:10][type:Y][roleName:a][classDefinition][name:Y]
[ROOT:][classDefinition][name:X][attribute][name:a][inlineAssociation][inlineAssociationEnd][bound:1][arrow:->][associationEnd][lowerBound:1][upperBound:10][type:Y][roleName:a][classDefinition][name:Y]
[ROOT:][classDefinition][name:X][attribute][name:a][inlineAssociation][inlineAssociationEnd][bound:1][arrow:->][associationEnd][bound:*][type:Y][roleName:a][classDefinition][name:Y]
[ROOT:][classDefinition][name:X][attribute][name:a][inlineAssociation][inlineAssociationEnd][bound:1][arrow:->][associationEnd][bound:*][type:Y][roleName:a][classDefinition][name:Y]
[ROOT:][classDefinition][name:Student][inlineAssociation][inlineAssociationEnd][bound:1][arrow:--][associationEnd][bound:*][type:Mentor][elementPosition][x:1][y:2][width:3][height:4][associationPosition][name:Mentor__Student][coordinate][x:1][y:2][coordinate][x:3][y:4][classDefinition][name:Mentor][associationClassDefinition][name:Relationship][singleAssociationEnd][bound:*][type:Student][singleAssociationEnd][bound:*][type:Mentor][elementPosition][x:10][y:20][width:30][height:40]
[ROOT:][namespace:example][classDefinition][name:A][enumerationDefinition][name:Month][enumValue:x][enumValue:y][enumValue:z][enumerationDefinition][name:Month][enumValue:o][enumValue:p][enumValue:q]
[ROOT:][toplevelBeforeCode][className:Student][injectionOperation][operationName:setName][code:doSomething();][classDefinition][name:Student][attribute][name:name]
[ROOT:][interfaceDefinition][name:ISuper][interfaceDefinition][name:IOtherSuper][interfaceDefinition][name:IOther][interfaceMemberDeclaration][extendsName:ISuper][extendsName:IOtherSuper]
[ROOT:][classDefinition][name:StudentA][classDefinition][name:MentorA][immutable:immutable][associationDefinition][association][associationEnd][bound:1][type:StudentA][arrow:->][associationEnd][bound:1][type:MentorA]
[ROOT:][classDefinition][name:StudentB][immutable:immutable][classDefinition][name:MentorB][associationDefinition][association][associationEnd][bound:1][type:StudentB][arrow:<-][associationEnd][bound:1][type:MentorB]
[ROOT:][classDefinition][name:StudentC][immutable:immutable][classDefinition][name:MentorC][immutable:immutable][associationDefinition][association][associationEnd][bound:1][type:StudentC][arrow:->][associationEnd][bound:*][type:MentorC]
[ROOT:][classDefinition][name:StudentD][immutable:immutable][classDefinition][name:MentorD][immutable:immutable][associationDefinition][association][associationEnd][bound:*][type:StudentD][arrow:<-][associationEnd][bound:1][type:MentorD]
[ROOT:][classDefinition][name:X][attribute][name:a][inlineAssociation][inlineAssociationEnd][bound:*][arrow:--][associationEnd][bound:1][type:Y][roleName:a][classDefinition][name:Y]
[ROOT:][classDefinition][name:X][attribute][name:a][inlineAssociation][inlineAssociationEnd][bound:*][arrow:--][associationEnd][lowerBound:1][upperBound:10][type:Y][roleName:a][classDefinition][name:Y]
[ROOT:][classDefinition][name:X][attribute][name:a][inlineAssociation][inlineAssociationEnd][bound:*][arrow:--][associationEnd][bound:*][type:Y][roleName:a][classDefinition][name:Y]
[ROOT:][classDefinition][name:X][attribute][name:a][inlineAssociation][inlineAssociationEnd][lowerBound:1][upperBound:10][arrow:--][associationEnd][bound:1][type:Y][roleName:a][classDefinition][name:Y]
[ROOT:][classDefinition][name:X][attribute][name:a][inlineAssociation][inlineAssociationEnd][lowerBound:1][upperBound:10][arrow:--][associationEnd][lowerBound:1][upperBound:10][type:Y][roleName:a][classDefinition][name:Y]
[ROOT:][classDefinition][name:X][attribute][name:a][inlineAssociation][inlineAssociationEnd][lowerBound:1][upperBound:10][arrow:--][associationEnd][bound:*][type:Y][roleName:a][classDefinition][name:Y]
[ROOT:][classDefinition][name:X][attribute][name:a][inlineAssociation][inlineAssociationEnd][bound:1][arrow:--][associationEnd][bound:1][type:Y][roleName:a][classDefinition][name:Y]
[ROOT:][classDefinition][name:X][attribute][name:a][inlineAssociation][inlineAssociationEnd][bound:1][arrow:--][associationEnd][lowerBound:1][upperBound:10][type:Y][roleName:a][classDefinition][name:Y]
[ROOT:][classDefinition][name:X][attribute][name:a][inlineAssociation][inlineAssociationEnd][bound:1][arrow:--][associationEnd][bound:*][type:Y][roleName:a][classDefinition][name:Y]
[ROOT:][classDefinition][name:Foo][inlineComment:I am a inline comment above an association.][inlineAssociation][inlineAssociationEnd][bound:1][arrow:--][associationEnd][bound:*][type:Bar][classDefinition][name:Bar]
[ROOT:][interfaceDefinition][name:Student][interfaceMemberDeclaration][extendsName:Student]
[ROOT:][namespace:example][enumerationDefinition][name:Status][enumValue:married][enumValue:single][enumValue:divorced][classDefinition][name:C1][attribute][type][baseType:Status][name:status][classDefinition][name:C2][enumerationDefinition][name:Gender][enumValue:male][enumValue:female][attribute][type][baseType:Gender][name:gender][attribute][type][baseType:Status][name:status]
[ROOT:][classDefinition][name:Student][attribute][name:fisrtName][useStatement][use:021_nestedUse_B.ump][classDefinition][name:Student][attribute][name:lastName][useStatement][use:021_nestedUse_C.ump][classDefinition][name:Student][attribute][name:middleName]
[ROOT:][namespace:example][inlineComment:This is a simple comment][classDefinition][name:Student]
[ROOT:][classDefinition][name:Student][stateMachine][enum][name:status]
[ROOT:][classDefinition][name:X][attribute][type][baseType:Date][name:d]
[ROOT:][classDefinition][name:X][concreteMethodDeclaration][queued:queued][type:Integer][methodDeclarator][methodName:method][parameterList][code:][concreteMethodDeclaration][queued:queued][type:String][methodDeclarator][methodName:method2][parameterList][code:][concreteMethodDeclaration][queued:queued][type:int][methodDeclarator][methodName:method3][parameterList][code:]
[ROOT:][classDefinition][name:A][attribute][type][baseType:Integer][name:x][attribute][type][baseType:Integer][name:y][afterCode][injectionOperation][operationName:setX][injectionOperation][operationName:setY][code://this code will be injected][classDefinition][name:B][attribute][type][baseType:Integer][name:x][attribute][type][baseType:Integer][name:y][beforeCode][injectionOperation][operationName:setX][injectionOperation][operationName:setY][code://this code will be injected]
[ROOT:][classDefinition][name:StudentE][immutable:immutable][inlineAssociation][inlineAssociationEnd][bound:1][arrow:--][associationEnd][bound:1][type:MentorE][classDefinition][name:MentorE][immutable:immutable]
[ROOT:][classDefinition][name:StudentF][inlineAssociation][inlineAssociationEnd][bound:*][arrow:<-][associationEnd][bound:*][type:MentorF][classDefinition][name:MentorF][immutable:immutable]
[ROOT:][classDefinition][name:StudentG][immutable:immutable][inlineAssociation][inlineAssociationEnd][bound:*][arrow:->][associationEnd][bound:*][type:MentorG][classDefinition][name:MentorG]
[ROOT:][classDefinition][name:Student][immutable:immutable][classDefinition][name:Mentor][immutable:immutable][associationClassDefinition][name:StudentMentorAssociation][singleAssociationEnd][bound:*][type:Student][roleName:student][singleAssociationEnd][bound:*][type:Mentor][roleName:mentor]
[ROOT:][associationClassDefinition][name:VotesInPoll][classDefinition][name:Candidature]
[ROOT:][namespace:cruise.util][classDefinition][name:Student][namespace:cruise.core][classDefinition][name:Mentor]
[ROOT:][glossary][word][singular:entity][plural:entities]
[ROOT:][inlineComment:Should generate error 21 reflexive association should use self or 1+ role names.][classDefinition][name:X][inlineAssociation][inlineAssociationEnd][bound:*][arrow:--][associationEnd][bound:*][type:X]
[ROOT:][inlineComment:Should generate error 21 reflexive association should use self or 1+ role names.][classDefinition][name:X][associationDefinition][association][associationEnd][bound:*][type:X][arrow:--][associationEnd][bound:*][type:X]
[ROOT:][inlineComment:Should generate error 21 reflexive association should use self or 1+ role names.][classDefinition][name:X][inlineAssociation][inlineAssociationEnd][lowerBound:0][upperBound:1][arrow:--][associationEnd][lowerBound:0][upperBound:1][type:X]
[ROOT:][inlineComment:Should generate error 21 reflexive association should use self or 1+ role names.][classDefinition][name:X][associationDefinition][association][associationEnd][lowerBound:0][upperBound:1][type:X][arrow:--][associationEnd][lowerBound:0][upperBound:1][type:X]
[ROOT:][classDefinition][name:UninitializedConstObject][attribute][modifier:const][type][baseType:Object][name:A]
[ROOT:][classDefinition][name:A][inlineAssociation][inlineAssociationEnd][bound:1][arrow:--][associationEnd][bound:1][type:BbbB][key][keyId:BbbB][classDefinition][name:BbbB][attribute][type][baseType:Integer][name:id][key][keyId:id]
[ROOT:][classDefinition][name:X][attribute][name:abcd][externalDefinition][name:X][classDefinition][name:X][attribute][name:xyz]
[ROOT:][classDefinition][name:Student][attribute][name:name][afterCode][injectionOperation][operationName:getName][code:notReallyPossible();]
[ROOT:][inlineComment:][classDefinition][name:Foo][inlineComment:][classDefinition][name:Bar][inlineComment:][inlineComment:][inlineComment:][classDefinition][name:Foobar][inlineComment:][classDefinition][name:Student][inlineComment:][classDefinition][name:Mentor]
[ROOT:][generate][language:Php]
[ROOT:][classDefinition][name:Student][elementPosition][x:10][y:20][width:30][height:40]
[ROOT:][classDefinition][name:SuperClass][attribute][type][baseType:int][name:counter][classDefinition][name:MutableClass][extendsName:SuperClass][inlineAssociation][inlineAssociationEnd][bound:*][arrow:->][associationEnd][bound:*][type:OtherClass][classDefinition][name:OtherClass][classDefinition][name:SuperClass][immutable:immutable]
[ROOT:][multilineComment:][classDefinition][name:Student]
[ROOT:][classDefinition][name:Student][inlineComment:A name][attribute][name:name][inlineComment:the time][attribute][type][baseType:Time][name:t]
[ROOT:][classDefinition][name:Student][extendsName:IStudent][extendsName:IPerson][extendsName:IMan][interfaceDefinition][name:IStudent][interfaceDefinition][name:IPerson][interfaceDefinition][name:IMan]
[ROOT:][classDefinition][name:Student][classDefinition][name:Mentor][associationDefinition][association][modifier:immutable][associationEnd][bound:*][type:Student][arrow:->][associationEnd][lowerBound:6][upperBound:9][type:Mentor][roleName:myMentor]
[ROOT:][classDefinition][name:Student][classDefinition][name:Mentor][associationDefinition][association][modifier:immutable][associationEnd][lowerBound:6][upperBound:9][type:Mentor][roleName:myMentor][arrow:<-][associationEnd][bound:*][type:Student]
[ROOT:][classDefinition][name:Student][associationDefinition][association][modifier:immutable][associationEnd][bound:*][type:Student][roleName:them][arrow:<-][associationEnd][bound:*][type:Student][roleName:me]
[ROOT:][classDefinition][name:Student][inlineAssociation][modifier:immutable][inlineAssociationEnd][bound:*][arrow:->][associationEnd][bound:*][type:Mentor][roleName:aMentor][classDefinition][name:Mentor]
[ROOT:][classDefinition][name:Student][classDefinition][name:Mentor][inlineAssociation][modifier:immutable][inlineAssociationEnd][bound:*][roleName:aMentor][arrow:<-][associationEnd][bound:*][type:Student]
[ROOT:][classDefinition][name:Student][inlineAssociation][modifier:immutable][inlineAssociationEnd][bound:*][roleName:me][arrow:->][associationEnd][bound:*][type:Student][roleName:them]
[ROOT:][classDefinition][name:Student][inlineAssociation][modifier:immutable][inlineAssociationEnd][bound:*][roleName:me][arrow:<-][associationEnd][bound:*][type:Student][roleName:them]
[ROOT:][classDefinition][name:LightFixture][stateMachine][inlineStateMachine][name:bulb][state][stateName:On][||:||][state][stateName:Off]
[ROOT:][classDefinition][name:Student][classDefinition][name:CourseSection][associationClassDefinition][name:Registration][association][associationEnd][bound:*][type:Student][arrow:--][associationEnd][bound:*][type:CourseSection][attribute][type][baseType:String][name:grade]
[ROOT:][classDefinition][name:Student][attribute][unique:unique][name:number]
[ROOT:][generate_path][language:GvClassDiagram][output:blah/blah/blah][override:--override][suboptionIndicator:-s][suboption:hideattributes]
[ROOT:][interfaceDefinition][name:42SampleName]
[ROOT:][interfaceDefinition][name:_SampleName]
[ROOT:][interfaceDefinition][name:!SampleName]
[ROOT:][interfaceDefinition][name:&SampleName]
[ROOT:][interfaceDefinition][name:$SampleName]
[ROOT:][interfaceDefinition][name:#SampleName]
[ROOT:][classDefinition][name:X][concreteMethodDeclaration][type:void][methodDeclarator][methodName:test][parameterList][code:][classDefinition][name:X][concreteMethodDeclaration][type:void][methodDeclarator][methodName:test][parameterList][code:int x = 2;]
[ROOT:][toplevelAfterCode][className:Student*][injectionOperation][operationName:setName][injectionOperation][operationName:testFunction][code:doSomething();][classDefinition][name:Student1][attribute][name:name][classDefinition][name:Student2][attribute][name:name][classDefinition][name:Employer][attribute][name:age][concreteMethodDeclaration][type:String][methodDeclarator][methodName:testFunction][parameterList][code:return "This is a test function";]
[ROOT:][classDefinition][name:Student][inlineAssociation][inlineAssociationEnd][lowerBound:2][upperBound:3][arrow:--][associationEnd][lowerBound:0][upperBound:1][type:Mentor][roleName:aMentor][inlineAssociation][inlineAssociationEnd][bound:*][roleName:me][arrow:--][associationEnd][bound:*][type:Student][roleName:them][classDefinition][name:Mentor]
[ROOT:][classDefinition][name:A][classDefinition][name:C][toplevelException][toplevelExceptionMain][identifier:association][extraStuff:0..1 A <@>-<@> * C;]
[ROOT:][interfaceDefinition][name:ISomething][interfaceMemberDeclaration][constantDeclaration][type][baseType:String][name:aVariable][value:aValue]
[ROOT:][classDefinition][name:C][interfaceDefinition][name:Y][inlineComment:Testing Class-Interface Association with -> arrow][classDefinition][name:X][inlineAssociation][inlineAssociationEnd][bound:1][arrow:->][associationEnd][lowerBound:0][upperBound:1][type:Y][inlineComment:Testing Class-Interface Association with -> arrow][classDefinition][name:A][inlineAssociation][inlineAssociationEnd][bound:1][arrow:->][associationEnd][bound:*][type:Y][inlineComment:Testing Class-Interface Association with -> arrow][associationDefinition][association][associationEnd][bound:1][type:C][arrow:->][associationEnd][bound:*][type:Y]
[ROOT:][classDefinition][name:X][inlineAssociation][inlineAssociationEnd][bound:1][arrow:--][associationEnd][lowerBound:0][upperBound:1][type:Y][interfaceDefinition][name:Y]
[ROOT:][inlineComment:Test that this generates error 5][classDefinition][name:E][inlineAssociation][inlineAssociationEnd][bound:*][arrow:->][associationEnd][bound:*][type:BadTestInterface]
[ROOT:][classDefinition][name:Student][elementPosition][x:10][y:20][width:30][height:40][associationPosition][name:Mentor__Student][coordinate][x:1][y:2][coordinate][x:3][y:4]
[ROOT:][classDefinition][name:A][concreteMethodDeclaration][modifier:public][type:String][methodDeclarator][methodName:doSomething][parameterList][codeLang:Java][code:return "hello";][concreteMethodDeclaration][modifier:public][type:String][methodDeclarator][methodName:doAnother][parameterList][code:return "";]
[ROOT:][classDefinition][name:Position][attribute][type][baseType:Integer][name:perimeter][code:2*l + 2*w][attribute][type][baseType:Integer][name:w][attribute][type][baseType:Integer][name:l]
[ROOT:][toplevelAfterCode][className:*][injectionOperation][operationName:set*][code:doSomething();][classDefinition][name:Student1][attribute][name:name][classDefinition][name:Student2][attribute][name:name][extendsName:T][traitDefinition][name:T][concreteMethodDeclaration][type:void][methodDeclarator][methodName:setSomething][parameterList][code://code][classDefinition][name:Employer][attribute][name:age][concreteMethodDeclaration][type:String][methodDeclarator][methodName:testFunction][parameterList][code:return "This is a test function";]
[ROOT:][classDefinition][name:Student][attribute][name:id][attribute][name:name][key][keyId:id][keyId:name][classDefinition][name:Mentor][attribute][name:employeeId][key][keyId:employeeId][classDefinition][name:Course][attribute][name:code][defaultKey]
[ROOT:][namespace:example][inlineComment:This is a simple comment][inlineComment:Multiline comment test][classDefinition][name:Student]
[ROOT:][classDefinition][name:StudentA][inlineAssociation][inlineAssociationEnd][bound:1][arrow:->][associationEnd][bound:1][type:MentorA][classDefinition][name:MentorA][immutable:immutable]
[ROOT:][classDefinition][name:StudentB][immutable:immutable][inlineAssociation][inlineAssociationEnd][bound:1][arrow:<-][associationEnd][bound:1][type:MentorB][classDefinition][name:MentorB]
[ROOT:][classDefinition][name:StudentC][immutable:immutable][inlineAssociation][inlineAssociationEnd][bound:1][arrow:->][associationEnd][bound:*][type:MentorC][classDefinition][name:MentorC][immutable:immutable]
[ROOT:][classDefinition][name:StudentD][immutable:immutable][inlineAssociation][inlineAssociationEnd][bound:*][arrow:<-][associationEnd][bound:1][type:MentorD][classDefinition][name:MentorD][immutable:immutable]
[ROOT:][interfaceDefinition][name:ISomething][interfaceMemberDeclaration][abstractMethodDeclaration][type:String][methodDeclarator][methodName:getCode][parameterList][classDefinition][name:Something][attribute][type][baseType:implements][name:ISomething][concreteMethodDeclaration][type:String][methodDeclarator][methodName:getCode][parameterList][code:return 0;]
[...]
[ROOT:][classDefinition][name:Student][symmetricReflexiveAssociation][bound:*][roleName:peer][symmetricReflexiveAssociation][bound:*][roleName:roleModel]
[ROOT:][classDefinition][name:X][attribute][modifier:const][type][baseType:Integer][name:MAX][value:100][attribute][modifier:internal][type][baseType:Boolean][name:internalAttr][value:false][attribute][modifier:immutable][type][baseType:String][name:str][attribute][modifier:immutable][type][baseType:String][name:str1][value:"beep"][attribute][autounique:autounique][name:x][attribute][lazy:lazy][modifier:immutable][type][baseType:String][name:str2][attribute][lazy:lazy][type][baseType:Double][name:lDoub][attribute][type][baseType:Date][name:d][attribute][type][baseType:Integer][name:int1][value:10][attribute][modifier:defaulted][type][baseType:String][name:p][value:"robot"]
[ROOT:][namespace:example][inlineComment:This is a simple comment][classDefinition][name:Student][classDefinition][name:Mentor][inlineComment:This is a course file][classDefinition][name:Course]
[ROOT:][enumerationDefinition][name:Y][enumValue:Orange][enumValue:Yellow][classDefinition][name:X][attribute][type][baseType:X][name:t][enumerationDefinition][name:X][enumValue:Red][enumValue:Blue][enumValue:Green]
[ROOT:][classDefinition][name:X][enumerationDefinition][name:X][enumValue:Red][enumValue:Blue][enumValue:Green][attribute][type][baseType:X][name:t]
[ROOT:][classDefinition][name:X][enumerationDefinition][name:X][enumValue:Red][enumValue:Blue][enumValue:Green]
[ROOT:][traitDefinition][name:Y][attribute][name:name][enumerationDefinition][name:Y][enumValue:Red][enumValue:Blue][enumValue:Green]
[ROOT:][namespace:example][classDefinition][name:Student][attribute][name:one][attribute][name:two][attribute][name:three][code:one + ":" + two]
[ROOT:][classDefinition][name:TopHat][classDefinition][name:Question][attribute][type][baseType:boolean][name:status][classDefinition][name:HomeworkQuestion][extendsName:Question][attribute][type][baseType:Date][name:dueDate]
[ROOT:][classDefinition][name:Z][classDefinition][name:X][classDefinition][name:Y][classDefinition][name:X]
[ROOT:][classDefinition][name:X][classDefinition][name:Y][extendsName:Z][classDefinition][name:Z]
[ROOT:][classDefinition][name:Inherited2][attribute][type][baseType:Integer][name:id][extendsName:Loop][classDefinition][name:Inherited1][extendsName:Inherited2][attribute][type][baseType:Integer][name:id][classDefinition][name:Loop][extendsName:Inherited1][key][keyId:id]
[ROOT:][classDefinition][name:Foo][multilineComment:* I am a comment above a method.][concreteMethodDeclaration][type:void][methodDeclarator][methodName:testMethod][parameterList][code:System.out.println("Hello world!");]
[ROOT:][classDefinition][name:A][classDefinition][name:B][classDefinition][name:C][classDefinition][name:D][associationDefinition][name:comp1][association][associationEnd][bound:*][type:A][arrow:<@>-][associationEnd][bound:*][type:B][associationDefinition][name:comp2][association][associationEnd][bound:*][type:C][arrow:-<@>][associationEnd][bound:1][type:D]
[ROOT:][classDefinition][name:X][attribute][name:a][classDefinition][name:Y][attribute][name:a][associationDefinition][association][associationEnd][bound:1][type:X][roleName:a][arrow:<-][associationEnd][bound:1][type:Y]
[ROOT:][classDefinition][name:X][attribute][name:a][classDefinition][name:Y][attribute][name:a][associationDefinition][association][associationEnd][bound:1][type:X][roleName:a][arrow:<-][associationEnd][bound:1][type:Y]
[ROOT:][classDefinition][name:X][attribute][name:a][classDefinition][name:Y][associationDefinition][association][associationEnd][bound:1][type:X][arrow:--][associationEnd][bound:1][type:Y][roleName:a]
[ROOT:][classDefinition][name:X][attribute][name:a][classDefinition][name:Y][associationDefinition][association][associationEnd][lowerBound:1][upperBound:4][type:X][arrow:->][associationEnd][bound:1][type:Y][roleName:a]
[ROOT:][classDefinition][name:X][attribute][name:a][classDefinition][name:Y][associationDefinition][association][associationEnd][lowerBound:1][upperBound:4][type:X][arrow:->][associationEnd][bound:1][type:Y][roleName:a]
[ROOT:][classDefinition][name:X][attribute][modifier:defaulted][type][baseType:String][name:p][value:"robot"]
[ROOT:][classDefinition][name:X][attribute][ivar:ivar][type][baseType:Double][name:iDoub][attribute][type][baseType:Double][name:xDoub]
[ROOT:][classDefinition][name:Foo][multilineComment:* I am a multiline comment above an attribute.][attribute][name:name]
[ROOT:][classDefinition][name:Foo][inlineComment:I am a inline comment above an attribute.][attribute][name:bar]
[ROOT:][classDefinition][name:Student][immutable:immutable][inlineAssociation][modifier:immutable][inlineAssociationEnd][bound:1][arrow:->][associationEnd][bound:*][type:Mentor][roleName:aMentor][inlineAssociation][modifier:immutable][inlineAssociationEnd][bound:*][roleName:me][arrow:->][associationEnd][bound:*][type:Student][roleName:them][classDefinition][name:Mentor][immutable:immutable]
[ROOT:][classDefinition][name:X][classDefinition][name:Y][inlineAssociation][inlineAssociationEnd][bound:0][arrow:--][associationEnd][bound:8][type:X]
[ROOT:][namespace:cruise][namespace:cruise.umple][namespace:example]
[ROOT:][classDefinition][name:Student][attribute][type][baseType:Integer][name:a][classDefinition][name:Mentor][extendsName:Student][attribute][type][baseType:Integer][name:b][key][keyId:a][keyId:b]
[ROOT:][classDefinition][name:X][attribute][modifier:const][type][baseType:Integer][name:MAX][value:100][attribute][modifier:internal][type][baseType:Boolean][name:internalAttr][value:false][attribute][modifier:immutable][type][baseType:String][name:str][attribute][autounique:autounique][name:x][attribute][lazy:lazy][modifier:immutable][type][baseType:String][name:str2][attribute][lazy:lazy][type][baseType:Double][name:lDoub][attribute][type][baseType:Date][name:d][attribute][modifier:defaulted][type][baseType:String][name:p][value:"robot"]
[ROOT:][namespace:example][classDefinition][name:Mentor][attribute][name:name][inlineAssociation][inlineAssociationEnd][bound:*][arrow:->][associationEnd][bound:*][type:Student][classDefinition][name:Student][attribute][name:number]
[ROOT:][classDefinition][name:Student][extendsName:IStudent][interfaceDefinition][name:IStudent]
[ROOT:][inlineComment:Should be OK  no error 21][classDefinition][name:X][inlineAssociation][inlineAssociationEnd][bound:*][arrow:->][associationEnd][bound:*][type:X][roleName:right]
[ROOT:][inlineComment:Should be OK  no error 21][classDefinition][name:X][inlineAssociation][inlineAssociationEnd][lowerBound:0][upperBound:1][arrow:->][associationEnd][lowerBound:0][upperBound:1][type:X][roleName:right]
[ROOT:][inlineComment:Should be OK no error 21][classDefinition][name:X][associationDefinition][association][associationEnd][lowerBound:0][upperBound:1][type:X][arrow:->][associationEnd][lowerBound:0][upperBound:1][type:X][roleName:right]
[ROOT:][inlineComment:Should be OK  no error 21][classDefinition][name:X][inlineAssociation][inlineAssociationEnd][bound:*][arrow:--][associationEnd][bound:*][type:X][roleName:right]
[ROOT:][inlineComment:Should be OK  no error X - symmetric case][classDefinition][name:X][symmetricReflexiveAssociation][bound:*][roleName:right]
[ROOT:][inlineComment:Should be OK  no error 21][classDefinition][name:X][inlineAssociation][inlineAssociationEnd][lowerBound:0][upperBound:1][arrow:--][associationEnd][lowerBound:0][upperBound:1][type:X][roleName:right]
[ROOT:][inlineComment:Should be OK no error 21][classDefinition][name:X][associationDefinition][association][associationEnd][lowerBound:0][upperBound:1][type:X][arrow:--][associationEnd][lowerBound:0][upperBound:1][type:X][roleName:right]
[ROOT:][inlineComment:Should be OK  no error X - symmetric case][classDefinition][name:X][symmetricReflexiveAssociation][lowerBound:0][upperBound:1][roleName:right]
[ROOT:][generate_path][language:Php][output:1][generate_path][language:Java][output:2][generate_path][language:Ruby][output:3][override:--override][generate_path][language:Java][output:4][override:--override-all][generate_path][language:Java][output:5][override:--override-all][generate_path][language:Php][output:6][generate_path][language:Ruby][output:7][override:--override]
[ROOT:][classDefinition][name:Father][classDefinition][name:Mother][classDefinition][name:Child][extendsName:Father][extendsName:Mother]
[ROOT:][classDefinition][name:Test][inlineComment:Comment][attribute][name:test][inlineComment:OtherComment][attribute][name:test2][classDefinition][name:Test2][attribute][name:attr][classDefinition][name:X][inlineComment:Acomment][inlineAssociation][inlineAssociationEnd][bound:*][arrow:--][associationEnd][bound:1][type:Test][inlineComment:Aothercomment][inlineAssociation][inlineAssociationEnd][bound:*][arrow:--][associationEnd][bound:1][type:Test2][multilineComment:associationClass Y
{
  // FirstComment
  * Test; // SecondComment
  * Test2;
}]
[ROOT:][classDefinition][name:A][classDefinition][name:B][classDefinition][name:C][classDefinition][name:D][associationDefinition][association][associationEnd][lowerBound:0][upperBound:1][type:A][arrow:<@>-][associationEnd][bound:*][type:C][associationDefinition][association][associationEnd][lowerBound:0][upperBound:1][type:B][arrow:-<@>][associationEnd][bound:4][type:D]
[ROOT:][classDefinition][name:A][classDefinition][name:B][inlineAssociation][inlineAssociationEnd][lowerBound:0][upperBound:1][arrow:-<@>][associationEnd][bound:*][type:C][classDefinition][name:C][classDefinition][name:D][inlineAssociation][inlineAssociationEnd][bound:*][arrow:<@>-][associationEnd][bound:*][type:A]
[ROOT:][classDefinition][name:Token][attribute][name:number][attribute][type][baseType:Position][name:startPosition][classDefinition][name:Position][attribute][type][baseType:Integer][name:lineNumber][attribute][type][baseType:Integer][name:offset]
[ROOT:][classDefinition][name:X][inlineAssociation][inlineAssociationEnd][bound:1][arrow:<-][associationEnd][bound:*][type:Y][classDefinition][name:Y][attribute][name:x]
[ROOT:][classDefinition][name:X][inlineAssociation][inlineAssociationEnd][lowerBound:1][upperBound:10][arrow:<-][associationEnd][bound:*][type:Y][classDefinition][name:Y][attribute][name:xs]
[ROOT:][classDefinition][name:X][inlineAssociation][inlineAssociationEnd][bound:*][arrow:<-][associationEnd][bound:*][type:Y][classDefinition][name:Y][attribute][name:xs]
[ROOT:][classDefinition][name:X][inlineAssociation][inlineAssociationEnd][bound:1][arrow:<-][associationEnd][lowerBound:1][upperBound:10][type:Y][classDefinition][name:Y][attribute][name:x]
[ROOT:][classDefinition][name:X][inlineAssociation][inlineAssociationEnd][bound:1][arrow:<-][associationEnd][lowerBound:1][upperBound:10][type:Y][classDefinition][name:Y][attribute][name:x]
[ROOT:][classDefinition][name:X][inlineAssociation][inlineAssociationEnd][lowerBound:1][upperBound:10][arrow:<-][associationEnd][lowerBound:1][upperBound:10][type:Y][classDefinition][name:Y][attribute][name:xs]
[ROOT:][classDefinition][name:X][inlineAssociation][inlineAssociationEnd][lowerBound:1][upperBound:10][arrow:<-][associationEnd][lowerBound:1][upperBound:10][type:Y][classDefinition][name:Y][attribute][name:xs]
[ROOT:][classDefinition][name:X][inlineAssociation][inlineAssociationEnd][bound:*][arrow:<-][associationEnd][lowerBound:1][upperBound:10][type:Y][classDefinition][name:Y][attribute][name:xs]
[ROOT:][classDefinition][name:X][inlineAssociation][inlineAssociationEnd][bound:*][arrow:<-][associationEnd][lowerBound:1][upperBound:10][type:Y][classDefinition][name:Y][attribute][name:xs]
[ROOT:][classDefinition][name:X][inlineAssociation][inlineAssociationEnd][bound:1][arrow:<-][associationEnd][bound:1][type:Y][classDefinition][name:Y][attribute][name:x]
[ROOT:][classDefinition][name:X][inlineAssociation][inlineAssociationEnd][bound:1][arrow:<-][associationEnd][bound:1][type:Y][classDefinition][name:Y][attribute][name:x]
[ROOT:][classDefinition][name:X][inlineAssociation][inlineAssociationEnd][lowerBound:1][upperBound:10][arrow:<-][associationEnd][bound:1][type:Y][classDefinition][name:Y][attribute][name:xs]
[ROOT:][classDefinition][name:X][inlineAssociation][inlineAssociationEnd][lowerBound:1][upperBound:10][arrow:<-][associationEnd][bound:1][type:Y][classDefinition][name:Y][attribute][name:xs]
[ROOT:][classDefinition][name:X][inlineAssociation][inlineAssociationEnd][bound:*][arrow:<-][associationEnd][bound:1][type:Y][classDefinition][name:Y][attribute][name:xs]
[ROOT:][classDefinition][name:X][inlineAssociation][inlineAssociationEnd][bound:*][arrow:<-][associationEnd][bound:1][type:Y][classDefinition][name:Y][attribute][name:xs]
[ROOT:][interfaceDefinition][name:ISomething][interfaceMemberDeclaration][abstractMethodDeclaration][type:String[]][methodDeclarator][methodName:getMethod][parameterList][parameter][type][baseType:String][list:[]][name:aname][parameter][type][baseType:Integer][name:anotherType]
[ROOT:][inlineComment:This is a simple comment][namespace:example][classDefinition][name:Student]
[ROOT:][classDefinition][name:A][classDefinition][name:B][classDefinition][name:C][extendsName:A][classDefinition][name:C][extendsName:B]
[ROOT:][classDefinition][name:A][classDefinition][name:C][extendsName:A][classDefinition][name:C][extendsName:A]
[ROOT:][classDefinition][name:Student][exception][misnamedAttribute][name:$s]
[ROOT:][classDefinition][name:Student][exception][misnamedAttribute][name:1s]
[ROOT:][classDefinition][name:Student][attribute][name:_Prof]
[ROOT:][interfaceDefinition][name:UninitializedConstObject][interfaceMemberDeclaration][constantDeclaration][type][baseType:Object][name:A]
[ROOT:][multilineComment:][classDefinition][name:Foo][multilineComment:][classDefinition][name:Bar][multilineComment:*][classDefinition][name:Foobar][multilineComment:* 
 * 
 *][classDefinition][name:Student][multilineComment:*                                        
 *    
       
 *   
 *  
 *][classDefinition][name:Mentor][multilineComment:][classDefinition][name:Teacher]
[ROOT:][classDefinition][name:X][attribute][autounique:autounique][name:x][attribute][type][baseType:String][name:str][attribute][type][baseType:Integer][name:test]
[ROOT:][interfaceDefinition][name:Student][interfaceMemberDeclaration][extendsName:Proffesor][interfaceDefinition][name:Proffesor][interfaceMemberDeclaration][extendsName:Student]
[ROOT:][classDefinition][name:Student][inlineAssociation][inlineAssociationEnd][bound:1][arrow:--][associationEnd][bound:*][type:Mentor][elementPosition][x:10][y:20][width:30][height:40][associationPosition][name:Mentor__Student][coordinate][x:1][y:2][coordinate][x:3][y:4][classDefinition][name:Mentor]
[ROOT:][classDefinition][name:Foo][inlineComment:Inline comment above attribute.][attribute][name:testAttribute1][inlineComment:Multiple inline comments][inlineComment:above attribute.][attribute][name:testAttribute2][multilineComment:Multiline comment above attribute.][attribute][name:testAttribute3][multilineComment:* Multiple multiline comments
	 * above attribute.][attribute][name:testAttribute4]
[ROOT:][classDefinition][name:Student][extendsName:Person][extendsName:Worker][classDefinition][name:Person][interfaceDefinition][name:Worker]
[ROOT:][classDefinition][name:Group][constantDeclaration][internal:internal][type][baseType:String][name:Name][value:" "]
[ROOT:][classDefinition][name:Student][attribute][name:name][toplevelBeforeCode][className:Student][injectionOperation][operationName:setName][code:doSomething();]
[ROOT:][classDefinition][name:Student][attribute][name:name][afterCode][injectionOperation][operationName:setName][code://afterCodeInjection();][toplevelBeforeCode][className:Student][injectionOperation][operationName:setName][code:doSomething();]
[ROOT:][classDefinition][name:A][attribute][name:aName][classDefinition][name:B][attribute][name:bName][associationDefinition][association][associationEnd][bound:1][type:A][arrow:--][associationEnd][bound:*][type:B][inlineComment:comment....]
[ROOT:][classDefinition][name:Student][elementPosition][x:10][y:20][width:30][height:40]
[ROOT:][classDefinition][name:Student][attribute][name:id][attribute][name:name][attribute][name:age][key][keyId:id][keyId:name][key][keyId:age]
[ROOT:][toplevelException][toplevelExceptionMain][identifier:generate][name:Blah]
[ROOT:][classDefinition][name:Student1a][attribute][modifier:immutable][type][baseType:String][name:name][attribute][name:canSetName][classDefinition][name:Student2][attribute][autounique:autounique][name:id][attribute][name:nextId][classDefinition][name:Student1b][attribute][modifier:immutable][type][baseType:String][name:name][attribute][name:can_set_name]
[ROOT:][classDefinition][name:X][attribute][modifier:const][type][baseType:Integer][name:MAX][value:100][attribute][modifier:internal][type][baseType:Boolean][name:internalAttr][value:false][attribute][modifier:immutable][type][baseType:String][name:str][attribute][autounique:autounique][name:x][attribute][lazy:lazy][modifier:immutable][type][baseType:String][name:str2][attribute][lazy:lazy][type][baseType:Double][name:lDoub][attribute][type][baseType:Date][name:d][attribute][modifier:defaulted][type][baseType:String][name:p][value:"robot"]
[ROOT:][classDefinition][name:X][attribute][modifier:const][type][baseType:Integer][name:MAX][value:100][attribute][modifier:internal][type][baseType:Boolean][name:internalAttr][value:false][attribute][modifier:immutable][type][baseType:String][name:str][attribute][modifier:immutable][type][baseType:String][name:str1][value:"beep"][attribute][autounique:autounique][name:x][attribute][lazy:lazy][modifier:immutable][type][baseType:String][name:str2][attribute][lazy:lazy][type][baseType:Double][name:lDoub][attribute][type][baseType:Date][name:d][attribute][type][baseType:Integer][name:int1][value:10][attribute][modifier:defaulted][type][baseType:String][name:p][value:"robot"]
[ROOT:][classDefinition][name:Foome][concreteMethodDeclaration][modifier:protected][abstract:abstract][type:void][methodDeclarator][methodName:barme][parameterList]
[ROOT:][classDefinition][name:Student][classDefinition][name:Mentor][associationDefinition][association][associationEnd][lowerBound:4][upperBound:5][type:Student][arrow:--][associationEnd][lowerBound:6][upperBound:9][type:Mentor][roleName:myMentor][association][associationEnd][bound:*][type:Student][roleName:me][arrow:--][associationEnd][bound:*][type:Student][roleName:them]
[ROOT:][classDefinition][name:Student][extendsName:Person][classDefinition][name:Student][classDefinition][name:Person]
[ROOT:][interfaceDefinition][name:Y][interfaceMemberDeclaration][exception][misnamedAttribute][name:name][classDefinition][name:X][extendsName:Y][enumerationDefinition][name:Y][enumValue:Red][enumValue:Blue][enumValue:Green]
[ROOT:][generate_path][language:Ruby][output:blah/blah/blah][generate_path][language:Java][output:blue/blue/blue][override:--override][generate_path][language:Php][output:path/to/php]
[ROOT:][classDefinition][name:Student][classDefinition][name:Mentor][associationDefinition][name:Counsellor][association][associationEnd][lowerBound:4][upperBound:5][type:Student][arrow:--][associationEnd][lowerBound:6][upperBound:9][type:Mentor]
[ROOT:][classDefinition][name:Student][stateMachine][enum][name:status][stateName:FullTime][stateName:PartTime][stateName:MidTime][stateMachine][enum][name:grade][stateName:High]
[ROOT:][classDefinition][name:Student][extraCode:blahblah][classDefinition][name:Student][extraCode:moreblah]
[ROOT:][interfaceDefinition][name:IMe][depend:java.util.*]
[ROOT:][classDefinition][name:Student][inlineAssociation][inlineAssociationEnd][lowerBound:0][upperBound:1][arrow:->][associationEnd][lowerBound:0][upperBound:1][type:Mentor][classDefinition][name:Mentor]
[ROOT:][classDefinition][name:Student2][attribute][modifier:const][name:Person2]
]]></system-out>
  <system-err><![CDATA[]]></system-err>
</testsuite>
