<?xml version="1.0" encoding="UTF-8" ?>
<testsuite errors="0" failures="0" hostname="Abdulazizs-MacBook-Pro.local" name="cruise.umple.statemachine.implementation.php.PhpStateMachineTemplateTest" skipped="55" tests="134" time="0.58" timestamp="2021-10-26T14:28:19">
  <properties>
[...]
</properties>
  <testcase classname="cruise.umple.statemachine.implementation.php.PhpStateMachineTemplateTest" name="testRegionFinalStates_1" time="0.0">
    <skipped message="Ignoring due to issue 140 fix, will update PHP generation in the future" />
  </testcase>
  <testcase classname="cruise.umple.statemachine.implementation.php.PhpStateMachineTemplateTest" name="testRegionFinalStates_2" time="0.0">
    <skipped message="Ignoring due to issue 140 fix, will update PHP generation in the future" />
  </testcase>
  <testcase classname="cruise.umple.statemachine.implementation.php.PhpStateMachineTemplateTest" name="testRegionFinalStates_3" time="0.0">
    <skipped message="Ignoring due to issue 140 fix, will update PHP generation in the future" />
  </testcase>
  <testcase classname="cruise.umple.statemachine.implementation.php.PhpStateMachineTemplateTest" name="testRegionFinalStates_4" time="0.0">
    <skipped message="Ignoring due to issue 140 fix, will update PHP generation in the future" />
  </testcase>
  <testcase classname="cruise.umple.statemachine.implementation.php.PhpStateMachineTemplateTest" name="testRegionFinalStates_5" time="0.0">
    <skipped message="Ignoring due to issue 140 fix, will update PHP generation in the future" />
  </testcase>
  <testcase classname="cruise.umple.statemachine.implementation.php.PhpStateMachineTemplateTest" name="testRegionFinalStates_6" time="0.0">
    <skipped message="Ignoring due to issue 140 fix, will update PHP generation in the future" />
  </testcase>
  <testcase classname="cruise.umple.statemachine.implementation.php.PhpStateMachineTemplateTest" name="checkExternalTransitions_noNestedStateMachines" time="0.0">
    <skipped message="Ignoring due to issue 935 fix, will update PHP generation in the future" />
  </testcase>
  <testcase classname="cruise.umple.statemachine.implementation.php.PhpStateMachineTemplateTest" name="parallelSm_diffNamesDiffStates_2" time="0.0">
    <skipped message="Ignoring due to issue 935 fix, will update PHP generation in the future" />
  </testcase>
  <testcase classname="cruise.umple.statemachine.implementation.php.PhpStateMachineTemplateTest" name="testFinalKeyword" time="0.0">
    <skipped message="Ignoring due to issue 140 fix, will update PHP generation in the future" />
  </testcase>
  <testcase classname="cruise.umple.statemachine.implementation.php.PhpStateMachineTemplateTest" name="queuedWithConcurrensStatesCourseAttempt" time="0.0">
    <skipped message="Ignoring due to issue 935 fix, will update PHP generation in the future" />
  </testcase>
  <testcase classname="cruise.umple.statemachine.implementation.php.PhpStateMachineTemplateTest" name="testFinalKeyword_2" time="0.0">
    <skipped message="Ignoring due to issue 140 fix, will update PHP generation in the future" />
  </testcase>
  <testcase classname="cruise.umple.statemachine.implementation.php.PhpStateMachineTemplateTest" name="finalState" time="0.0">
    <skipped message="Ignoring due to issue 140 fix, will update PHP generation in the future" />
  </testcase>
  <testcase classname="cruise.umple.statemachine.implementation.php.PhpStateMachineTemplateTest" name="queuedWithNestingStatesATM" time="0.0">
    <skipped message="Ignoring due to issue 935 fix, will update PHP generation in the future" />
  </testcase>
  <testcase classname="cruise.umple.statemachine.implementation.php.PhpStateMachineTemplateTest" name="refactorFinalState_invalidElementsInNestedFinalState" time="0.0">
    <skipped message="Ignoring due to issue 935 fix, will update PHP generation in the future" />
  </testcase>
  <testcase classname="cruise.umple.statemachine.implementation.php.PhpStateMachineTemplateTest" name="nestedStateMachineExtendedByClass" time="0.0">
    <skipped message="Ignoring due to issue 935 fix, will update PHP generation in the future" />
  </testcase>
  <testcase classname="cruise.umple.statemachine.implementation.php.PhpStateMachineTemplateTest" name="multiplePooledStateMachine_EventlessStateMachine" time="0.0">
    <skipped message="Ignoring due to issue 935 fix, will update PHP generation in the future" />
  </testcase>
  <testcase classname="cruise.umple.statemachine.implementation.php.PhpStateMachineTemplateTest" name="queuedSMwithConcurrentStatesTest" time="0.0">
    <skipped message="Ignoring due to issue 935 fix, will update PHP generation in the future" />
  </testcase>
  <testcase classname="cruise.umple.statemachine.implementation.php.PhpStateMachineTemplateTest" name="parallelSm_diffNamesDiffStatesEntryExitActions" time="0.0">
    <skipped message="Ignoring due to issue 935 fix, will update PHP generation in the future" />
  </testcase>
  <testcase classname="cruise.umple.statemachine.implementation.php.PhpStateMachineTemplateTest" name="multipleQSM_EventlessStateMachine" time="0.0">
    <skipped message="Ignoring due to issue 935 fix, will update PHP generation in the future" />
  </testcase>
  <testcase classname="cruise.umple.statemachine.implementation.php.PhpStateMachineTemplateTest" name="queuedWithConcurrentStateMachines" time="0.0">
    <skipped message="Ignoring due to issue 935 fix, will update PHP generation in the future" />
  </testcase>
  <testcase classname="cruise.umple.statemachine.implementation.php.PhpStateMachineTemplateTest" name="testPooledwithNestedStates" time="0.0">
    <skipped message="Ignoring due to issue 935 fix, will update PHP generation in the future" />
  </testcase>
  <testcase classname="cruise.umple.statemachine.implementation.php.PhpStateMachineTemplateTest" name="concurrentStates" time="0.0">
    <skipped message="Ignoring due to issue 935 fix, will update PHP generation in the future" />
  </testcase>
  <testcase classname="cruise.umple.statemachine.implementation.php.PhpStateMachineTemplateTest" name="queuedSM_UnspecifiedReception" time="0.0">
    <skipped message="Ignoring due to issue 935 fix, will update PHP generation in the future" />
  </testcase>
  <testcase classname="cruise.umple.statemachine.implementation.php.PhpStateMachineTemplateTest" name="doActivityNestedStateMachine" time="0.0">
    <skipped message="Ignoring due to issue 935 fix, will update PHP generation in the future" />
  </testcase>
  <testcase classname="cruise.umple.statemachine.implementation.php.PhpStateMachineTemplateTest" name="multiplePooledStateMachine_nestedStates" time="0.0">
    <skipped message="Ignoring due to issue 935 fix, will update PHP generation in the future" />
  </testcase>
  <testcase classname="cruise.umple.statemachine.implementation.php.PhpStateMachineTemplateTest" name="queuedWithNestingStateMachines" time="0.0">
    <skipped message="Ignoring due to issue 935 fix, will update PHP generation in the future" />
  </testcase>
  <testcase classname="cruise.umple.statemachine.implementation.php.PhpStateMachineTemplateTest" name="checkExternalTransitions_withExitActions_1" time="0.0">
    <skipped message="Ignoring due to issue 935 fix, will update PHP generation in the future" />
  </testcase>
  <testcase classname="cruise.umple.statemachine.implementation.php.PhpStateMachineTemplateTest" name="checkExternalTransitions_withExitActions_2" time="0.0">
    <skipped message="Ignoring due to issue 935 fix, will update PHP generation in the future" />
  </testcase>
  <testcase classname="cruise.umple.statemachine.implementation.php.PhpStateMachineTemplateTest" name="parallelSm_sameNameDiffStates_2" time="0.0">
    <skipped message="Ignoring due to issue 935 fix, will update PHP generation in the future" />
  </testcase>
  <testcase classname="cruise.umple.statemachine.implementation.php.PhpStateMachineTemplateTest" name="checkExternalTransitions_concurrentStateMachines_2" time="0.001">
    <skipped message="Ignoring due to issue 935 fix, will update PHP generation in the future" />
  </testcase>
  <testcase classname="cruise.umple.statemachine.implementation.php.PhpStateMachineTemplateTest" name="entryExitActionNoTransitions" time="0.0">
    <skipped message="Ignoring due to issue 1019 fix, will update PHP generation in the future" />
  </testcase>
  <testcase classname="cruise.umple.statemachine.implementation.php.PhpStateMachineTemplateTest" name="noDefaultEntryMethodGenerated" time="0.0">
    <skipped message="Ignoring due to issue 1019 fix, will update PHP generation in the future" />
  </testcase>
  <testcase classname="cruise.umple.statemachine.implementation.php.PhpStateMachineTemplateTest" name="nestedStateMachineExtendedByMultipleClasses" time="0.0">
    <skipped message="Ignoring due to issue 935 fix, will update PHP generation in the future" />
  </testcase>
  <testcase classname="cruise.umple.statemachine.implementation.php.PhpStateMachineTemplateTest" name="nestedStates_Two_TimedTransition" time="0.0">
    <skipped message="Ignoring due to issue 935 fix, will update PHP generation in the future" />
  </testcase>
  <testcase classname="cruise.umple.statemachine.implementation.php.PhpStateMachineTemplateTest" name="parallelSm_sameNameDiffStates" time="0.0">
    <skipped message="Ignoring due to issue 935 fix, will update PHP generation in the future" />
  </testcase>
  <testcase classname="cruise.umple.statemachine.implementation.php.PhpStateMachineTemplateTest" name="noDefaultEntryMethodGenerated_2" time="0.0">
    <skipped message="Ignoring due to issue 1019 fix, will update PHP generation in the future" />
  </testcase>
  <testcase classname="cruise.umple.statemachine.implementation.php.PhpStateMachineTemplateTest" name="multipleQSMe_nestedStates" time="0.0">
    <skipped message="Ignoring due to issue 935 fix, will update PHP generation in the future" />
  </testcase>
  <testcase classname="cruise.umple.statemachine.implementation.php.PhpStateMachineTemplateTest" name="multipleQSM" time="0.0">
    <skipped message="Ignoring due to issue 935 fix, will update PHP generation in the future" />
  </testcase>
  <testcase classname="cruise.umple.statemachine.implementation.php.PhpStateMachineTemplateTest" name="nestedStates_exitInnerBeforeOutter" time="0.0">
    <skipped message="Ignoring due to issue 935 fix, will update PHP generation in the future" />
  </testcase>
  <testcase classname="cruise.umple.statemachine.implementation.php.PhpStateMachineTemplateTest" name="eventlessStateMachine_before_PooledStateMachine" time="0.0">
    <skipped message="Ignoring due to issue 935 fix, will update PHP generation in the future" />
  </testcase>
  <testcase classname="cruise.umple.statemachine.implementation.php.PhpStateMachineTemplateTest" name="nestedStates_timedTransition" time="0.0">
    <skipped message="Ignoring due to issue 935 fix, will update PHP generation in the future" />
  </testcase>
  <testcase classname="cruise.umple.statemachine.implementation.php.PhpStateMachineTemplateTest" name="eventlessStateMachine_before_QueuedStateMachine" time="0.0">
    <skipped message="Ignoring due to issue 935 fix, will update PHP generation in the future" />
  </testcase>
  <testcase classname="cruise.umple.statemachine.implementation.php.PhpStateMachineTemplateTest" name="nestedStates_UnspecifiedReception" time="0.0">
    <skipped message="Ignoring due to issue 935 fix, will update PHP generation in the future" />
  </testcase>
  <testcase classname="cruise.umple.statemachine.implementation.php.PhpStateMachineTemplateTest" name="nestedStates" time="0.0">
    <skipped message="Ignoring due to issue 935 fix, will update PHP generation in the future" />
  </testcase>
  <testcase classname="cruise.umple.statemachine.implementation.php.PhpStateMachineTemplateTest" name="parallelSm_sameNameDiffStatesEntryExitActions" time="0.0">
    <skipped message="Ignoring due to issue 935 fix, will update PHP generation in the future" />
  </testcase>
  <testcase classname="cruise.umple.statemachine.implementation.php.PhpStateMachineTemplateTest" name="pooledStateMachineWithConcurrentStates_autoTransition" time="0.0">
    <skipped message="Ignoring due to issue 935 fix, will update PHP generation in the future" />
  </testcase>
  <testcase classname="cruise.umple.statemachine.implementation.php.PhpStateMachineTemplateTest" name="parallelSm_diffNamesDiffStates" time="0.0">
    <skipped message="Ignoring due to issue 935 fix, will update PHP generation in the future" />
  </testcase>
  <testcase classname="cruise.umple.statemachine.implementation.php.PhpStateMachineTemplateTest" name="activeObject" time="0.0">
    <skipped message="Ignoring due to issue 935 fix, will update PHP generation in the future" />
  </testcase>
  <testcase classname="cruise.umple.statemachine.implementation.php.PhpStateMachineTemplateTest" name="checkExternalTransitions_concurrentStateMachines" time="0.0">
    <skipped message="Ignoring due to issue 935 fix, will update PHP generation in the future" />
  </testcase>
  <testcase classname="cruise.umple.statemachine.implementation.php.PhpStateMachineTemplateTest" name="testPooledwithNestedStates_2" time="0.0">
    <skipped message="Ignoring due to issue 935 fix, will update PHP generation in the future" />
  </testcase>
  <testcase classname="cruise.umple.statemachine.implementation.php.PhpStateMachineTemplateTest" name="testPooledwithNestedStates_3" time="0.0">
    <skipped message="Ignoring due to issue 935 fix, will update PHP generation in the future" />
  </testcase>
  <testcase classname="cruise.umple.statemachine.implementation.php.PhpStateMachineTemplateTest" name="testPooledwithNestedStates_4" time="0.0">
    <skipped message="Ignoring due to issue 935 fix, will update PHP generation in the future" />
  </testcase>
  <testcase classname="cruise.umple.statemachine.implementation.php.PhpStateMachineTemplateTest" name="nestedStatesOfQSMwithSameEventNames" time="0.0">
    <skipped message="Ignoring due to issue 935 fix, will update PHP generation in the future" />
  </testcase>
  <testcase classname="cruise.umple.statemachine.implementation.php.PhpStateMachineTemplateTest" name="checkExternalTransitions_noExitActions_1" time="0.0">
    <skipped message="Ignoring due to issue 935 fix, will update PHP generation in the future" />
  </testcase>
  <testcase classname="cruise.umple.statemachine.implementation.php.PhpStateMachineTemplateTest" name="queuedSMwithConcurrentStatesTest_2" time="0.0">
    <skipped message="Ignoring due to issue 935 fix, will update PHP generation in the future" />
  </testcase>
  <testcase classname="cruise.umple.statemachine.implementation.php.PhpStateMachineTemplateTest" name="queuedStateMachine_withParameters_1" time="0.017" />
  <testcase classname="cruise.umple.statemachine.implementation.php.PhpStateMachineTemplateTest" name="refactorFinalState_hasAllInvalidElements" time="0.006" />
  <testcase classname="cruise.umple.statemachine.implementation.php.PhpStateMachineTemplateTest" name="pooledStateMachine_timedEvents" time="0.005" />
  <testcase classname="cruise.umple.statemachine.implementation.php.PhpStateMachineTemplateTest" name="stateMachineWithNegativeNumberGuard2" time="0.006" />
  <testcase classname="cruise.umple.statemachine.implementation.php.PhpStateMachineTemplateTest" name="transitionAction" time="0.006" />
  <testcase classname="cruise.umple.statemachine.implementation.php.PhpStateMachineTemplateTest" name="stateNameSpacingForEventTransitionNewState" time="0.005" />
  <testcase classname="cruise.umple.statemachine.implementation.php.PhpStateMachineTemplateTest" name="stateMachine_UnspecifiedReception" time="0.004" />
  <testcase classname="cruise.umple.statemachine.implementation.php.PhpStateMachineTemplateTest" name="entryExitActionDuplicates" time="0.008" />
  <testcase classname="cruise.umple.statemachine.implementation.php.PhpStateMachineTemplateTest" name="testTwoParameterGuard_1" time="0.009" />
  <testcase classname="cruise.umple.statemachine.implementation.php.PhpStateMachineTemplateTest" name="eventWithArguments" time="0.007" />
  <testcase classname="cruise.umple.statemachine.implementation.php.PhpStateMachineTemplateTest" name="entryAction" time="0.004" />
  <testcase classname="cruise.umple.statemachine.implementation.php.PhpStateMachineTemplateTest" name="refactorFinalState_onlyEntryAction" time="0.006" />
  <testcase classname="cruise.umple.statemachine.implementation.php.PhpStateMachineTemplateTest" name="duplicateTimeoutVariableAndMethod" time="0.008" />
  <testcase classname="cruise.umple.statemachine.implementation.php.PhpStateMachineTemplateTest" name="multipleGuardsSameEventWithDefaultNoGuard" time="0.006" />
  <testcase classname="cruise.umple.statemachine.implementation.php.PhpStateMachineTemplateTest" name="refactorFinalState_empty" time="0.004" />
  <testcase classname="cruise.umple.statemachine.implementation.php.PhpStateMachineTemplateTest" name="stateNameSpacingForTwoStates" time="0.004" />
  <testcase classname="cruise.umple.statemachine.implementation.php.PhpStateMachineTemplateTest" name="multiplePooledStateMachines_sameEvents" time="0.005" />
  <testcase classname="cruise.umple.statemachine.implementation.php.PhpStateMachineTemplateTest" name="EmptyAndNonEmptyStates" time="0.004" />
  <testcase classname="cruise.umple.statemachine.implementation.php.PhpStateMachineTemplateTest" name="pooledStateMachine_timedEvents_and_autoTansitions" time="0.004" />
  <testcase classname="cruise.umple.statemachine.implementation.php.PhpStateMachineTemplateTest" name="stateMachine_unSpecifiedReception_QSM" time="0.005" />
  <testcase classname="cruise.umple.statemachine.implementation.php.PhpStateMachineTemplateTest" name="CapitalStateMachineAttribute" time="0.002" />
  <testcase classname="cruise.umple.statemachine.implementation.php.PhpStateMachineTemplateTest" name="stateMachineWithStringComparisonGuard" time="0.006" />
  <testcase classname="cruise.umple.statemachine.implementation.php.PhpStateMachineTemplateTest" name="doActivity_Multiple" time="0.005" />
  <testcase classname="cruise.umple.statemachine.implementation.php.PhpStateMachineTemplateTest" name="queuedStateMachine_implements" time="0.007" />
  <testcase classname="cruise.umple.statemachine.implementation.php.PhpStateMachineTemplateTest" name="guardNegSymbolSpacing" time="0.004" />
  <testcase classname="cruise.umple.statemachine.implementation.php.PhpStateMachineTemplateTest" name="stateNameSpacingForEventTransitionSameState" time="0.003" />
  <testcase classname="cruise.umple.statemachine.implementation.php.PhpStateMachineTemplateTest" name="exitAction" time="0.002" />
  <testcase classname="cruise.umple.statemachine.implementation.php.PhpStateMachineTemplateTest" name="eventWithArguments_1" time="0.005" />
  <testcase classname="cruise.umple.statemachine.implementation.php.PhpStateMachineTemplateTest" name="eventWithArguments_2" time="0.003" />
  <testcase classname="cruise.umple.statemachine.implementation.php.PhpStateMachineTemplateTest" name="stateNameSpacingForNoStates" time="0.003" />
  <testcase classname="cruise.umple.statemachine.implementation.php.PhpStateMachineTemplateTest" name="queuedStateMachine_2" time="0.008" />
  <testcase classname="cruise.umple.statemachine.implementation.php.PhpStateMachineTemplateTest" name="queuedStateMachine_timedTransition_1" time="0.006" />
  <testcase classname="cruise.umple.statemachine.implementation.php.PhpStateMachineTemplateTest" name="queuedStateMachine_timedTransition_2" time="0.004" />
  <testcase classname="cruise.umple.statemachine.implementation.php.PhpStateMachineTemplateTest" name="exitActionSelfTransition" time="0.004" />
  <testcase classname="cruise.umple.statemachine.implementation.php.PhpStateMachineTemplateTest" name="guardNameBothAttributeAndMethod2" time="0.004" />
  <testcase classname="cruise.umple.statemachine.implementation.php.PhpStateMachineTemplateTest" name="guardNameBothAttributeAndMethod3" time="0.004" />
  <testcase classname="cruise.umple.statemachine.implementation.php.PhpStateMachineTemplateTest" name="doActivityMultipleInSameState" time="0.003" />
  <testcase classname="cruise.umple.statemachine.implementation.php.PhpStateMachineTemplateTest" name="pooledStateMachine_UnspecifiedReception" time="0.007" />
  <testcase classname="cruise.umple.statemachine.implementation.php.PhpStateMachineTemplateTest" name="EventTransitionNewState" time="0.005" />
  <testcase classname="cruise.umple.statemachine.implementation.php.PhpStateMachineTemplateTest" name="stateMachineWithNegativeNumberGuard" time="0.005" />
  <testcase classname="cruise.umple.statemachine.implementation.php.PhpStateMachineTemplateTest" name="doActivityNoTransitions" time="0.003" />
  <testcase classname="cruise.umple.statemachine.implementation.php.PhpStateMachineTemplateTest" name="queuedStateMachine_withParameters" time="0.005" />
  <testcase classname="cruise.umple.statemachine.implementation.php.PhpStateMachineTemplateTest" name="queuedStateMachine_timedEvents_and_autoTansitions" time="0.004" />
  <testcase classname="cruise.umple.statemachine.implementation.php.PhpStateMachineTemplateTest" name="pooledStateMachine_timedTransition_1" time="0.004" />
  <testcase classname="cruise.umple.statemachine.implementation.php.PhpStateMachineTemplateTest" name="pooledStateMachine_timedTransition_2" time="0.005" />
  <testcase classname="cruise.umple.statemachine.implementation.php.PhpStateMachineTemplateTest" name="doActivitiesWithAutoTransition" time="0.004" />
  <testcase classname="cruise.umple.statemachine.implementation.php.PhpStateMachineTemplateTest" name="queuedStateMachine_timedEvents" time="0.004" />
  <testcase classname="cruise.umple.statemachine.implementation.php.PhpStateMachineTemplateTest" name="twoEventsWithArguments" time="0.003" />
  <testcase classname="cruise.umple.statemachine.implementation.php.PhpStateMachineTemplateTest" name="pooledStateMachine_withParameters" time="0.005" />
  <testcase classname="cruise.umple.statemachine.implementation.php.PhpStateMachineTemplateTest" name="NoStates" time="0.009" />
  <testcase classname="cruise.umple.statemachine.implementation.php.PhpStateMachineTemplateTest" name="sameEvent_twoStates_differentStatemachines" time="0.006" />
  <testcase classname="cruise.umple.statemachine.implementation.php.PhpStateMachineTemplateTest" name="nestedState_StateMachine_timedEvents" time="0.007" />
  <testcase classname="cruise.umple.statemachine.implementation.php.PhpStateMachineTemplateTest" name="before_after_setMethod" time="0.004" />
  <testcase classname="cruise.umple.statemachine.implementation.php.PhpStateMachineTemplateTest" name="multipleGuardsSameEvent" time="0.004" />
  <testcase classname="cruise.umple.statemachine.implementation.php.PhpStateMachineTemplateTest" name="externalStateMachine" time="0.004" />
  <testcase classname="cruise.umple.statemachine.implementation.php.PhpStateMachineTemplateTest" name="guardSpacing" time="0.005" />
  <testcase classname="cruise.umple.statemachine.implementation.php.PhpStateMachineTemplateTest" name="pooledStateMachine" time="0.003" />
  <testcase classname="cruise.umple.statemachine.implementation.php.PhpStateMachineTemplateTest" name="queuedStateMachine" time="0.004" />
  <testcase classname="cruise.umple.statemachine.implementation.php.PhpStateMachineTemplateTest" name="stateNameSpacingForOneState" time="0.004" />
  <testcase classname="cruise.umple.statemachine.implementation.php.PhpStateMachineTemplateTest" name="stateMachineSpacing" time="0.005" />
  <testcase classname="cruise.umple.statemachine.implementation.php.PhpStateMachineTemplateTest" name="entryExitTransitionAction" time="0.003" />
  <testcase classname="cruise.umple.statemachine.implementation.php.PhpStateMachineTemplateTest" name="timedEvent" time="0.005" />
  <testcase classname="cruise.umple.statemachine.implementation.php.PhpStateMachineTemplateTest" name="testMultipleQSMs" time="0.006" />
  <testcase classname="cruise.umple.statemachine.implementation.php.PhpStateMachineTemplateTest" name="guardsOnEntryAndExit" time="0.005" />
  <testcase classname="cruise.umple.statemachine.implementation.php.PhpStateMachineTemplateTest" name="equivalentGuards" time="0.168" />
  <testcase classname="cruise.umple.statemachine.implementation.php.PhpStateMachineTemplateTest" name="doActivity" time="0.009" />
  <testcase classname="cruise.umple.statemachine.implementation.php.PhpStateMachineTemplateTest" name="multipleQSM_sameEvents" time="0.005" />
  <testcase classname="cruise.umple.statemachine.implementation.php.PhpStateMachineTemplateTest" name="multiplePooledStateMachine" time="0.004" />
  <testcase classname="cruise.umple.statemachine.implementation.php.PhpStateMachineTemplateTest" name="guardNameBothAttributeAndMethod" time="0.006" />
  <testcase classname="cruise.umple.statemachine.implementation.php.PhpStateMachineTemplateTest" name="queuedStateMachine_autoTransition" time="0.003" />
  <testcase classname="cruise.umple.statemachine.implementation.php.PhpStateMachineTemplateTest" name="doActivityMultiMixin" time="0.005" />
  <testcase classname="cruise.umple.statemachine.implementation.php.PhpStateMachineTemplateTest" name="entryExitTransitionActionWithGuard" time="0.005" />
  <testcase classname="cruise.umple.statemachine.implementation.php.PhpStateMachineTemplateTest" name="autoEventTransition" time="0.003" />
  <testcase classname="cruise.umple.statemachine.implementation.php.PhpStateMachineTemplateTest" name="TwoState" time="0.005" />
  <testcase classname="cruise.umple.statemachine.implementation.php.PhpStateMachineTemplateTest" name="oneGuard" time="0.003" />
  <testcase classname="cruise.umple.statemachine.implementation.php.PhpStateMachineTemplateTest" name="OneState" time="0.004" />
  <testcase classname="cruise.umple.statemachine.implementation.php.PhpStateMachineTemplateTest" name="pooledStateMachine_autoTransition" time="0.003" />
  <testcase classname="cruise.umple.statemachine.implementation.php.PhpStateMachineTemplateTest" name="EventTransitionSameState" time="0.004" />
  <testcase classname="cruise.umple.statemachine.implementation.php.PhpStateMachineTemplateTest" name="avoidJunitError" time="0.001" />
  <system-out><![CDATA[<?php
/*PLEASE DO NOT EDIT THIS CODE*/
/*This code was generated using the UMPLE 1.31.1.5860.78bb27cc6 modeling language!*/

class LightFixture
{

  //------------------------
  // MEMBER VARIABLES
  //------------------------

  //LightFixture Attributes
  private $brightness;

  //LightFixture State Machines
  private static $BulbOff = 1;
  private static $BulbDimmed = 2;
  private static $BulbOn = 3;
  private $bulb;

  //------------------------
  // CONSTRUCTOR
  //------------------------

  public function __construct()
  {
    $this->brightness = 0;
    $this->setBulb(self::$BulbOff);
  }

  //------------------------
  // INTERFACE
  //------------------------

  public function setBrightness($aBrightness)
  {
    $wasSet = false;
    $this->brightness = $aBrightness;
    $wasSet = true;
    return $wasSet;
  }

  public function getBrightness()
  {
    return $this->brightness;
  }

  public function getBulbFullName()
  {
    $answer = $this->getBulb();
    return $answer;
  }

  public function getBulb()
  {
    if ($this->bulb == self::$BulbOff) { return "BulbOff"; }
    elseif ($this->bulb == self::$BulbDimmed) { return "BulbDimmed"; }
    elseif ($this->bulb == self::$BulbOn) { return "BulbOn"; }
    return null;
  }

  public function turnDimmer($lightval, $grade)
  {
    $wasEventProcessed = false;
    
    $aBulb = $this->bulb;
    if ($aBulb == self::$BulbOff)
    {
      setBrightness(lightval)
      $this->setBulb(self::$BulbOff);
      $wasEventProcessed = true;
    }
    elseif ($aBulb == self::$BulbDimmed)
    {
      setBrightness(lightval)
      $this->setBulb(self::$BulbDimmed);
      $wasEventProcessed = true;
    }
    elseif ($aBulb == self::$BulbOn)
    {
      setBrightness(lightval)
      $this->setBulb(self::$BulbDimmed);
      $wasEventProcessed = true;
    }
    return $wasEventProcessed;
  }

  public function flipSwitch()
  {
    $wasEventProcessed = false;
    
    $aBulb = $this->bulb;
    if ($aBulb == self::$BulbOff)
    {
      $this->setBulb(self::$BulbDimmed);
      $wasEventProcessed = true;
    }
    elseif ($aBulb == self::$BulbDimmed)
    {
      $this->setBulb(self::$BulbOff);
      $wasEventProcessed = true;
    }
    elseif ($aBulb == self::$BulbOn)
    {
      $this->setBulb(self::$BulbOff);
      $wasEventProcessed = true;
    }
    return $wasEventProcessed;
  }

  public function entry()
  {
    $wasEventProcessed = false;
    
    $aBulb = $this->bulb;
    if ($aBulb == self::$BulbDimmed)
    {
      if ($this->dimmer>99)
      {
        $this->setBulb(self::$BulbOn);
        $wasEventProcessed = true;
      }
    }
    return $wasEventProcessed;
  }

  private function setBulb($aBulb)
  {
    $this->bulb = $aBulb;
  }

  public function equals($compareTo)
  {
    return $this == $compareTo;
  }

  public function delete()
  {}

}
?>
<?php
/*PLEASE DO NOT EDIT THIS CODE*/
/*This code was generated using the UMPLE 1.31.1.5860.78bb27cc6 modeling language!*/

class X
{

  //------------------------
  // MEMBER VARIABLES
  //------------------------

  //X State Machines
  private static $StatusOn = 1;
  private static $StatusOff = 2;
  private static $StatusFINAL = 3;
  private $status;

  //------------------------
  // CONSTRUCTOR
  //------------------------

  public function __construct()
  {
    $this->setStatus(self::$StatusOn);
  }

  //------------------------
  // INTERFACE
  //------------------------

  public function getStatusFullName()
  {
    $answer = $this->getStatus();
    return $answer;
  }

  public function getStatus()
  {
    if ($this->status == self::$StatusOn) { return "StatusOn"; }
    elseif ($this->status == self::$StatusOff) { return "StatusOff"; }
    elseif ($this->status == self::$StatusFINAL) { return "StatusFINAL"; }
    return null;
  }

  public function turnoff()
  {
    $wasEventProcessed = false;
    
    $aStatus = $this->status;
    if ($aStatus == self::$StatusOn)
    {
      $this->setStatus(self::$StatusOff);
      $wasEventProcessed = true;
    }
    return $wasEventProcessed;
  }

  public function powerOff()
  {
    $wasEventProcessed = false;
    
    $aStatus = $this->status;
    if ($aStatus == self::$StatusOn)
    {
      $this->setStatus(self::$StatusFINAL);
      $wasEventProcessed = true;
    }
    return $wasEventProcessed;
  }

  public function turnOn()
  {
    $wasEventProcessed = false;
    
    $aStatus = $this->status;
    if ($aStatus == self::$StatusOff)
    {
      $this->setStatus(self::$StatusOn);
      $wasEventProcessed = true;
    }
    return $wasEventProcessed;
  }

  private function setStatus($aStatus)
  {
    $this->status = $aStatus;

    // entry actions and do activities
    if ($this->status == self::$StatusFINAL)
    {
      entry();
      $this->delete();
    }
  }

  public function equals($compareTo)
  {
    return $this == $compareTo;
  }

  public function delete()
  {}

}
?>
<?php
/*PLEASE DO NOT EDIT THIS CODE*/
/*This code was generated using the UMPLE 1.31.1.5860.78bb27cc6 modeling language!*/

class Mentor
{

  //------------------------
  // MEMBER VARIABLES
  //------------------------

  //Mentor Attributes
  private $howLongUntilOk;

  //Mentor State Machines
  private static $StatusOk = 1;
  private static $StatusNotOk = 2;
  private $status;

  //------------------------
  // CONSTRUCTOR
  //------------------------

  public function __construct()
  {
    $this->howLongUntilOk = 3;
    $this->setStatus(self::$StatusOk);
  }

  //------------------------
  // INTERFACE
  //------------------------

  public function setHowLongUntilOk($aHowLongUntilOk)
  {
    $wasSet = false;
    $this->howLongUntilOk = $aHowLongUntilOk;
    $wasSet = true;
    return $wasSet;
  }

  public function getHowLongUntilOk()
  {
    return $this->howLongUntilOk;
  }

  public function getStatusFullName()
  {
    $answer = $this->getStatus();
    return $answer;
  }

  public function getStatus()
  {
    if ($this->status == self::$StatusOk) { return "StatusOk"; }
    elseif ($this->status == self::$StatusNotOk) { return "StatusNotOk"; }
    return null;
  }

  public function timeoutOkToNotOk()
  {
    $wasEventProcessed = false;
    
    $aStatus = $this->status;
    if ($aStatus == self::$StatusOk)
    {
      $this->setStatus(self::$StatusNotOk);
      $wasEventProcessed = true;
    }
    return $wasEventProcessed;
  }

  public function timeoutNotOkToOk()
  {
    $wasEventProcessed = false;
    
    $aStatus = $this->status;
    if ($aStatus == self::$StatusNotOk)
    {
      $this->setStatus(self::$StatusOk);
      $wasEventProcessed = true;
    }
    return $wasEventProcessed;
  }

  private function setStatus($aStatus)
  {
    $this->status = $aStatus;
  }

  public function equals($compareTo)
  {
    return $this == $compareTo;
  }

  public function delete()
  {}

}
?>
<?php
/*PLEASE DO NOT EDIT THIS CODE*/
/*This code was generated using the UMPLE 1.31.1.5860.78bb27cc6 modeling language!*/

class stateMachineWithNegativeNumberGuard2
{

  //------------------------
  // MEMBER VARIABLES
  //------------------------

  //stateMachineWithNegativeNumberGuard2 State Machines
  private static $StatusOn = 1;
  private static $StatusOff = 2;
  private $status;

  //------------------------
  // CONSTRUCTOR
  //------------------------

  public function __construct()
  {
    $this->setStatus(self::$StatusOn);
  }

  //------------------------
  // INTERFACE
  //------------------------

  public function getStatusFullName()
  {
    $answer = $this->getStatus();
    return $answer;
  }

  public function getStatus()
  {
    if ($this->status == self::$StatusOn) { return "StatusOn"; }
    elseif ($this->status == self::$StatusOff) { return "StatusOff"; }
    return null;
  }

  public function turnOff($pn)
  {
    $wasEventProcessed = false;
    
    $aStatus = $this->status;
    if ($aStatus == self::$StatusOn)
    {
      if ($this->pn<-1)
      {
        $this->setStatus(self::$StatusOff);
        $wasEventProcessed = true;
      }
    }
    return $wasEventProcessed;
  }

  public function turnOn()
  {
    $wasEventProcessed = false;
    
    $aStatus = $this->status;
    if ($aStatus == self::$StatusOff)
    {
      $this->setStatus(self::$StatusOn);
      $wasEventProcessed = true;
    }
    return $wasEventProcessed;
  }

  private function setStatus($aStatus)
  {
    $this->status = $aStatus;
  }

  public function equals($compareTo)
  {
    return $this == $compareTo;
  }

  public function delete()
  {}

}
?>
<?php
/*PLEASE DO NOT EDIT THIS CODE*/
/*This code was generated using the UMPLE 1.31.1.5860.78bb27cc6 modeling language!*/

class Course
{

  //------------------------
  // MEMBER VARIABLES
  //------------------------

  //Course State Machines
  private static $StatusOpen = 1;
  private $status;

  //------------------------
  // CONSTRUCTOR
  //------------------------

  public function __construct()
  {
    $this->setStatus(self::$StatusOpen);
  }

  //------------------------
  // INTERFACE
  //------------------------

  public function getStatusFullName()
  {
    $answer = $this->getStatus();
    return $answer;
  }

  public function getStatus()
  {
    if ($this->status == self::$StatusOpen) { return "StatusOpen"; }
    return null;
  }

  public function register()
  {
    $wasEventProcessed = false;
    
    $aStatus = $this->status;
    if ($aStatus == self::$StatusOpen)
    {
      System.out.println("transition");
      $this->setStatus(self::$StatusOpen);
      $wasEventProcessed = true;
    }
    return $wasEventProcessed;
  }

  private function setStatus($aStatus)
  {
    $this->status = $aStatus;
  }

  public function equals($compareTo)
  {
    return $this == $compareTo;
  }

  public function delete()
  {}

}
?>
<?php
/*PLEASE DO NOT EDIT THIS CODE*/
/*This code was generated using the UMPLE 1.31.1.5860.78bb27cc6 modeling language!*/

class Course
{

  //------------------------
  // MEMBER VARIABLES
  //------------------------

  //Course State Machines
  private static $StatusOpen = 1;
  private $status;

  //------------------------
  // CONSTRUCTOR
  //------------------------

  public function __construct()
  {
    $this->setStatus(self::$StatusOpen);
  }

  //------------------------
  // INTERFACE
  //------------------------

  public function getStatusFullName()
  {
    $answer = $this->getStatus();
    return $answer;
  }

  public function getStatus()
  {
    if ($this->status == self::$StatusOpen) { return "StatusOpen"; }
    return null;
  }

  public function register()
  {
    $wasEventProcessed = false;
    
    $aStatus = $this->status;
    if ($aStatus == self::$StatusOpen)
    {
      $this->setStatus(self::$StatusOpen);
      $wasEventProcessed = true;
    }
    return $wasEventProcessed;
  }

  private function setStatus($aStatus)
  {
    $this->status = $aStatus;
  }

  public function equals($compareTo)
  {
    return $this == $compareTo;
  }

  public function delete()
  {}

}
?>
<?php
/*PLEASE DO NOT EDIT THIS CODE*/
/*This code was generated using the UMPLE 1.31.1.5860.78bb27cc6 modeling language!*/

class Course
{

  //------------------------
  // MEMBER VARIABLES
  //------------------------

  //Course State Machines
  private static $StatusOpen = 1;
  private static $StatusFull = 2;
  private static $StatusError1 = 3;
  private $status;

  //------------------------
  // CONSTRUCTOR
  //------------------------

  public function __construct()
  {
    $this->setStatus(self::$StatusOpen);
  }

  //------------------------
  // INTERFACE
  //------------------------

  public function getStatusFullName()
  {
    $answer = $this->getStatus();
    return $answer;
  }

  public function getStatus()
  {
    if ($this->status == self::$StatusOpen) { return "StatusOpen"; }
    elseif ($this->status == self::$StatusFull) { return "StatusFull"; }
    elseif ($this->status == self::$StatusError1) { return "StatusError1"; }
    return null;
  }

  public function register()
  {
    $wasEventProcessed = false;
    
    $aStatus = $this->status;
    if ($aStatus == self::$StatusOpen)
    {
      $this->setStatus(self::$StatusFull);
      $wasEventProcessed = true;
    }
    return $wasEventProcessed;
  }

  public function unspecified()
  {
    $wasEventProcessed = false;
    
    $aStatus = $this->status;
    if ($aStatus == self::$StatusOpen)
    {
      $this->setStatus(self::$StatusError1);
      $wasEventProcessed = true;
    }
    return $wasEventProcessed;
  }

  public function reject()
  {
    $wasEventProcessed = false;
    
    $aStatus = $this->status;
    if ($aStatus == self::$StatusFull)
    {
      $this->setStatus(self::$StatusFull);
      $wasEventProcessed = true;
    }
    return $wasEventProcessed;
  }

  private function __autotransition1__()
  {
    $wasEventProcessed = false;
    
    $aStatus = $this->status;
    if ($aStatus == self::$StatusError1)
    {
      $this->setStatus(self::$StatusOpen);
      $wasEventProcessed = true;
    }
    return $wasEventProcessed;
  }

  private function setStatus($aStatus)
  {
    $this->status = $aStatus;

    // entry actions and do activities
    if ($this->status == self::$StatusError1)
    {
      $this->__autotransition1__();
    }
  }

  public function equals($compareTo)
  {
    return $this == $compareTo;
  }

  public function delete()
  {}

}
?>
<?php
/*PLEASE DO NOT EDIT THIS CODE*/
/*This code was generated using the UMPLE 1.31.1.5860.78bb27cc6 modeling language!*/

class Duplicate
{

  //------------------------
  // MEMBER VARIABLES
  //------------------------

  //Duplicate State Machines
  private static $SmS0 = 1;
  private static $SmS1 = 2;
  private $sm;

  //------------------------
  // CONSTRUCTOR
  //------------------------

  public function __construct()
  {
    $this->setSm(self::$SmS0);
  }

  //------------------------
  // INTERFACE
  //------------------------

  public function getSmFullName()
  {
    $answer = $this->getSm();
    return $answer;
  }

  public function getSm()
  {
    if ($this->sm == self::$SmS0) { return "SmS0"; }
    elseif ($this->sm == self::$SmS1) { return "SmS1"; }
    return null;
  }

  public function e0()
  {
    $wasEventProcessed = false;
    
    $aSm = $this->sm;
    if ($aSm == self::$SmS0)
    {
      $this->exitSm();
      $this->setSm(self::$SmS1);
      $wasEventProcessed = true;
    }
    elseif ($aSm == self::$SmS1)
    {
      $this->setSm(self::$SmS1);
      $wasEventProcessed = true;
    }
    return $wasEventProcessed;
  }

  private function exitSm()
  {
    if ($this->sm == self::$SmS0)
    {
      s0_exit1();
      s0_exit2();
    }
    elseif ($this->sm == self::$SmS1)
    {
      s1_exit1();
      s1_exit1();
    }
  }

  private function setSm($aSm)
  {
    $this->sm = $aSm;

    // entry actions and do activities
    if ($this->sm == self::$SmS0)
    {
      s0_entr1();
      s0_entry2();
    }
    elseif ($this->sm == self::$SmS1)
    {
      s1_entry1();
      s1_entry1();
    }
  }

  public function equals($compareTo)
  {
    return $this == $compareTo;
  }

  public function delete()
  {}

}
?>
<?php
/*PLEASE DO NOT EDIT THIS CODE*/
/*This code was generated using the UMPLE 1.31.1.5860.78bb27cc6 modeling language!*/

class A_Guard
{

  //------------------------
  // MEMBER VARIABLES
  //------------------------

  //A_Guard State Machines
  private static $StatusS1 = 1;
  private static $StatusS2 = 2;
  private static $StatusS3 = 3;
  private $Status;

  //------------------------
  // CONSTRUCTOR
  //------------------------

  public function __construct()
  {
    $this->setStatus(self::$StatusS1);
  }

  //------------------------
  // INTERFACE
  //------------------------

  public function getStatusFullName()
  {
    $answer = $this->getStatus();
    return $answer;
  }

  public function getStatus()
  {
    if ($this->Status == self::$StatusS1) { return "StatusS1"; }
    elseif ($this->Status == self::$StatusS2) { return "StatusS2"; }
    elseif ($this->Status == self::$StatusS3) { return "StatusS3"; }
    return null;
  }

  public function e1($myB)
  {
    $wasEventProcessed = false;
    
    $aStatus = $this->Status;
    if ($aStatus == self::$StatusS1)
    {
      if ($this->checkGuard($this->myB))
      {
        $this->setStatus(self::$StatusS2);
        $wasEventProcessed = true;
      }
    }
    return $wasEventProcessed;
  }

  public function e2($myB, $mySecondB)
  {
    $wasEventProcessed = false;
    
    $aStatus = $this->Status;
    if ($aStatus == self::$StatusS2)
    {
      if ($this->checkGuard($this->myB))
      {
        $this->setStatus(self::$StatusS3);
        $wasEventProcessed = true;
      }
    }
    elseif ($aStatus == self::$StatusS3)
    {
      if ($this->checkGuard($this->myB,$this->mySecondB))
      {
        $this->setStatus(self::$StatusS1);
        $wasEventProcessed = true;
      }
    }
    return $wasEventProcessed;
  }

  private function setStatus($aStatus)
  {
    $this->Status = $aStatus;
  }

  public function equals($compareTo)
  {
    return $this == $compareTo;
  }

  public function delete()
  {}

   private function checkGuard(B $myB)
  {
    return true;
  }

   private function checkGuard(B $myB, B $mySecondB)
  {
    return true;
  }

}
?>
<?php
/*PLEASE DO NOT EDIT THIS CODE*/
/*This code was generated using the UMPLE 1.31.1.5860.78bb27cc6 modeling language!*/

class LightFixture
{

  //------------------------
  // MEMBER VARIABLES
  //------------------------

  //LightFixture Attributes
  private $brightness;

  //LightFixture State Machines
  private static $BulbOff = 1;
  private static $BulbDimmed = 2;
  private static $BulbOn = 3;
  private $bulb;

  //------------------------
  // CONSTRUCTOR
  //------------------------

  public function __construct()
  {
    $this->brightness = 0;
    $this->setBulb(self::$BulbOff);
  }

  //------------------------
  // INTERFACE
  //------------------------

  public function setBrightness($aBrightness)
  {
    $wasSet = false;
    $this->brightness = $aBrightness;
    $wasSet = true;
    return $wasSet;
  }

  public function getBrightness()
  {
    return $this->brightness;
  }

  public function getBulbFullName()
  {
    $answer = $this->getBulb();
    return $answer;
  }

  public function getBulb()
  {
    if ($this->bulb == self::$BulbOff) { return "BulbOff"; }
    elseif ($this->bulb == self::$BulbDimmed) { return "BulbDimmed"; }
    elseif ($this->bulb == self::$BulbOn) { return "BulbOn"; }
    return null;
  }

  public function turnDimmer($lightval)
  {
    $wasEventProcessed = false;
    
    $aBulb = $this->bulb;
    if ($aBulb == self::$BulbOff)
    {
      setBrightness(lightval)
      $this->setBulb(self::$BulbOff);
      $wasEventProcessed = true;
    }
    elseif ($aBulb == self::$BulbDimmed)
    {
      setBrightness(lightval)
      $this->setBulb(self::$BulbDimmed);
      $wasEventProcessed = true;
    }
    elseif ($aBulb == self::$BulbOn)
    {
      setBrightness(lightval)
      $this->setBulb(self::$BulbDimmed);
      $wasEventProcessed = true;
    }
    return $wasEventProcessed;
  }

  public function flipSwitch()
  {
    $wasEventProcessed = false;
    
    $aBulb = $this->bulb;
    if ($aBulb == self::$BulbOff)
    {
      $this->setBulb(self::$BulbDimmed);
      $wasEventProcessed = true;
    }
    elseif ($aBulb == self::$BulbDimmed)
    {
      $this->setBulb(self::$BulbOff);
      $wasEventProcessed = true;
    }
    elseif ($aBulb == self::$BulbOn)
    {
      $this->setBulb(self::$BulbOff);
      $wasEventProcessed = true;
    }
    return $wasEventProcessed;
  }

  public function entry()
  {
    $wasEventProcessed = false;
    
    $aBulb = $this->bulb;
    if ($aBulb == self::$BulbDimmed)
    {
      if ($this->dimmer>99)
      {
        $this->setBulb(self::$BulbOn);
        $wasEventProcessed = true;
      }
    }
    return $wasEventProcessed;
  }

  private function setBulb($aBulb)
  {
    $this->bulb = $aBulb;
  }

  public function equals($compareTo)
  {
    return $this == $compareTo;
  }

  public function delete()
  {}

}
?>
<?php
/*PLEASE DO NOT EDIT THIS CODE*/
/*This code was generated using the UMPLE 1.31.1.5860.78bb27cc6 modeling language!*/

class Light
{

  //------------------------
  // MEMBER VARIABLES
  //------------------------

  //Light State Machines
  private static $StatusOn = 1;
  private static $StatusOff = 2;
  private $status;

  //------------------------
  // CONSTRUCTOR
  //------------------------

  public function __construct()
  {
    $this->setStatus(self::$StatusOn);
  }

  //------------------------
  // INTERFACE
  //------------------------

  public function getStatusFullName()
  {
    $answer = $this->getStatus();
    return $answer;
  }

  public function getStatus()
  {
    if ($this->status == self::$StatusOn) { return "StatusOn"; }
    elseif ($this->status == self::$StatusOff) { return "StatusOff"; }
    return null;
  }

  public function flip()
  {
    $wasEventProcessed = false;
    
    $aStatus = $this->status;
    if ($aStatus == self::$StatusOn)
    {
      $this->setStatus(self::$StatusOff);
      $wasEventProcessed = true;
    }
    elseif ($aStatus == self::$StatusOff)
    {
      $this->setStatus(self::$StatusOn);
      $wasEventProcessed = true;
    }
    return $wasEventProcessed;
  }

  private function setStatus($aStatus)
  {
    $this->status = $aStatus;

    // entry actions and do activities
    if ($this->status == self::$StatusOn)
    {
      System.out.println("entry");
      System.out.println("entry2");
    }
  }

  public function equals($compareTo)
  {
    return $this == $compareTo;
  }

  public function delete()
  {}

}
?>
<?php
/*PLEASE DO NOT EDIT THIS CODE*/
/*This code was generated using the UMPLE 1.31.1.5860.78bb27cc6 modeling language!*/

class X
{

  //------------------------
  // MEMBER VARIABLES
  //------------------------

  //X State Machines
  private static $StatusOn = 1;
  private static $StatusOff = 2;
  private static $StatusFINAL = 3;
  private $status;

  //------------------------
  // CONSTRUCTOR
  //------------------------

  public function __construct()
  {
    $this->setStatus(self::$StatusOn);
  }

  //------------------------
  // INTERFACE
  //------------------------

  public function getStatusFullName()
  {
    $answer = $this->getStatus();
    return $answer;
  }

  public function getStatus()
  {
    if ($this->status == self::$StatusOn) { return "StatusOn"; }
    elseif ($this->status == self::$StatusOff) { return "StatusOff"; }
    elseif ($this->status == self::$StatusFINAL) { return "StatusFINAL"; }
    return null;
  }

  public function turnoff()
  {
    $wasEventProcessed = false;
    
    $aStatus = $this->status;
    if ($aStatus == self::$StatusOn)
    {
      $this->setStatus(self::$StatusOff);
      $wasEventProcessed = true;
    }
    return $wasEventProcessed;
  }

  public function powerOff()
  {
    $wasEventProcessed = false;
    
    $aStatus = $this->status;
    if ($aStatus == self::$StatusOn)
    {
      $this->setStatus(self::$StatusFINAL);
      $wasEventProcessed = true;
    }
    return $wasEventProcessed;
  }

  public function turnOn()
  {
    $wasEventProcessed = false;
    
    $aStatus = $this->status;
    if ($aStatus == self::$StatusOff)
    {
      $this->setStatus(self::$StatusOn);
      $wasEventProcessed = true;
    }
    return $wasEventProcessed;
  }

  private function setStatus($aStatus)
  {
    $this->status = $aStatus;

    // entry actions and do activities
    if ($this->status == self::$StatusFINAL)
    {
      entry();
      $this->delete();
    }
  }

  public function equals($compareTo)
  {
    return $this == $compareTo;
  }

  public function delete()
  {}

}
?>
<?php
/*PLEASE DO NOT EDIT THIS CODE*/
/*This code was generated using the UMPLE 1.31.1.5860.78bb27cc6 modeling language!*/

class X
{

  //------------------------
  // MEMBER VARIABLES
  //------------------------

  //X State Machines
  private static $Sm1S1 = 1;
  private static $Sm1S2 = 2;
  private $sm1;

  private static $Sm2S1 = 1;
  private static $Sm2S2 = 2;
  private $sm2;

  //------------------------
  // CONSTRUCTOR
  //------------------------

  public function __construct()
  {
    $this->setSm1(self::$Sm1S1);
    $this->setSm2(self::$Sm2S1);
  }

  //------------------------
  // INTERFACE
  //------------------------

  public function getSm1FullName()
  {
    $answer = $this->getSm1();
    return $answer;
  }

  public function getSm2FullName()
  {
    $answer = $this->getSm2();
    return $answer;
  }

  public function getSm1()
  {
    if ($this->sm1 == self::$Sm1S1) { return "Sm1S1"; }
    elseif ($this->sm1 == self::$Sm1S2) { return "Sm1S2"; }
    return null;
  }

  public function getSm2()
  {
    if ($this->sm2 == self::$Sm2S1) { return "Sm2S1"; }
    elseif ($this->sm2 == self::$Sm2S2) { return "Sm2S2"; }
    return null;
  }

  public function timeouts1Tos2()
  {
    $wasEventProcessed = false;
    
    $aSm1 = $this->sm1;
    $aSm2 = $this->sm2;
    if ($aSm1 == self::$Sm1S1)
    {
      $this->setSm1(self::$Sm1S2);
      $wasEventProcessed = true;
    }

    
    if ($aSm2 == self::$Sm2S1)
    {
      $this->setSm2(self::$Sm2S2);
      $wasEventProcessed = true;
    }
    return $wasEventProcessed;
  }

  private function setSm1($aSm1)
  {
    $this->sm1 = $aSm1;
  }

  private function setSm2($aSm2)
  {
    $this->sm2 = $aSm2;
  }

  public function equals($compareTo)
  {
    return $this == $compareTo;
  }

  public function delete()
  {}

}
?>
<?php
/*PLEASE DO NOT EDIT THIS CODE*/
/*This code was generated using the UMPLE 1.31.1.5860.78bb27cc6 modeling language!*/

class LightFixture
{

  //------------------------
  // MEMBER VARIABLES
  //------------------------

  //LightFixture Attributes
  private $brightness;

  //LightFixture State Machines
  private static $BulbOn = 1;
  private static $BulbOff = 2;
  private static $BulbAmber = 3;
  private $bulb;

  //------------------------
  // CONSTRUCTOR
  //------------------------

  public function __construct()
  {
    $this->brightness = 0;
    $this->setBulb(self::$BulbOn);
  }

  //------------------------
  // INTERFACE
  //------------------------

  public function setBrightness($aBrightness)
  {
    $wasSet = false;
    $this->brightness = $aBrightness;
    $wasSet = true;
    return $wasSet;
  }

  public function getBrightness()
  {
    return $this->brightness;
  }

  public function getBulbFullName()
  {
    $answer = $this->getBulb();
    return $answer;
  }

  public function getBulb()
  {
    if ($this->bulb == self::$BulbOn) { return "BulbOn"; }
    elseif ($this->bulb == self::$BulbOff) { return "BulbOff"; }
    elseif ($this->bulb == self::$BulbAmber) { return "BulbAmber"; }
    return null;
  }

  public function push()
  {
    $wasEventProcessed = false;
    
    $aBulb = $this->bulb;
    if ($aBulb == self::$BulbOn)
    {
      if ($this->getBrightness()<1)
      {
        $this->setBulb(self::$BulbOff);
        $wasEventProcessed = true;
      }
      if ($this->getBrightness()>10)
      {
        $this->setBulb(self::$BulbAmber);
        $wasEventProcessed = true;
      }
      $this->setBulb(self::$BulbOn);
      $wasEventProcessed = true;
    }
    return $wasEventProcessed;
  }

  private function setBulb($aBulb)
  {
    $this->bulb = $aBulb;
  }

  public function equals($compareTo)
  {
    return $this == $compareTo;
  }

  public function delete()
  {}

}
?>
<?php
/*PLEASE DO NOT EDIT THIS CODE*/
/*This code was generated using the UMPLE 1.31.1.5860.78bb27cc6 modeling language!*/

class X
{

  //------------------------
  // MEMBER VARIABLES
  //------------------------

  //X State Machines
  private static $StatusOn = 1;
  private static $StatusOff = 2;
  private static $StatusFINAL = 3;
  private $status;

  //------------------------
  // CONSTRUCTOR
  //------------------------

  public function __construct()
  {
    $this->setStatus(self::$StatusOn);
  }

  //------------------------
  // INTERFACE
  //------------------------

  public function getStatusFullName()
  {
    $answer = $this->getStatus();
    return $answer;
  }

  public function getStatus()
  {
    if ($this->status == self::$StatusOn) { return "StatusOn"; }
    elseif ($this->status == self::$StatusOff) { return "StatusOff"; }
    elseif ($this->status == self::$StatusFINAL) { return "StatusFINAL"; }
    return null;
  }

  public function turnoff()
  {
    $wasEventProcessed = false;
    
    $aStatus = $this->status;
    if ($aStatus == self::$StatusOn)
    {
      $this->setStatus(self::$StatusOff);
      $wasEventProcessed = true;
    }
    return $wasEventProcessed;
  }

  public function powerOff()
  {
    $wasEventProcessed = false;
    
    $aStatus = $this->status;
    if ($aStatus == self::$StatusOn)
    {
      $this->setStatus(self::$StatusFINAL);
      $wasEventProcessed = true;
    }
    return $wasEventProcessed;
  }

  public function turnOn()
  {
    $wasEventProcessed = false;
    
    $aStatus = $this->status;
    if ($aStatus == self::$StatusOff)
    {
      $this->setStatus(self::$StatusOn);
      $wasEventProcessed = true;
    }
    return $wasEventProcessed;
  }

  private function setStatus($aStatus)
  {
    $this->status = $aStatus;

    // entry actions and do activities
    if ($this->status == self::$StatusFINAL)
    {
      $this->delete();
    }
  }

  public function equals($compareTo)
  {
    return $this == $compareTo;
  }

  public function delete()
  {}

}
?>
<?php
/*PLEASE DO NOT EDIT THIS CODE*/
/*This code was generated using the UMPLE 1.31.1.5860.78bb27cc6 modeling language!*/

class Course
{

  //------------------------
  // MEMBER VARIABLES
  //------------------------

  //Course State Machines
  private static $StatusOpen = 1;
  private static $StatusFull = 2;
  private $status;

  //------------------------
  // CONSTRUCTOR
  //------------------------

  public function __construct()
  {
    $this->setStatus(self::$StatusOpen);
  }

  //------------------------
  // INTERFACE
  //------------------------

  public function getStatusFullName()
  {
    $answer = $this->getStatus();
    return $answer;
  }

  public function getStatus()
  {
    if ($this->status == self::$StatusOpen) { return "StatusOpen"; }
    elseif ($this->status == self::$StatusFull) { return "StatusFull"; }
    return null;
  }

  public function setStatus($aStatus)
  {
    if ($aStatus == "StatusOpen" || $aStatus == self::$StatusOpen)
    {
      $this->status = self::$StatusOpen;
      return true;
    }
    elseif ($aStatus == "StatusFull" || $aStatus == self::$StatusFull)
    {
      $this->status = self::$StatusFull;
      return true;
    }
    else
    {
      return false;
    }
  }

  public function equals($compareTo)
  {
    return $this == $compareTo;
  }

  public function delete()
  {}

}
?>
<?php
/*PLEASE DO NOT EDIT THIS CODE*/
/*This code was generated using the UMPLE 1.31.1.5860.78bb27cc6 modeling language!*/

class X
{

  //------------------------
  // MEMBER VARIABLES
  //------------------------

  //X State Machines
  private static $SmS1 = 1;
  private static $SmS2 = 2;
  private static $SmS3 = 3;
  private static $SmS4 = 4;
  private $sm;

  private static $Sm2Sm21 = 1;
  private static $Sm2Sm22 = 2;
  private $sm2;

  //------------------------
  // CONSTRUCTOR
  //------------------------

  public function __construct()
  {
    $this->setSm(self::$SmS1);
    $this->setSm2(self::$Sm2Sm21);
  }

  //------------------------
  // INTERFACE
  //------------------------

  public function getSmFullName()
  {
    $answer = $this->getSm();
    return $answer;
  }

  public function getSm2FullName()
  {
    $answer = $this->getSm2();
    return $answer;
  }

  public function getSm()
  {
    if ($this->sm == self::$SmS1) { return "SmS1"; }
    elseif ($this->sm == self::$SmS2) { return "SmS2"; }
    elseif ($this->sm == self::$SmS3) { return "SmS3"; }
    elseif ($this->sm == self::$SmS4) { return "SmS4"; }
    return null;
  }

  public function getSm2()
  {
    if ($this->sm2 == self::$Sm2Sm21) { return "Sm2Sm21"; }
    elseif ($this->sm2 == self::$Sm2Sm22) { return "Sm2Sm22"; }
    return null;
  }

  public function ev1()
  {
    $wasEventProcessed = false;
    
    $aSm = $this->sm;
    $aSm2 = $this->sm2;
    if ($aSm == self::$SmS1)
    {
      $this->setSm(self::$SmS2);
      $wasEventProcessed = true;
    }

    
    if ($aSm2 == self::$Sm2Sm21)
    {
      $this->setSm2(self::$Sm2Sm22);
      $wasEventProcessed = true;
    }
    return $wasEventProcessed;
  }

  public function ev5()
  {
    $wasEventProcessed = false;
    
    $aSm = $this->sm;
    if ($aSm == self::$SmS1)
    {
      $this->setSm(self::$SmS2);
      $wasEventProcessed = true;
    }
    return $wasEventProcessed;
  }

  public function ev2()
  {
    $wasEventProcessed = false;
    
    $aSm = $this->sm;
    if ($aSm == self::$SmS2)
    {
      $this->setSm(self::$SmS3);
      $wasEventProcessed = true;
    }
    return $wasEventProcessed;
  }

  public function ev3()
  {
    $wasEventProcessed = false;
    
    $aSm = $this->sm;
    if ($aSm == self::$SmS3)
    {
      $this->setSm(self::$SmS4);
      $wasEventProcessed = true;
    }
    return $wasEventProcessed;
  }

  public function ev4()
  {
    $wasEventProcessed = false;
    
    $aSm = $this->sm;
    if ($aSm == self::$SmS4)
    {
      $this->setSm(self::$SmS1);
      $wasEventProcessed = true;
    }
    return $wasEventProcessed;
  }

  public function ev7()
  {
    $wasEventProcessed = false;
    
    $aSm2 = $this->sm2;
    if ($aSm2 == self::$Sm2Sm22)
    {
      $this->setSm2(self::$Sm2Sm21);
      $wasEventProcessed = true;
    }
    return $wasEventProcessed;
  }

  private function setSm($aSm)
  {
    $this->sm = $aSm;
  }

  private function setSm2($aSm2)
  {
    $this->sm2 = $aSm2;
  }

  public function equals($compareTo)
  {
    return $this == $compareTo;
  }

  public function delete()
  {}

}
?>
<?php
/*PLEASE DO NOT EDIT THIS CODE*/
/*This code was generated using the UMPLE 1.31.1.5860.78bb27cc6 modeling language!*/

class Light
{

  //------------------------
  // MEMBER VARIABLES
  //------------------------

  //Light State Machines
  private static $StatusOn = 1;
  private static $StatusOff = 2;
  private $status;

  //------------------------
  // CONSTRUCTOR
  //------------------------

  public function __construct()
  {
    $this->setStatus(self::$StatusOn);
  }

  //------------------------
  // INTERFACE
  //------------------------

  public function getStatusFullName()
  {
    $answer = $this->getStatus();
    return $answer;
  }

  public function getStatus()
  {
    if ($this->status == self::$StatusOn) { return "StatusOn"; }
    elseif ($this->status == self::$StatusOff) { return "StatusOff"; }
    return null;
  }

  public function flip()
  {
    $wasEventProcessed = false;
    
    $aStatus = $this->status;
    if ($aStatus == self::$StatusOn)
    {
      $this->setStatus(self::$StatusOff);
      $wasEventProcessed = true;
    }
    return $wasEventProcessed;
  }

  private function setStatus($aStatus)
  {
    $this->status = $aStatus;
  }

  public function equals($compareTo)
  {
    return $this == $compareTo;
  }

  public function delete()
  {}

}
?>
<?php
/*PLEASE DO NOT EDIT THIS CODE*/
/*This code was generated using the UMPLE 1.31.1.5860.78bb27cc6 modeling language!*/

class X
{

  //------------------------
  // MEMBER VARIABLES
  //------------------------

  //X State Machines
  private static $SmS1 = 1;
  private static $SmS2 = 2;
  private static $SmS3 = 3;
  private $sm;

  //------------------------
  // CONSTRUCTOR
  //------------------------

  public function __construct()
  {
    $this->setSm(self::$SmS1);
  }

  //------------------------
  // INTERFACE
  //------------------------

  public function getSmFullName()
  {
    $answer = $this->getSm();
    return $answer;
  }

  public function getSm()
  {
    if ($this->sm == self::$SmS1) { return "SmS1"; }
    elseif ($this->sm == self::$SmS2) { return "SmS2"; }
    elseif ($this->sm == self::$SmS3) { return "SmS3"; }
    return null;
  }

  private function __autotransition1__()
  {
    $wasEventProcessed = false;
    
    $aSm = $this->sm;
    if ($aSm == self::$SmS1)
    {
      $this->setSm(self::$SmS3);
      $wasEventProcessed = true;
    }
    return $wasEventProcessed;
  }

  public function timeouts2Tos3()
  {
    $wasEventProcessed = false;
    
    $aSm = $this->sm;
    if ($aSm == self::$SmS2)
    {
      $this->setSm(self::$SmS3);
      $wasEventProcessed = true;
    }
    return $wasEventProcessed;
  }

  private function setSm($aSm)
  {
    $this->sm = $aSm;

    // entry actions and do activities
    if ($this->sm == self::$SmS1)
    {
      $this->__autotransition1__();
    }
  }

  public function equals($compareTo)
  {
    return $this == $compareTo;
  }

  public function delete()
  {}

}
?>
<?php
/*PLEASE DO NOT EDIT THIS CODE*/
/*This code was generated using the UMPLE 1.31.1.5860.78bb27cc6 modeling language!*/

class QSMwithUnspecifiedRecep
{

  //------------------------
  // MEMBER VARIABLES
  //------------------------

  //QSMwithUnspecifiedRecep State Machines
  private static $SmS1 = 1;
  private static $SmS2 = 2;
  private static $SmError1 = 3;
  private static $SmError2 = 4;
  private $sm;

  //------------------------
  // CONSTRUCTOR
  //------------------------

  public function __construct()
  {
    $this->setSm(self::$SmS1);
  }

  //------------------------
  // INTERFACE
  //------------------------

  public function getSmFullName()
  {
    $answer = $this->getSm();
    return $answer;
  }

  public function getSm()
  {
    if ($this->sm == self::$SmS1) { return "SmS1"; }
    elseif ($this->sm == self::$SmS2) { return "SmS2"; }
    elseif ($this->sm == self::$SmError1) { return "SmError1"; }
    elseif ($this->sm == self::$SmError2) { return "SmError2"; }
    return null;
  }

  public function e1()
  {
    $wasEventProcessed = false;
    
    $aSm = $this->sm;
    if ($aSm == self::$SmS1)
    {
      $this->setSm(self::$SmS2);
      $wasEventProcessed = true;
    }
    return $wasEventProcessed;
  }

  public function unspecified()
  {
    $wasEventProcessed = false;
    
    $aSm = $this->sm;
    if ($aSm == self::$SmS1)
    {
      printError();
      $this->setSm(self::$SmError1);
      $wasEventProcessed = true;
    }
    elseif ($aSm == self::$SmS2)
    {
      $this->setSm(self::$SmError2);
      $wasEventProcessed = true;
    }
    return $wasEventProcessed;
  }

  public function e2()
  {
    $wasEventProcessed = false;
    
    $aSm = $this->sm;
    if ($aSm == self::$SmS2)
    {
      $this->setSm(self::$SmS1);
      $wasEventProcessed = true;
    }
    return $wasEventProcessed;
  }

  private function __autotransition1__()
  {
    $wasEventProcessed = false;
    
    $aSm = $this->sm;
    if ($aSm == self::$SmError1)
    {
      $this->setSm(self::$SmS1);
      $wasEventProcessed = true;
    }
    return $wasEventProcessed;
  }

  private function __autotransition2__()
  {
    $wasEventProcessed = false;
    
    $aSm = $this->sm;
    if ($aSm == self::$SmError2)
    {
      $this->setSm(self::$SmS2);
      $wasEventProcessed = true;
    }
    return $wasEventProcessed;
  }

  private function setSm($aSm)
  {
    $this->sm = $aSm;

    // entry actions and do activities
    if ($this->sm == self::$SmError1)
    {
      $this->__autotransition1__();
    }
    elseif ($this->sm == self::$SmError2)
    {
      $this->__autotransition2__();
    }
  }

  public function equals($compareTo)
  {
    return $this == $compareTo;
  }

  public function delete()
  {}

  public function printError()
  {
    System.out.println("Unspecified Reception");
  }

}
?>
<?php
/*PLEASE DO NOT EDIT THIS CODE*/
/*This code was generated using the UMPLE 1.31.1.5860.78bb27cc6 modeling language!*/

class Garage
{

  //------------------------
  // MEMBER VARIABLES
  //------------------------

  //Garage State Machines
  private $GarageDoor;

  //------------------------
  // CONSTRUCTOR
  //------------------------

  public function __construct()
  {}

  //------------------------
  // INTERFACE
  //------------------------

  public function getGarageDoorFullName()
  {
    $answer = $this->getGarageDoor();
    return $answer;
  }

  public function getGarageDoor()
  {
    return null;
  }

  public function equals($compareTo)
  {
    return $this == $compareTo;
  }

  public function delete()
  {}

}
?>
<?php
/*PLEASE DO NOT EDIT THIS CODE*/
/*This code was generated using the UMPLE 1.31.1.5860.78bb27cc6 modeling language!*/

class stateMachineWithStringComparisonGuard
{

  //------------------------
  // MEMBER VARIABLES
  //------------------------

  //stateMachineWithStringComparisonGuard Attributes
  private $cmdString;

  //stateMachineWithStringComparisonGuard State Machines
  private static $CommandControlIDLE = 1;
  private static $CommandControlCHECK_AVAILABILITY = 2;
  private static $CommandControlCOMMAND_VALIDITY = 3;
  private static $CommandControlEXECUTION = 4;
  private $CommandControl;

  //------------------------
  // CONSTRUCTOR
  //------------------------

  public function __construct()
  {
    $this->cmdString = "";
    $this->setCommandControl(self::$CommandControlIDLE);
  }

  //------------------------
  // INTERFACE
  //------------------------

  public function setCmdString($aCmdString)
  {
    $wasSet = false;
    $this->cmdString = $aCmdString;
    $wasSet = true;
    return $wasSet;
  }

  public function getCmdString()
  {
    return $this->cmdString;
  }

  public function getCommandControlFullName()
  {
    $answer = $this->getCommandControl();
    return $answer;
  }

  public function getCommandControl()
  {
    if ($this->CommandControl == self::$CommandControlIDLE) { return "CommandControlIDLE"; }
    elseif ($this->CommandControl == self::$CommandControlCHECK_AVAILABILITY) { return "CommandControlCHECK_AVAILABILITY"; }
    elseif ($this->CommandControl == self::$CommandControlCOMMAND_VALIDITY) { return "CommandControlCOMMAND_VALIDITY"; }
    elseif ($this->CommandControl == self::$CommandControlEXECUTION) { return "CommandControlEXECUTION"; }
    return null;
  }

  public function execute()
  {
    $wasEventProcessed = false;
    
    $aCommandControl = $this->CommandControl;
    if ($aCommandControl == self::$CommandControlIDLE)
    {
      $this->setCommandControl(self::$CommandControlCHECK_AVAILABILITY);
      $wasEventProcessed = true;
    }
    elseif ($aCommandControl == self::$CommandControlCHECK_AVAILABILITY)
    {
      if (!(""==$this->getCmdString()))
      {
        $this->setCommandControl(self::$CommandControlCOMMAND_VALIDITY);
        $wasEventProcessed = true;
      }
    }
    elseif ($aCommandControl == self::$CommandControlCOMMAND_VALIDITY)
    {
      if ($this->isCommandValid($this->getCmdString()))
      {
        $this->setCommandControl(self::$CommandControlEXECUTION);
        $wasEventProcessed = true;
      }
    }
    return $wasEventProcessed;
  }

  private function setCommandControl($aCommandControl)
  {
    $this->CommandControl = $aCommandControl;
  }

  public function equals($compareTo)
  {
    return $this == $compareTo;
  }

  public function delete()
  {}

}
?>
<?php
/*PLEASE DO NOT EDIT THIS CODE*/
/*This code was generated using the UMPLE 1.31.1.5860.78bb27cc6 modeling language!*/

class Lamp
{

  //------------------------
  // MEMBER VARIABLES
  //------------------------

  //Lamp State Machines
  private static $StatusOn = 1;
  private static $StatusOff = 2;
  private $status;

  //Lamp Do Activity Threads
  private $doActivityStatusOnThread = null;
  private $doActivityStatusOffThread = null;

  //------------------------
  // CONSTRUCTOR
  //------------------------

  public function __construct()
  {
    $this->setStatus(self::$StatusOn);
  }

  //------------------------
  // INTERFACE
  //------------------------

  public function getStatusFullName()
  {
    $answer = $this->getStatus();
    return $answer;
  }

  public function getStatus()
  {
    if ($this->status == self::$StatusOn) { return "StatusOn"; }
    elseif ($this->status == self::$StatusOff) { return "StatusOff"; }
    return null;
  }

  public function press()
  {
    $wasEventProcessed = false;
    
    $aStatus = $this->status;
    if ($aStatus == self::$StatusOn)
    {
      $this->setStatus(self::$StatusOff);
      $wasEventProcessed = true;
    }
    elseif ($aStatus == self::$StatusOff)
    {
      $this->setStatus(self::$StatusOn);
      $wasEventProcessed = true;
    }
    return $wasEventProcessed;
  }

  private function setStatus($aStatus)
  {
    $this->status = $aStatus;

    // entry actions and do activities
    if ($this->status == self::$StatusOn)
    {
      alsoDo();
    }
    elseif ($this->status == self::$StatusOff)
    {
      keepDoing();
    }
  }

  public function equals($compareTo)
  {
    return $this == $compareTo;
  }

  public function delete()
  {}

}
?>
<?php
/*PLEASE DO NOT EDIT THIS CODE*/
/*This code was generated using the UMPLE 1.31.1.5860.78bb27cc6 modeling language!*/

interface IX
{
  
}
?>
<?php
/*PLEASE DO NOT EDIT THIS CODE*/
/*This code was generated using the UMPLE 1.31.1.5860.78bb27cc6 modeling language!*/

class X implements IX
{

  //------------------------
  // MEMBER VARIABLES
  //------------------------

  //X State Machines
  private static $SmS1 = 1;
  private $sm;

  //------------------------
  // CONSTRUCTOR
  //------------------------

  public function __construct()
  {
    $this->setSm(self::$SmS1);
  }

  //------------------------
  // INTERFACE
  //------------------------

  public function getSmFullName()
  {
    $answer = $this->getSm();
    return $answer;
  }

  public function getSm()
  {
    if ($this->sm == self::$SmS1) { return "SmS1"; }
    return null;
  }

  public function e()
  {
    $wasEventProcessed = false;
    
    $aSm = $this->sm;
    if ($aSm == self::$SmS1)
    {
      $this->setSm(self::$SmS1);
      $wasEventProcessed = true;
    }
    return $wasEventProcessed;
  }

  private function setSm($aSm)
  {
    $this->sm = $aSm;
  }

  public function equals($compareTo)
  {
    return $this == $compareTo;
  }

  public function delete()
  {}

}
?>
<?php
/*PLEASE DO NOT EDIT THIS CODE*/
/*This code was generated using the UMPLE 1.31.1.5860.78bb27cc6 modeling language!*/

class Agent
{

  //------------------------
  // MEMBER VARIABLES
  //------------------------

  //Agent State Machines
  private static $StatusFollow = 1;
  private static $StatusChanging_lane = 2;
  private static $StatusFinal = 3;
  private $status;

  //------------------------
  // CONSTRUCTOR
  //------------------------

  public function __construct()
  {
    $this->setStatus(self::$StatusFollow);
  }

  //------------------------
  // INTERFACE
  //------------------------

  public function getStatusFullName()
  {
    $answer = $this->getStatus();
    return $answer;
  }

  public function getStatus()
  {
    if ($this->status == self::$StatusFollow) { return "StatusFollow"; }
    elseif ($this->status == self::$StatusChanging_lane) { return "StatusChanging_lane"; }
    elseif ($this->status == self::$StatusFinal) { return "StatusFinal"; }
    return null;
  }

  public function change_lane()
  {
    $wasEventProcessed = false;
    
    $aStatus = $this->status;
    if ($aStatus == self::$StatusFollow)
    {
      $this->setStatus(self::$StatusChanging_lane);
      $wasEventProcessed = true;
    }
    elseif ($aStatus == self::$StatusChanging_lane)
    {
      if ($this->not_achieved==$this->False)
      {
        $this->setStatus(self::$StatusChanging_lane);
        $wasEventProcessed = true;
      }
      if ($this->not_achieved==$this->True)
      {
        $this->setStatus(self::$StatusFinal);
        $wasEventProcessed = true;
      }
    }
    return $wasEventProcessed;
  }

  private function setStatus($aStatus)
  {
    $this->status = $aStatus;
  }

  public function equals($compareTo)
  {
    return $this == $compareTo;
  }

  public function delete()
  {}

}
?>
<?php
/*PLEASE DO NOT EDIT THIS CODE*/
/*This code was generated using the UMPLE 1.31.1.5860.78bb27cc6 modeling language!*/

class Light
{

  //------------------------
  // MEMBER VARIABLES
  //------------------------

  //Light State Machines
  private static $BulbOff = 1;
  private static $BulbOn = 2;
  private $bulb;

  //------------------------
  // CONSTRUCTOR
  //------------------------

  public function __construct()
  {
    $this->setBulb(self::$BulbOff);
  }

  //------------------------
  // INTERFACE
  //------------------------

  public function getBulbFullName()
  {
    $answer = $this->getBulb();
    return $answer;
  }

  public function getBulb()
  {
    if ($this->bulb == self::$BulbOff) { return "BulbOff"; }
    elseif ($this->bulb == self::$BulbOn) { return "BulbOn"; }
    return null;
  }

  public function flip()
  {
    $wasEventProcessed = false;
    
    $aBulb = $this->bulb;
    if ($aBulb == self::$BulbOff)
    {
      $this->setBulb(self::$BulbOn);
      $wasEventProcessed = true;
    }
    elseif ($aBulb == self::$BulbOn)
    {
      $this->setBulb(self::$BulbOff);
      $wasEventProcessed = true;
    }
    return $wasEventProcessed;
  }

  private function setBulb($aBulb)
  {
    $this->bulb = $aBulb;
  }

  public function equals($compareTo)
  {
    return $this == $compareTo;
  }

  public function delete()
  {}

}
?>
<?php
/*PLEASE DO NOT EDIT THIS CODE*/
/*This code was generated using the UMPLE 1.31.1.5860.78bb27cc6 modeling language!*/

class LightFixture
{

  //------------------------
  // MEMBER VARIABLES
  //------------------------

  //LightFixture State Machines
  private static $BulbOn = 1;
  private static $BulbOff = 2;
  private $bulb;

  //------------------------
  // CONSTRUCTOR
  //------------------------

  public function __construct()
  {
    $this->setBulb(self::$BulbOn);
  }

  //------------------------
  // INTERFACE
  //------------------------

  public function getBulbFullName()
  {
    $answer = $this->getBulb();
    return $answer;
  }

  public function getBulb()
  {
    if ($this->bulb == self::$BulbOn) { return "BulbOn"; }
    elseif ($this->bulb == self::$BulbOff) { return "BulbOff"; }
    return null;
  }

  public function push()
  {
    $wasEventProcessed = false;
    
    $aBulb = $this->bulb;
    if ($aBulb == self::$BulbOn)
    {
      $this->exitBulb();
      $this->setBulb(self::$BulbOff);
      $wasEventProcessed = true;
    }
    return $wasEventProcessed;
  }

  private function exitBulb()
  {
    if ($this->bulb == self::$BulbOn)
    {
      blahblah;
    }
  }

  private function setBulb($aBulb)
  {
    $this->bulb = $aBulb;
  }

  public function equals($compareTo)
  {
    return $this == $compareTo;
  }

  public function delete()
  {}

}
?>
<?php
/*PLEASE DO NOT EDIT THIS CODE*/
/*This code was generated using the UMPLE 1.31.1.5860.78bb27cc6 modeling language!*/

class LightFixture
{

  //------------------------
  // MEMBER VARIABLES
  //------------------------

  //LightFixture Attributes
  private $brightness;

  //LightFixture State Machines
  private static $BulbOff = 1;
  private static $BulbDimmed = 2;
  private static $BulbOn = 3;
  private $bulb;

  //------------------------
  // CONSTRUCTOR
  //------------------------

  public function __construct()
  {
    $this->brightness = 0;
    $this->setBulb(self::$BulbOff);
  }

  //------------------------
  // INTERFACE
  //------------------------

  public function setBrightness($aBrightness)
  {
    $wasSet = false;
    $this->brightness = $aBrightness;
    $wasSet = true;
    return $wasSet;
  }

  public function getBrightness()
  {
    return $this->brightness;
  }

  public function getBulbFullName()
  {
    $answer = $this->getBulb();
    return $answer;
  }

  public function getBulb()
  {
    if ($this->bulb == self::$BulbOff) { return "BulbOff"; }
    elseif ($this->bulb == self::$BulbDimmed) { return "BulbDimmed"; }
    elseif ($this->bulb == self::$BulbOn) { return "BulbOn"; }
    return null;
  }

  public function turnDimmer($lightval, $lightval_1)
  {
    $wasEventProcessed = false;
    
    $aBulb = $this->bulb;
    if ($aBulb == self::$BulbOff)
    {
      setBrightness(lightval)
      $this->setBulb(self::$BulbOff);
      $wasEventProcessed = true;
    }
    elseif ($aBulb == self::$BulbDimmed)
    {
      setBrightness(lightval)
      $this->setBulb(self::$BulbDimmed);
      $wasEventProcessed = true;
    }
    elseif ($aBulb == self::$BulbOn)
    {
      setBrightness(lightval)
      $this->setBulb(self::$BulbDimmed);
      $wasEventProcessed = true;
    }
    return $wasEventProcessed;
  }

  public function flipSwitch()
  {
    $wasEventProcessed = false;
    
    $aBulb = $this->bulb;
    if ($aBulb == self::$BulbOff)
    {
      $this->setBulb(self::$BulbDimmed);
      $wasEventProcessed = true;
    }
    elseif ($aBulb == self::$BulbDimmed)
    {
      $this->setBulb(self::$BulbOff);
      $wasEventProcessed = true;
    }
    elseif ($aBulb == self::$BulbOn)
    {
      $this->setBulb(self::$BulbOff);
      $wasEventProcessed = true;
    }
    return $wasEventProcessed;
  }

  public function entry()
  {
    $wasEventProcessed = false;
    
    $aBulb = $this->bulb;
    if ($aBulb == self::$BulbDimmed)
    {
      if ($this->dimmer>99)
      {
        $this->setBulb(self::$BulbOn);
        $wasEventProcessed = true;
      }
    }
    return $wasEventProcessed;
  }

  private function setBulb($aBulb)
[...]
{

  //------------------------
  // MEMBER VARIABLES
  //------------------------

  //X State Machines
  private static $SmS1 = 1;
  private static $SmS2 = 2;
  private static $SmS3 = 3;
  private static $SmS4 = 4;
  private $sm;

  private static $Sm2Sm21 = 1;
  private static $Sm2Sm22 = 2;
  private $sm2;

  //------------------------
  // CONSTRUCTOR
  //------------------------

  public function __construct()
  {
    $this->setSm(self::$SmS1);
    $this->setSm2(self::$Sm2Sm21);
  }

  //------------------------
  // INTERFACE
  //------------------------

  public function getSmFullName()
  {
    $answer = $this->getSm();
    return $answer;
  }

  public function getSm2FullName()
  {
    $answer = $this->getSm2();
    return $answer;
  }

  public function getSm()
  {
    if ($this->sm == self::$SmS1) { return "SmS1"; }
    elseif ($this->sm == self::$SmS2) { return "SmS2"; }
    elseif ($this->sm == self::$SmS3) { return "SmS3"; }
    elseif ($this->sm == self::$SmS4) { return "SmS4"; }
    return null;
  }

  public function getSm2()
  {
    if ($this->sm2 == self::$Sm2Sm21) { return "Sm2Sm21"; }
    elseif ($this->sm2 == self::$Sm2Sm22) { return "Sm2Sm22"; }
    return null;
  }

  public function ev1()
  {
    $wasEventProcessed = false;
    
    $aSm = $this->sm;
    $aSm2 = $this->sm2;
    if ($aSm == self::$SmS1)
    {
      $this->setSm(self::$SmS2);
      $wasEventProcessed = true;
    }

    
    if ($aSm2 == self::$Sm2Sm21)
    {
      $this->setSm2(self::$Sm2Sm22);
      $wasEventProcessed = true;
    }
    return $wasEventProcessed;
  }

  public function ev5()
  {
    $wasEventProcessed = false;
    
    $aSm = $this->sm;
    if ($aSm == self::$SmS1)
    {
      $this->setSm(self::$SmS2);
      $wasEventProcessed = true;
    }
    return $wasEventProcessed;
  }

  public function ev2()
  {
    $wasEventProcessed = false;
    
    $aSm = $this->sm;
    if ($aSm == self::$SmS2)
    {
      $this->setSm(self::$SmS3);
      $wasEventProcessed = true;
    }
    return $wasEventProcessed;
  }

  public function ev3()
  {
    $wasEventProcessed = false;
    
    $aSm = $this->sm;
    if ($aSm == self::$SmS3)
    {
      $this->setSm(self::$SmS4);
      $wasEventProcessed = true;
    }
    return $wasEventProcessed;
  }

  public function ev4()
  {
    $wasEventProcessed = false;
    
    $aSm = $this->sm;
    if ($aSm == self::$SmS4)
    {
      $this->setSm(self::$SmS1);
      $wasEventProcessed = true;
    }
    return $wasEventProcessed;
  }

  public function ev7()
  {
    $wasEventProcessed = false;
    
    $aSm2 = $this->sm2;
    if ($aSm2 == self::$Sm2Sm22)
    {
      $this->setSm2(self::$Sm2Sm21);
      $wasEventProcessed = true;
    }
    return $wasEventProcessed;
  }

  private function setSm($aSm)
  {
    $this->sm = $aSm;
  }

  private function setSm2($aSm2)
  {
    $this->sm2 = $aSm2;
  }

  public function equals($compareTo)
  {
    return $this == $compareTo;
  }

  public function delete()
  {}

}
?>
<?php
/*PLEASE DO NOT EDIT THIS CODE*/
/*This code was generated using the UMPLE 1.31.1.5860.78bb27cc6 modeling language!*/

class X
{

  //------------------------
  // MEMBER VARIABLES
  //------------------------

  //X State Machines
  private static $SmS1 = 1;
  private static $SmS2 = 2;
  private $sm;

  private static $Sm1S3 = 1;
  private static $Sm1S4 = 2;
  private static $Sm1S5 = 3;
  private $sm1;

  //------------------------
  // CONSTRUCTOR
  //------------------------

  public function __construct()
  {
    $this->setSm(self::$SmS1);
    $this->setSm1(self::$Sm1S3);
  }

  //------------------------
  // INTERFACE
  //------------------------

  public function getSmFullName()
  {
    $answer = $this->getSm();
    return $answer;
  }

  public function getSm1FullName()
  {
    $answer = $this->getSm1();
    return $answer;
  }

  public function getSm()
  {
    if ($this->sm == self::$SmS1) { return "SmS1"; }
    elseif ($this->sm == self::$SmS2) { return "SmS2"; }
    return null;
  }

  public function getSm1()
  {
    if ($this->sm1 == self::$Sm1S3) { return "Sm1S3"; }
    elseif ($this->sm1 == self::$Sm1S4) { return "Sm1S4"; }
    elseif ($this->sm1 == self::$Sm1S5) { return "Sm1S5"; }
    return null;
  }

  public function e1()
  {
    $wasEventProcessed = false;
    
    $aSm = $this->sm;
    if ($aSm == self::$SmS1)
    {
      $this->setSm(self::$SmS2);
      $wasEventProcessed = true;
    }
    return $wasEventProcessed;
  }

  public function e2()
  {
    $wasEventProcessed = false;
    
    $aSm = $this->sm;
    if ($aSm == self::$SmS2)
    {
      $this->setSm(self::$SmS1);
      $wasEventProcessed = true;
    }
    return $wasEventProcessed;
  }

  public function e3()
  {
    $wasEventProcessed = false;
    
    $aSm1 = $this->sm1;
    if ($aSm1 == self::$Sm1S3)
    {
      $this->setSm1(self::$Sm1S4);
      $wasEventProcessed = true;
    }
    return $wasEventProcessed;
  }

  public function e4()
  {
    $wasEventProcessed = false;
    
    $aSm1 = $this->sm1;
    if ($aSm1 == self::$Sm1S4)
    {
      $this->setSm1(self::$Sm1S3);
      $wasEventProcessed = true;
    }
    return $wasEventProcessed;
  }

  private function setSm($aSm)
  {
    $this->sm = $aSm;
  }

  private function setSm1($aSm1)
  {
    $this->sm1 = $aSm1;
  }

  public function equals($compareTo)
  {
    return $this == $compareTo;
  }

  public function delete()
  {}

}
?>
<?php
/*PLEASE DO NOT EDIT THIS CODE*/
/*This code was generated using the UMPLE 1.31.1.5860.78bb27cc6 modeling language!*/

class A
{

  //------------------------
  // MEMBER VARIABLES
  //------------------------

  //A Attributes
  private $repeatCheck;

  //A State Machines
  private static $StatusS1 = 1;
  private static $StatusS2 = 2;
  private static $StatusS3 = 3;
  private $status;

  //------------------------
  // CONSTRUCTOR
  //------------------------

  public function __construct()
  {
    $this->repeatCheck = false;
    $this->setStatus(self::$StatusS1);
  }

  //------------------------
  // INTERFACE
  //------------------------

  public function setRepeatCheck($aRepeatCheck)
  {
    $wasSet = false;
    $this->repeatCheck = $aRepeatCheck;
    $wasSet = true;
    return $wasSet;
  }

  public function getRepeatCheck()
  {
    return $this->repeatCheck;
  }

  public function isRepeatCheck()
  {
    return $this->repeatCheck;
  }

  public function getStatusFullName()
  {
    $answer = $this->getStatus();
    return $answer;
  }

  public function getStatus()
  {
    if ($this->status == self::$StatusS1) { return "StatusS1"; }
    elseif ($this->status == self::$StatusS2) { return "StatusS2"; }
    elseif ($this->status == self::$StatusS3) { return "StatusS3"; }
    return null;
  }

  private function __autotransition1__()
  {
    $wasEventProcessed = false;
    
    $aStatus = $this->status;
    if ($aStatus == self::$StatusS1)
    {
      if ($this->repeatCheck())
      {
        $this->setStatus(self::$StatusS2);
        $wasEventProcessed = true;
      }
    }
    return $wasEventProcessed;
  }

  private function setStatus($aStatus)
  {
    $this->status = $aStatus;

    // entry actions and do activities
    if ($this->status == self::$StatusS1)
    {
      $this->__autotransition1__();
    }
  }

  public function equals($compareTo)
  {
    return $this == $compareTo;
  }

  public function delete()
  {}

  public function repeatCheck()
  {
    return true;
  }

}
?>
<?php
/*PLEASE DO NOT EDIT THIS CODE*/
/*This code was generated using the UMPLE 1.31.1.5860.78bb27cc6 modeling language!*/

class Light
{

  //------------------------
  // MEMBER VARIABLES
  //------------------------

  //Light State Machines
  private static $BulbOff = 1;
  private static $BulbOn = 2;
  private $bulb;

  //------------------------
  // CONSTRUCTOR
  //------------------------

  public function __construct()
  {
    $this->setBulb(self::$BulbOff);
  }

  //------------------------
  // INTERFACE
  //------------------------

  public function getBulbFullName()
  {
    $answer = $this->getBulb();
    return $answer;
  }

  public function getBulb()
  {
    if ($this->bulb == self::$BulbOff) { return "BulbOff"; }
    elseif ($this->bulb == self::$BulbOn) { return "BulbOn"; }
    return null;
  }

  private function __autotransition1__()
  {
    $wasEventProcessed = false;
    
    $aBulb = $this->bulb;
    if ($aBulb == self::$BulbOff)
    {
      $this->setBulb(self::$BulbOn);
      $wasEventProcessed = true;
    }
    return $wasEventProcessed;
  }

  private function setBulb($aBulb)
  {
    $this->bulb = $aBulb;

    // entry actions and do activities
    if ($this->bulb == self::$BulbOff)
    {
      $this->__autotransition1__();
    }
  }

  public function equals($compareTo)
  {
    return $this == $compareTo;
  }

  public function delete()
  {}

}
?>
<?php
/*PLEASE DO NOT EDIT THIS CODE*/
/*This code was generated using the UMPLE 1.31.1.5860.78bb27cc6 modeling language!*/

class X
{

  //------------------------
  // MEMBER VARIABLES
  //------------------------

  //X State Machines
  private static $SmS1 = 1;
  private static $SmS2 = 2;
  private $sm;

  //X Do Activity Threads
  private $doActivity0SmS1Thread = null;
  private $doActivity1SmS1Thread = null;

  //------------------------
  // CONSTRUCTOR
  //------------------------

  public function __construct()
  {
    $this->setSm(self::$SmS1);
  }

  //------------------------
  // INTERFACE
  //------------------------

  public function getSmFullName()
  {
    $answer = $this->getSm();
    return $answer;
  }

  public function getSm()
  {
    if ($this->sm == self::$SmS1) { return "SmS1"; }
    elseif ($this->sm == self::$SmS2) { return "SmS2"; }
    return null;
  }

  public function e1()
  {
    $wasEventProcessed = false;
    
    $aSm = $this->sm;
    if ($aSm == self::$SmS1)
    {
      $this->setSm(self::$SmS2);
      $wasEventProcessed = true;
    }
    return $wasEventProcessed;
  }

  private function setSm($aSm)
  {
    $this->sm = $aSm;

    // entry actions and do activities
    if ($this->sm == self::$SmS1)
    {
      blah1();
      blah2();
    }
  }

  public function equals($compareTo)
  {
    return $this == $compareTo;
  }

  public function delete()
  {}

}
?>
<?php
/*PLEASE DO NOT EDIT THIS CODE*/
/*This code was generated using the UMPLE 1.31.1.5860.78bb27cc6 modeling language!*/

class LightFixture
{

  //------------------------
  // MEMBER VARIABLES
  //------------------------

  //LightFixture State Machines
  private static $BulbOn = 1;
  private static $BulbOff = 2;
  private $bulb;

  //------------------------
  // CONSTRUCTOR
  //------------------------

  public function __construct()
  {
    $this->setBulb(self::$BulbOn);
  }

  //------------------------
  // INTERFACE
  //------------------------

  public function getBulbFullName()
  {
    $answer = $this->getBulb();
    return $answer;
  }

  public function getBulb()
  {
    if ($this->bulb == self::$BulbOn) { return "BulbOn"; }
    elseif ($this->bulb == self::$BulbOff) { return "BulbOff"; }
    return null;
  }

  public function push()
  {
    $wasEventProcessed = false;
    
    $aBulb = $this->bulb;
    if ($aBulb == self::$BulbOn)
    {
      if ($this->isTurnedOn)
      {
        $this->exitBulb();
        doTransition();
        $this->setBulb(self::$BulbOff);
        $wasEventProcessed = true;
      }
    }
    return $wasEventProcessed;
  }

  private function exitBulb()
  {
    if ($this->bulb == self::$BulbOn)
    {
      doExit();
    }
  }

  private function setBulb($aBulb)
  {
    $this->bulb = $aBulb;

    // entry actions and do activities
    if ($this->bulb == self::$BulbOn)
    {
      doEntry();
    }
  }

  public function equals($compareTo)
  {
    return $this == $compareTo;
  }

  public function delete()
  {}

}
?>
<?php
/*PLEASE DO NOT EDIT THIS CODE*/
/*This code was generated using the UMPLE 1.31.1.5860.78bb27cc6 modeling language!*/

class Light
{

  //------------------------
  // MEMBER VARIABLES
  //------------------------

  //Light State Machines
  private static $BulbOff = 1;
  private static $BulbOn = 2;
  private $bulb;

  //------------------------
  // CONSTRUCTOR
  //------------------------

  public function __construct()
  {
    $this->setBulb(self::$BulbOff);
  }

  //------------------------
  // INTERFACE
  //------------------------

  public function getBulbFullName()
  {
    $answer = $this->getBulb();
    return $answer;
  }

  public function getBulb()
  {
    if ($this->bulb == self::$BulbOff) { return "BulbOff"; }
    elseif ($this->bulb == self::$BulbOn) { return "BulbOn"; }
    return null;
  }

  private function __autotransition1__()
  {
    $wasEventProcessed = false;
    
    $aBulb = $this->bulb;
    if ($aBulb == self::$BulbOff)
    {
      $this->setBulb(self::$BulbOn);
      $wasEventProcessed = true;
    }
    return $wasEventProcessed;
  }

  private function setBulb($aBulb)
  {
    $this->bulb = $aBulb;

    // entry actions and do activities
    if ($this->bulb == self::$BulbOff)
    {
      $this->__autotransition1__();
    }
  }

  public function equals($compareTo)
  {
    return $this == $compareTo;
  }

  public function delete()
  {}

}
?>
<?php
/*PLEASE DO NOT EDIT THIS CODE*/
/*This code was generated using the UMPLE 1.31.1.5860.78bb27cc6 modeling language!*/

class Course
{

  //------------------------
  // MEMBER VARIABLES
  //------------------------

  //Course State Machines
  private static $StatusOpen = 1;
  private static $StatusFull = 2;
  private $status;

  //------------------------
  // CONSTRUCTOR
  //------------------------

  public function __construct()
  {
    $this->setStatus(self::$StatusOpen);
  }

  //------------------------
  // INTERFACE
  //------------------------

  public function getStatusFullName()
  {
    $answer = $this->getStatus();
    return $answer;
  }

  public function getStatus()
  {
    if ($this->status == self::$StatusOpen) { return "StatusOpen"; }
    elseif ($this->status == self::$StatusFull) { return "StatusFull"; }
    return null;
  }

  public function setStatus($aStatus)
  {
    if ($aStatus == "StatusOpen" || $aStatus == self::$StatusOpen)
    {
      $this->status = self::$StatusOpen;
      return true;
    }
    elseif ($aStatus == "StatusFull" || $aStatus == self::$StatusFull)
    {
      $this->status = self::$StatusFull;
      return true;
    }
    else
    {
      return false;
    }
  }

  public function equals($compareTo)
  {
    return $this == $compareTo;
  }

  public function delete()
  {}

}
?>
<?php
/*PLEASE DO NOT EDIT THIS CODE*/
/*This code was generated using the UMPLE 1.31.1.5860.78bb27cc6 modeling language!*/

class LightFixture
{

  //------------------------
  // MEMBER VARIABLES
  //------------------------

  //LightFixture Attributes
  private $brightness;

  //LightFixture State Machines
  private static $BulbOn = 1;
  private static $BulbOff = 2;
  private $bulb;

  //------------------------
  // CONSTRUCTOR
  //------------------------

  public function __construct()
  {
    $this->brightness = 0;
    $this->setBulb(self::$BulbOn);
  }

  //------------------------
  // INTERFACE
  //------------------------

  public function setBrightness($aBrightness)
  {
    $wasSet = false;
    $this->brightness = $aBrightness;
    $wasSet = true;
    return $wasSet;
  }

  public function getBrightness()
  {
    return $this->brightness;
  }

  public function getBulbFullName()
  {
    $answer = $this->getBulb();
    return $answer;
  }

  public function getBulb()
  {
    if ($this->bulb == self::$BulbOn) { return "BulbOn"; }
    elseif ($this->bulb == self::$BulbOff) { return "BulbOff"; }
    return null;
  }

  public function push()
  {
    $wasEventProcessed = false;
    
    $aBulb = $this->bulb;
    if ($aBulb == self::$BulbOn)
    {
      if ($this->getBrightness()<1)
      {
        $this->setBulb(self::$BulbOff);
        $wasEventProcessed = true;
      }
    }
    return $wasEventProcessed;
  }

  private function setBulb($aBulb)
  {
    $this->bulb = $aBulb;
  }

  public function equals($compareTo)
  {
    return $this == $compareTo;
  }

  public function delete()
  {}

}
?>
<?php
/*PLEASE DO NOT EDIT THIS CODE*/
/*This code was generated using the UMPLE 1.31.1.5860.78bb27cc6 modeling language!*/

class Student
{

  //------------------------
  // MEMBER VARIABLES
  //------------------------

  //Student State Machines
  private static $GradePass = 1;
  private $grade;

  //------------------------
  // CONSTRUCTOR
  //------------------------

  public function __construct()
  {
    $this->setGrade(self::$GradePass);
  }

  //------------------------
  // INTERFACE
  //------------------------

  public function getGradeFullName()
  {
    $answer = $this->getGrade();
    return $answer;
  }

  public function getGrade()
  {
    if ($this->grade == self::$GradePass) { return "GradePass"; }
    return null;
  }

  public function setGrade($aGrade)
  {
    if ($aGrade == "GradePass" || $aGrade == self::$GradePass)
    {
      $this->grade = self::$GradePass;
      return true;
    }
    else
    {
      return false;
    }
  }

  public function equals($compareTo)
  {
    return $this == $compareTo;
  }

  public function delete()
  {}

}
?>
<?php
/*PLEASE DO NOT EDIT THIS CODE*/
/*This code was generated using the UMPLE 1.31.1.5860.78bb27cc6 modeling language!*/

class Light
{

  //------------------------
  // MEMBER VARIABLES
  //------------------------

  //Light State Machines
  private static $BulbOff = 1;
  private static $BulbOn = 2;
  private $bulb;

  //------------------------
  // CONSTRUCTOR
  //------------------------

  public function __construct()
  {
    $this->setBulb(self::$BulbOff);
  }

  //------------------------
  // INTERFACE
  //------------------------

  public function getBulbFullName()
  {
    $answer = $this->getBulb();
    return $answer;
  }

  public function getBulb()
  {
    if ($this->bulb == self::$BulbOff) { return "BulbOff"; }
    elseif ($this->bulb == self::$BulbOn) { return "BulbOn"; }
    return null;
  }

  private function __autotransition1__()
  {
    $wasEventProcessed = false;
    
    $aBulb = $this->bulb;
    if ($aBulb == self::$BulbOff)
    {
      $this->setBulb(self::$BulbOn);
      $wasEventProcessed = true;
    }
    return $wasEventProcessed;
  }

  private function setBulb($aBulb)
  {
    $this->bulb = $aBulb;

    // entry actions and do activities
    if ($this->bulb == self::$BulbOff)
    {
      $this->__autotransition1__();
    }
  }

  public function equals($compareTo)
  {
    return $this == $compareTo;
  }

  public function delete()
  {}

}
?>
<?php
/*PLEASE DO NOT EDIT THIS CODE*/
/*This code was generated using the UMPLE 1.31.1.5860.78bb27cc6 modeling language!*/

class Course
{

  //------------------------
  // MEMBER VARIABLES
  //------------------------

  //Course State Machines
  private static $StatusOpen = 1;
  private $status;

  //------------------------
  // CONSTRUCTOR
  //------------------------

  public function __construct()
  {
    $this->setStatus(self::$StatusOpen);
  }

  //------------------------
  // INTERFACE
  //------------------------

  public function getStatusFullName()
  {
    $answer = $this->getStatus();
    return $answer;
  }

  public function getStatus()
  {
    if ($this->status == self::$StatusOpen) { return "StatusOpen"; }
    return null;
  }

  public function register()
  {
    $wasEventProcessed = false;
    
    $aStatus = $this->status;
    if ($aStatus == self::$StatusOpen)
    {
      $this->setStatus(self::$StatusOpen);
      $wasEventProcessed = true;
    }
    return $wasEventProcessed;
  }

  private function setStatus($aStatus)
  {
    $this->status = $aStatus;
  }

  public function equals($compareTo)
  {
    return $this == $compareTo;
  }

  public function delete()
  {}

}
?>
]]></system-out>
  <system-err><![CDATA[]]></system-err>
</testsuite>
