<?xml version="1.0" encoding="UTF-8" ?>
<testsuite errors="0" failures="0" hostname="Abdulazizs-MacBook-Pro.local" name="cruise.umple.implementation.xmi.XmiGeneratorTest" skipped="0" tests="3" time="0.014" timestamp="2021-10-26T14:28:16">
  <properties>
[...]
</properties>
  <testcase classname="cruise.umple.implementation.xmi.XmiGeneratorTest" name="Xmi" time="0.008" />
  <testcase classname="cruise.umple.implementation.xmi.XmiGeneratorTest" name="Associations" time="0.004" />
  <testcase classname="cruise.umple.implementation.xmi.XmiGeneratorTest" name="avoidJunitError" time="0.001" />
  <system-out><![CDATA[<?xml version="1.0" encoding="UTF-8"?>
<uml:Package xmi:version="2.1" xmlns:xmi="http://schema.omg.org/spec/XMI/2.1" xmlns:uml="http://www.eclipse.org/uml2/3.0.0/UML" xmi:id="_0" name="example">
  <packageImport xmi:id="_packageImport.0" importedPackage="dataType"/>
  <packagedElement xmi:type="uml:Package" xmi:id="dataType" name="dataType">
    <packagedElement xmi:type="uml:PrimitiveType" xmi:id="dataType-String" name="String"/>
    <packagedElement xmi:type="uml:PrimitiveType" xmi:id="dataType-Integer" name="Integer"/>
    <packagedElement xmi:type="uml:PrimitiveType" xmi:id="dataType-Double" name="Double"/>
    <packagedElement xmi:type="uml:PrimitiveType" xmi:id="dataType-Date" name="Date"/>
    <packagedElement xmi:type="uml:PrimitiveType" xmi:id="dataType-Time" name="Time"/>
    <packagedElement xmi:type="uml:PrimitiveType" xmi:id="dataType-Boolean" name="Boolean"/>
  </packagedElement>
  <packagedElement xmi:type="uml:Class" xmi:id="Person" name="Person">
    <ownedAttribute xmi:id="Person-status" name="status" visibility="private" type="Status">
      <upperValue xmi:type="uml:LiteralUnlimitedNatural" xmi:id="Person-status-_upperValue" value="1"/>
      <lowerValue xmi:type="uml:LiteralUnlimitedNatural" xmi:id="Person-status-_lowerValue" value="1"/>
    </ownedAttribute>
  </packagedElement>
  <packagedElement xmi:type="uml:Enumeration" xmi:id="Status" name="Status">
    <ownedLiteral xmi:id="Status-Registered" name="Registered"/>
    <ownedLiteral xmi:id="Status-Active" name="Active"/>
    <ownedLiteral xmi:id="Status-Inactive" name="Inactive"/>
  </packagedElement>
  <packagedElement xmi:type="uml:Class" xmi:id="Product" name="Product">
    <ownedAttribute xmi:id="Product-description" name="description" visibility="private" type="dataType-String">
      <upperValue xmi:type="uml:LiteralUnlimitedNatural" xmi:id="Product-description-_upperValue" value="1"/>
      <lowerValue xmi:type="uml:LiteralUnlimitedNatural" xmi:id="Product-description-_lowerValue" value="1"/>
    </ownedAttribute>
    <ownedAttribute xmi:id="Product-available" name="available" visibility="private" type="dataType-Integer">
      <upperValue xmi:type="uml:LiteralUnlimitedNatural" xmi:id="Product-available-_upperValue" value="1"/>
      <lowerValue xmi:type="uml:LiteralUnlimitedNatural" xmi:id="Product-available-_lowerValue" value="1"/>
    </ownedAttribute>
    <ownedAttribute xmi:id="Product-price" name="price" visibility="private" type="dataType-Double">
      <upperValue xmi:type="uml:LiteralUnlimitedNatural" xmi:id="Product-price-_upperValue" value="1"/>
      <lowerValue xmi:type="uml:LiteralUnlimitedNatural" xmi:id="Product-price-_lowerValue" value="1"/>
    </ownedAttribute>
    <ownedAttribute xmi:id="Product-createdDate" name="createdDate" visibility="private" type="dataType-Date">
      <upperValue xmi:type="uml:LiteralUnlimitedNatural" xmi:id="Product-createdDate-_upperValue" value="1"/>
      <lowerValue xmi:type="uml:LiteralUnlimitedNatural" xmi:id="Product-createdDate-_lowerValue" value="1"/>
    </ownedAttribute>
    <ownedAttribute xmi:id="Product-createdTime" name="createdTime" visibility="private" type="dataType-Time">
      <upperValue xmi:type="uml:LiteralUnlimitedNatural" xmi:id="Product-createdTime-_upperValue" value="1"/>
      <lowerValue xmi:type="uml:LiteralUnlimitedNatural" xmi:id="Product-createdTime-_lowerValue" value="1"/>
    </ownedAttribute>
    <ownedAttribute xmi:id="Product-isActive" name="isActive" visibility="private" type="dataType-Boolean">
      <upperValue xmi:type="uml:LiteralUnlimitedNatural" xmi:id="Product-isActive-_upperValue" value="1"/>
      <lowerValue xmi:type="uml:LiteralUnlimitedNatural" xmi:id="Product-isActive-_lowerValue" value="1"/>
    </ownedAttribute>
  </packagedElement>
  <packagedElement xmi:type="uml:Association" xmi:id="CartItem:item__Product" name="CartItem:item__Product" memberEnd="CartItem:item__Product-item CartItem:item__Product-product" navigableOwnedEnd="CartItem:item__Product-item CartItem:item__Product-product">
    <ownedEnd xmi:id="CartItem:item__Product-item" name="item" type="CartItem" association="CartItem:item__Product">
      <upperValue xmi:type="uml:LiteralUnlimitedNatural" xmi:id="CartItem:item__Product-item-_upperValue" value="*"/>
      <lowerValue xmi:type="uml:LiteralInteger" xmi:id="CartItem:item__Product-item-_lowerValue" value="3"/>
    </ownedEnd>
    <ownedEnd xmi:id="CartItem:item__Product-product" name="product" type="Product" association="CartItem:item__Product">
      <upperValue xmi:type="uml:LiteralUnlimitedNatural" xmi:id="CartItem:item__Product-product-_upperValue" value="1"/>
      <lowerValue xmi:type="uml:LiteralInteger" xmi:id="CartItem:item__Product-product-_lowerValue" value="0"/>
    </ownedEnd>
  </packagedElement>
  <packagedElement xmi:type="uml:Class" xmi:id="Cart" name="Cart">
    <interfaceRealization xmi:id="Cart-_interfaceRealization.0" supplier="ICart" client="Cart" contract="ICart"/>
  </packagedElement>
  <packagedElement xmi:type="uml:Class" xmi:id="CartItem" name="CartItem">
  </packagedElement>
  <packagedElement xmi:type="uml:Class" xmi:id="PaymentMethod" name="PaymentMethod">
  </packagedElement>
  <packagedElement xmi:type="uml:Class" xmi:id="Cheque" name="Cheque">
    <generalization xmi:id="Cheque-_generalization.0" general="PaymentMethod"/>
  </packagedElement>
  <packagedElement xmi:type="uml:Interface" xmi:id="ICart" name="ICart">
</uml:Package>

<?xml version="1.0" encoding="UTF-8"?>
<uml:Package xmi:version="2.1" xmlns:xmi="http://schema.omg.org/spec/XMI/2.1" xmlns:uml="http://www.eclipse.org/uml2/3.0.0/UML" xmi:id="_0" name="example">
  <packageImport xmi:id="_packageImport.0" importedPackage="dataType"/>
  <packagedElement xmi:type="uml:Package" xmi:id="dataType" name="dataType">
    <packagedElement xmi:type="uml:PrimitiveType" xmi:id="dataType-String" name="String"/>
    <packagedElement xmi:type="uml:PrimitiveType" xmi:id="dataType-Integer" name="Integer"/>
    <packagedElement xmi:type="uml:PrimitiveType" xmi:id="dataType-Double" name="Double"/>
    <packagedElement xmi:type="uml:PrimitiveType" xmi:id="dataType-Date" name="Date"/>
    <packagedElement xmi:type="uml:PrimitiveType" xmi:id="dataType-Time" name="Time"/>
    <packagedElement xmi:type="uml:PrimitiveType" xmi:id="dataType-Boolean" name="Boolean"/>
  </packagedElement>
  <packagedElement xmi:type="uml:Class" xmi:id="Student" name="Student">
  </packagedElement>
  <packagedElement xmi:type="uml:Association" xmi:id="Mentor:n__Student:b" name="Mentor:n__Student:b" memberEnd="Mentor:n__Student:b-b Mentor:n__Student:b-n" navigableOwnedEnd="Mentor:n__Student:b-b Mentor:n__Student:b-n">
    <ownedEnd xmi:id="Mentor:n__Student:b-b" name="b" type="Student" association="Mentor:n__Student:b">
      <upperValue xmi:type="uml:LiteralUnlimitedNatural" xmi:id="Mentor:n__Student:b-b-_upperValue" value="*"/>
      <lowerValue xmi:type="uml:LiteralInteger" xmi:id="Mentor:n__Student:b-b-_lowerValue" value="0"/>
    </ownedEnd>
    <ownedEnd xmi:id="Mentor:n__Student:b-n" name="n" type="Mentor" association="Mentor:n__Student:b">
      <upperValue xmi:type="uml:LiteralUnlimitedNatural" xmi:id="Mentor:n__Student:b-n-_upperValue" value="1"/>
      <lowerValue xmi:type="uml:LiteralInteger" xmi:id="Mentor:n__Student:b-n-_lowerValue" value="1"/>
    </ownedEnd>
  </packagedElement>
  <packagedElement xmi:type="uml:Association" xmi:id="Mentor:o__Student:c" name="Mentor:o__Student:c" memberEnd="Mentor:o__Student:c-c Mentor:o__Student:c-o" navigableOwnedEnd="Mentor:o__Student:c-c Mentor:o__Student:c-o">
    <ownedEnd xmi:id="Mentor:o__Student:c-c" name="c" type="Student" association="Mentor:o__Student:c">
      <upperValue xmi:type="uml:LiteralUnlimitedNatural" xmi:id="Mentor:o__Student:c-c-_upperValue" value="1"/>
      <lowerValue xmi:type="uml:LiteralInteger" xmi:id="Mentor:o__Student:c-c-_lowerValue" value="1"/>
    </ownedEnd>
    <ownedEnd xmi:id="Mentor:o__Student:c-o" name="o" type="Mentor" association="Mentor:o__Student:c">
      <upperValue xmi:type="uml:LiteralUnlimitedNatural" xmi:id="Mentor:o__Student:c-o-_upperValue" value="3"/>
      <lowerValue xmi:type="uml:LiteralInteger" xmi:id="Mentor:o__Student:c-o-_lowerValue" value="3"/>
    </ownedEnd>
  </packagedElement>
  <packagedElement xmi:type="uml:Association" xmi:id="Mentor:p__Student:d" name="Mentor:p__Student:d" memberEnd="Mentor:p__Student:d-d Mentor:p__Student:d-p" navigableOwnedEnd="Mentor:p__Student:d-d Mentor:p__Student:d-p">
    <ownedEnd xmi:id="Mentor:p__Student:d-d" name="d" type="Student" association="Mentor:p__Student:d">
      <upperValue xmi:type="uml:LiteralUnlimitedNatural" xmi:id="Mentor:p__Student:d-d-_upperValue" value="5"/>
      <lowerValue xmi:type="uml:LiteralInteger" xmi:id="Mentor:p__Student:d-d-_lowerValue" value="3"/>
    </ownedEnd>
    <ownedEnd xmi:id="Mentor:p__Student:d-p" name="p" type="Mentor" association="Mentor:p__Student:d">
      <upperValue xmi:type="uml:LiteralUnlimitedNatural" xmi:id="Mentor:p__Student:d-p-_upperValue" value="*"/>
      <lowerValue xmi:type="uml:LiteralInteger" xmi:id="Mentor:p__Student:d-p-_lowerValue" value="0"/>
    </ownedEnd>
  </packagedElement>
  <packagedElement xmi:type="uml:Association" xmi:id="Supervisor" name="Supervisor" memberEnd="Supervisor-a Supervisor-m" navigableOwnedEnd="Supervisor-a Supervisor-m">
    <ownedEnd xmi:id="Supervisor-a" name="a" type="Student" association="Supervisor">
      <upperValue xmi:type="uml:LiteralUnlimitedNatural" xmi:id="Supervisor-a-_upperValue" value="1"/>
      <lowerValue xmi:type="uml:LiteralInteger" xmi:id="Supervisor-a-_lowerValue" value="0"/>
    </ownedEnd>
    <ownedEnd xmi:id="Supervisor-m" name="m" type="Mentor" association="Supervisor">
      <upperValue xmi:type="uml:LiteralUnlimitedNatural" xmi:id="Supervisor-m-_upperValue" value="4"/>
      <lowerValue xmi:type="uml:LiteralInteger" xmi:id="Supervisor-m-_lowerValue" value="0"/>
    </ownedEnd>
  </packagedElement>
  <packagedElement xmi:type="uml:Class" xmi:id="Mentor" name="Mentor">
  </packagedElement>
</uml:Package>

]]></system-out>
  <system-err><![CDATA[]]></system-err>
</testsuite>
