<?xml version="1.0" encoding="UTF-8" ?>
<testsuite errors="0" failures="1" hostname="Abdulazizs-MacBook-Pro.local" name="cruise.umple.compiler.mixset.UmpleMixsetTest" skipped="0" tests="47" time="2.612" timestamp="2021-10-26T14:27:59">
  <properties>
[...]
</properties>
  <testcase classname="cruise.umple.compiler.mixset.UmpleMixsetTest" name="mixsetInsideMethods_noUseStatement" time="0.007" />
  <testcase classname="cruise.umple.compiler.mixset.UmpleMixsetTest" name="mixsetRequireSubStatementNoWarnings" time="0.18" />
  <testcase classname="cruise.umple.compiler.mixset.UmpleMixsetTest" name="mixsetDefinition" time="0.18" />
  <testcase classname="cruise.umple.compiler.mixset.UmpleMixsetTest" name="mixsetUseInCodeTest" time="0.009" />
  <testcase classname="cruise.umple.compiler.mixset.UmpleMixsetTest" name="mixsetInsideMethods_useM1andM2Statement" time="0.003" />
  <testcase classname="cruise.umple.compiler.mixset.UmpleMixsetTest" name="lastElementMixsetBodyError" time="0.18" />
  <testcase classname="cruise.umple.compiler.mixset.UmpleMixsetTest" name="mixsetUseStatement" time="0.18" />
  <testcase classname="cruise.umple.compiler.mixset.UmpleMixsetTest" name="stateMachine_State_HasMixset" time="0.005" />
  <testcase classname="cruise.umple.compiler.mixset.UmpleMixsetTest" name="inlineMixsetsInsideMethodPhpCode" time="0.002" />
  <testcase classname="cruise.umple.compiler.mixset.UmpleMixsetTest" name="oneElementMixsetBodyError" time="0.179" />
  <testcase classname="cruise.umple.compiler.mixset.UmpleMixsetTest" name="mixsetInsideMethods_useM1andInnerMixsetStatement" time="0.003" />
  <testcase classname="cruise.umple.compiler.mixset.UmpleMixsetTest" name="testCasecadeExtentionOfLabeledAspect" time="0.005" />
  <testcase classname="cruise.umple.compiler.mixset.UmpleMixsetTest" name="isFeatureKeyword" time="0.008" />
  <testcase classname="cruise.umple.compiler.mixset.UmpleMixsetTest" name="multipleAspectsForOneLabelMethod" time="0.007" />
  <testcase classname="cruise.umple.compiler.mixset.UmpleMixsetTest" name="refactorInlineMixsetIntoCompMixset" time="0.017" />
  <testcase classname="cruise.umple.compiler.mixset.UmpleMixsetTest" name="umpFileInsideMixsetNotusedIsParsed" time="0.011" />
  <testcase classname="cruise.umple.compiler.mixset.UmpleMixsetTest" name="testAround_noLabels" time="0.005" />
  <testcase classname="cruise.umple.compiler.mixset.UmpleMixsetTest" name="inlineMixsetsInsideAspectCode" time="0.004" />
  <testcase classname="cruise.umple.compiler.mixset.UmpleMixsetTest" name="fileMaintainItsOrderWithMixset" time="0.004" />
  <testcase classname="cruise.umple.compiler.mixset.UmpleMixsetTest" name="parseLabelsInsideMethod" time="0.008" />
  <testcase classname="cruise.umple.compiler.mixset.UmpleMixsetTest" name="mixsetUseInSubsequentFile" time="0.005" />
  <testcase classname="cruise.umple.compiler.mixset.UmpleMixsetTest" name="mixsetUseInConsoleTest" time="0.006" />
  <testcase classname="cruise.umple.compiler.mixset.UmpleMixsetTest" name="mixsetInsideMethods_useM2Statement" time="0.002" />
  <testcase classname="cruise.umple.compiler.mixset.UmpleMixsetTest" name="featureDependencies" time="0.005" />
  <testcase classname="cruise.umple.compiler.mixset.UmpleMixsetTest" name="mixsetInsideMethods_useM1andInnerMixsetandM2Statement" time="0.003" />
  <testcase classname="cruise.umple.compiler.mixset.UmpleMixsetTest" name="mixsetInsideMethods_useM1Statement" time="0.002" />
  <testcase classname="cruise.umple.compiler.mixset.UmpleMixsetTest" name="associationHasMixset" time="0.005" />
  <testcase classname="cruise.umple.compiler.mixset.UmpleMixsetTest" name="testAround_twoLabels" time="0.003" />
  <testcase classname="cruise.umple.compiler.mixset.UmpleMixsetTest" name="multipleMixsetUseInConsoleTest" time="0.006" />
  <testcase classname="cruise.umple.compiler.mixset.UmpleMixsetTest" name="featureUseIsValid" time="0.008" />
  <testcase classname="cruise.umple.compiler.mixset.UmpleMixsetTest" name="emptyMixsetBody" time="0.179" />
  <testcase classname="cruise.umple.compiler.mixset.UmpleMixsetTest" name="mixsetInsideMethods_deleteProperCloseBracket" time="0.021" />
  <testcase classname="cruise.umple.compiler.mixset.UmpleMixsetTest" name="useStatementsDependency" time="0.004" />
  <testcase classname="cruise.umple.compiler.mixset.UmpleMixsetTest" name="multipleMixsetsInOneUseStatment" time="0.002" />
  <testcase classname="cruise.umple.compiler.mixset.UmpleMixsetTest" name="innerMixsetHasNoEffectWhenParentMixsetNotUsed" time="0.002" />
  <testcase classname="cruise.umple.compiler.mixset.UmpleMixsetTest" name="mixsetRequireStatementNoWarnings" time="0.18" />
  <testcase classname="cruise.umple.compiler.mixset.UmpleMixsetTest" name="TraitHasMixset" time="0.003" />
  <testcase classname="cruise.umple.compiler.mixset.UmpleMixsetTest" name="parseInlineMixsetInsideMixset" time="0.221" />
  <testcase classname="cruise.umple.compiler.mixset.UmpleMixsetTest" name="middleOfMixsetBodyError" time="0.18" />
  <testcase classname="cruise.umple.compiler.mixset.UmpleMixsetTest" name="inlineMixsetsInTemplate" time="0.008" />
  <testcase classname="cruise.umple.compiler.mixset.UmpleMixsetTest" name="nestedMixsetBodyWarning" time="0.183" />
  <testcase classname="cruise.umple.compiler.mixset.UmpleMixsetTest" name="stateMachine_StateEntity_HasMixset" time="0.005" />
  <testcase classname="cruise.umple.compiler.mixset.UmpleMixsetTest" name="mixsetUsedHasNoDefinition" time="0.19">
    <failure message="There were no error messages. Was looking at [5,4]." type="junit.framework.AssertionFailedError">junit.framework.AssertionFailedError: There were no error messages. Was looking at [5,4].
	at cruise.umple.compiler.UmpleParserTest.assertHasWarningsParse(UmpleParserTest.java:3563)
	at cruise.umple.compiler.UmpleParserTest.assertHasWarningsParse(UmpleParserTest.java:3585)
	at cruise.umple.compiler.mixset.UmpleMixsetTest.mixsetUsedHasNoDefinition(UmpleMixsetTest.java:783)
	at java.base/jdk.internal.reflect.NativeMethodAccessorImpl.invoke0(Native Method)
	at java.base/jdk.internal.reflect.NativeMethodAccessorImpl.invoke(NativeMethodAccessorImpl.java:64)
	at java.base/jdk.internal.reflect.DelegatingMethodAccessorImpl.invoke(DelegatingMethodAccessorImpl.java:43)
</failure>
  </testcase>
  <testcase classname="cruise.umple.compiler.mixset.UmpleMixsetTest" name="parseInlineMixsetInsideUmpleEntity" time="0.187" />
  <testcase classname="cruise.umple.compiler.mixset.UmpleMixsetTest" name="sameLabelManyTimesWarning" time="0.183" />
  <testcase classname="cruise.umple.compiler.mixset.UmpleMixsetTest" name="reqStatmentForMixsetNotusedIsParsed" time="0.006" />
  <testcase classname="cruise.umple.compiler.mixset.UmpleMixsetTest" name="mixsetWithNoUseStatementHasNoEffect" time="0.001" />
  <system-out><![CDATA[Processing -> mixsetUseInCodeTest.ump
  Compiled to target language Java
Success! Processed mixsetUseInCodeTest.ump.
[ROOT:][mixsetDefinition][mixsetName:A][extraCode:class One {}

statemachine][useStatement][use:A][multilineComment:Expected Error message:
Error 1502 on line 3 of file "lastElementError.ump":
Parsing error: Structure of 'class' invalid]
[ROOT:][mixsetDefinition][mixsetName:OneElementMixset][extraCode:class][useStatement][use:OneElementMixset][multilineComment:Expected Error message:
Error 1502 on line 5 of file "oneElementMixsetBodyError.ump":
Parsing error: Structure of 'class' invalid]
Processing -> first.ump
  Compiled to target language Java
Success! Processed first.ump.
Processing -> mixsetUseInConsoleTest.ump
  Compiled to target language Java
Success! Processed mixsetUseInConsoleTest.ump.
Processing -> mixset_1.ump
  Compiled to target language Java
Success! Processed mixset_1.ump.
Success! Processed mixset_2.ump.
[ROOT:][classDefinition][name:Y1][mixsetDefinition][mixsetName:M1][extraCode:class A{
}
 Error_at_line_12

class B{}][useStatement][use:M1]
]]></system-out>
  <system-err><![CDATA[No classes were compiled. It is likely there was no compilable code in the source .ump file(s) including isFeatureStatements.ump
No classes were compiled. It is likely there was no compilable code in the source .ump file(s) including featureDepend.ump
No classes were compiled. It is likely there was no compilable code in the source .ump file(s) including mobileSPL_1.ump
No classes were compiled. It is likely there was no compilable code in the source .ump file(s) including mobileSPL_2.ump
]]></system-err>
</testsuite>
