<?xml version="1.0" encoding="UTF-8" ?>
<testsuite errors="0" failures="0" hostname="Abdulazizs-MacBook-Pro.local" name="cruise.umple.statemachine.implementation.StateMachineTest" skipped="0" tests="134" time="1.688" timestamp="2021-10-26T14:28:16">
  <properties>
[...]
</properties>
  <testcase classname="cruise.umple.statemachine.implementation.StateMachineTest" name="queuedStateMachine_withParameters_1" time="0.095" />
  <testcase classname="cruise.umple.statemachine.implementation.StateMachineTest" name="refactorFinalState_hasAllInvalidElements" time="0.017" />
  <testcase classname="cruise.umple.statemachine.implementation.StateMachineTest" name="testRegionFinalStates_1" time="0.027" />
  <testcase classname="cruise.umple.statemachine.implementation.StateMachineTest" name="testRegionFinalStates_2" time="0.011" />
  <testcase classname="cruise.umple.statemachine.implementation.StateMachineTest" name="testRegionFinalStates_3" time="0.01" />
  <testcase classname="cruise.umple.statemachine.implementation.StateMachineTest" name="testRegionFinalStates_4" time="0.01" />
  <testcase classname="cruise.umple.statemachine.implementation.StateMachineTest" name="testRegionFinalStates_5" time="0.014" />
  <testcase classname="cruise.umple.statemachine.implementation.StateMachineTest" name="testRegionFinalStates_6" time="0.017" />
  <testcase classname="cruise.umple.statemachine.implementation.StateMachineTest" name="checkExternalTransitions_noNestedStateMachines" time="0.006" />
  <testcase classname="cruise.umple.statemachine.implementation.StateMachineTest" name="pooledStateMachine_timedEvents" time="0.033" />
  <testcase classname="cruise.umple.statemachine.implementation.StateMachineTest" name="stateMachineWithNegativeNumberGuard2" time="0.008" />
  <testcase classname="cruise.umple.statemachine.implementation.StateMachineTest" name="parallelSm_diffNamesDiffStates_2" time="0.068" />
  <testcase classname="cruise.umple.statemachine.implementation.StateMachineTest" name="testFinalKeyword" time="0.008" />
  <testcase classname="cruise.umple.statemachine.implementation.StateMachineTest" name="transitionAction" time="0.008" />
  <testcase classname="cruise.umple.statemachine.implementation.StateMachineTest" name="queuedWithConcurrensStatesCourseAttempt" time="0.017" />
  <testcase classname="cruise.umple.statemachine.implementation.StateMachineTest" name="testFinalKeyword_2" time="0.006" />
  <testcase classname="cruise.umple.statemachine.implementation.StateMachineTest" name="finalState" time="0.004" />
  <testcase classname="cruise.umple.statemachine.implementation.StateMachineTest" name="stateNameSpacingForEventTransitionNewState" time="0.005" />
  <testcase classname="cruise.umple.statemachine.implementation.StateMachineTest" name="stateMachine_UnspecifiedReception" time="0.007" />
  <testcase classname="cruise.umple.statemachine.implementation.StateMachineTest" name="entryExitActionDuplicates" time="0.007" />
  <testcase classname="cruise.umple.statemachine.implementation.StateMachineTest" name="testTwoParameterGuard_1" time="0.02" />
  <testcase classname="cruise.umple.statemachine.implementation.StateMachineTest" name="queuedWithNestingStatesATM" time="0.021" />
  <testcase classname="cruise.umple.statemachine.implementation.StateMachineTest" name="eventWithArguments" time="0.011" />
  <testcase classname="cruise.umple.statemachine.implementation.StateMachineTest" name="entryAction" time="0.004" />
  <testcase classname="cruise.umple.statemachine.implementation.StateMachineTest" name="refactorFinalState_invalidElementsInNestedFinalState" time="0.008" />
  <testcase classname="cruise.umple.statemachine.implementation.StateMachineTest" name="nestedStateMachineExtendedByClass" time="0.04" />
  <testcase classname="cruise.umple.statemachine.implementation.StateMachineTest" name="multiplePooledStateMachine_EventlessStateMachine" time="0.055" />
  <testcase classname="cruise.umple.statemachine.implementation.StateMachineTest" name="queuedSMwithConcurrentStatesTest" time="0.024" />
  <testcase classname="cruise.umple.statemachine.implementation.StateMachineTest" name="refactorFinalState_onlyEntryAction" time="0.031" />
  <testcase classname="cruise.umple.statemachine.implementation.StateMachineTest" name="parallelSm_diffNamesDiffStatesEntryExitActions" time="0.021" />
  <testcase classname="cruise.umple.statemachine.implementation.StateMachineTest" name="duplicateTimeoutVariableAndMethod" time="0.012" />
  <testcase classname="cruise.umple.statemachine.implementation.StateMachineTest" name="multipleGuardsSameEventWithDefaultNoGuard" time="0.014" />
  <testcase classname="cruise.umple.statemachine.implementation.StateMachineTest" name="refactorFinalState_empty" time="0.004" />
  <testcase classname="cruise.umple.statemachine.implementation.StateMachineTest" name="multipleQSM_EventlessStateMachine" time="0.01" />
  <testcase classname="cruise.umple.statemachine.implementation.StateMachineTest" name="stateNameSpacingForTwoStates" time="0.006" />
  <testcase classname="cruise.umple.statemachine.implementation.StateMachineTest" name="queuedWithConcurrentStateMachines" time="0.006" />
  <testcase classname="cruise.umple.statemachine.implementation.StateMachineTest" name="testPooledwithNestedStates" time="0.014" />
  <testcase classname="cruise.umple.statemachine.implementation.StateMachineTest" name="multiplePooledStateMachines_sameEvents" time="0.01" />
  <testcase classname="cruise.umple.statemachine.implementation.StateMachineTest" name="concurrentStates" time="0.01" />
  <testcase classname="cruise.umple.statemachine.implementation.StateMachineTest" name="EmptyAndNonEmptyStates" time="0.005" />
  <testcase classname="cruise.umple.statemachine.implementation.StateMachineTest" name="pooledStateMachine_timedEvents_and_autoTansitions" time="0.01" />
  <testcase classname="cruise.umple.statemachine.implementation.StateMachineTest" name="queuedSM_UnspecifiedReception" time="0.013" />
  <testcase classname="cruise.umple.statemachine.implementation.StateMachineTest" name="doActivityNestedStateMachine" time="0.016" />
  <testcase classname="cruise.umple.statemachine.implementation.StateMachineTest" name="stateMachine_unSpecifiedReception_QSM" time="0.007" />
  <testcase classname="cruise.umple.statemachine.implementation.StateMachineTest" name="CapitalStateMachineAttribute" time="0.003" />
  <testcase classname="cruise.umple.statemachine.implementation.StateMachineTest" name="stateMachineWithStringComparisonGuard" time="0.009" />
  <testcase classname="cruise.umple.statemachine.implementation.StateMachineTest" name="doActivity_Multiple" time="0.007" />
  <testcase classname="cruise.umple.statemachine.implementation.StateMachineTest" name="queuedStateMachine_implements" time="0.01" />
  <testcase classname="cruise.umple.statemachine.implementation.StateMachineTest" name="multiplePooledStateMachine_nestedStates" time="0.009" />
  <testcase classname="cruise.umple.statemachine.implementation.StateMachineTest" name="queuedWithNestingStateMachines" time="0.006" />
  <testcase classname="cruise.umple.statemachine.implementation.StateMachineTest" name="checkExternalTransitions_withExitActions_1" time="0.011" />
  <testcase classname="cruise.umple.statemachine.implementation.StateMachineTest" name="checkExternalTransitions_withExitActions_2" time="0.007" />
  <testcase classname="cruise.umple.statemachine.implementation.StateMachineTest" name="guardNegSymbolSpacing" time="0.007" />
  <testcase classname="cruise.umple.statemachine.implementation.StateMachineTest" name="parallelSm_sameNameDiffStates_2" time="0.012" />
  <testcase classname="cruise.umple.statemachine.implementation.StateMachineTest" name="stateNameSpacingForEventTransitionSameState" time="0.004" />
  <testcase classname="cruise.umple.statemachine.implementation.StateMachineTest" name="checkExternalTransitions_concurrentStateMachines_2" time="0.012" />
  <testcase classname="cruise.umple.statemachine.implementation.StateMachineTest" name="entryExitActionNoTransitions" time="0.004" />
  <testcase classname="cruise.umple.statemachine.implementation.StateMachineTest" name="exitAction" time="0.004" />
  <testcase classname="cruise.umple.statemachine.implementation.StateMachineTest" name="noDefaultEntryMethodGenerated" time="0.008" />
  <testcase classname="cruise.umple.statemachine.implementation.StateMachineTest" name="nestedStateMachineExtendedByMultipleClasses" time="0.008" />
  <testcase classname="cruise.umple.statemachine.implementation.StateMachineTest" name="eventWithArguments_1" time="0.006" />
  <testcase classname="cruise.umple.statemachine.implementation.StateMachineTest" name="eventWithArguments_2" time="0.007" />
  <testcase classname="cruise.umple.statemachine.implementation.StateMachineTest" name="stateNameSpacingForNoStates" time="0.005" />
  <testcase classname="cruise.umple.statemachine.implementation.StateMachineTest" name="queuedStateMachine_2" time="0.011" />
  <testcase classname="cruise.umple.statemachine.implementation.StateMachineTest" name="nestedStates_Two_TimedTransition" time="0.013" />
  <testcase classname="cruise.umple.statemachine.implementation.StateMachineTest" name="queuedStateMachine_timedTransition_1" time="0.008" />
  <testcase classname="cruise.umple.statemachine.implementation.StateMachineTest" name="queuedStateMachine_timedTransition_2" time="0.01" />
  <testcase classname="cruise.umple.statemachine.implementation.StateMachineTest" name="exitActionSelfTransition" time="0.007" />
  <testcase classname="cruise.umple.statemachine.implementation.StateMachineTest" name="guardNameBothAttributeAndMethod2" time="0.007" />
  <testcase classname="cruise.umple.statemachine.implementation.StateMachineTest" name="guardNameBothAttributeAndMethod3" time="0.006" />
  <testcase classname="cruise.umple.statemachine.implementation.StateMachineTest" name="doActivityMultipleInSameState" time="0.005" />
  <testcase classname="cruise.umple.statemachine.implementation.StateMachineTest" name="pooledStateMachine_UnspecifiedReception" time="0.007" />
  <testcase classname="cruise.umple.statemachine.implementation.StateMachineTest" name="parallelSm_sameNameDiffStates" time="0.008" />
  <testcase classname="cruise.umple.statemachine.implementation.StateMachineTest" name="EventTransitionNewState" time="0.005" />
  <testcase classname="cruise.umple.statemachine.implementation.StateMachineTest" name="stateMachineWithNegativeNumberGuard" time="0.004" />
  <testcase classname="cruise.umple.statemachine.implementation.StateMachineTest" name="noDefaultEntryMethodGenerated_2" time="0.004" />
  <testcase classname="cruise.umple.statemachine.implementation.StateMachineTest" name="doActivityNoTransitions" time="0.004" />
  <testcase classname="cruise.umple.statemachine.implementation.StateMachineTest" name="queuedStateMachine_withParameters" time="0.009" />
  <testcase classname="cruise.umple.statemachine.implementation.StateMachineTest" name="multipleQSMe_nestedStates" time="0.009" />
  <testcase classname="cruise.umple.statemachine.implementation.StateMachineTest" name="queuedStateMachine_timedEvents_and_autoTansitions" time="0.006" />
  <testcase classname="cruise.umple.statemachine.implementation.StateMachineTest" name="pooledStateMachine_timedTransition_1" time="0.008" />
  <testcase classname="cruise.umple.statemachine.implementation.StateMachineTest" name="pooledStateMachine_timedTransition_2" time="0.007" />
  <testcase classname="cruise.umple.statemachine.implementation.StateMachineTest" name="doActivitiesWithAutoTransition" time="0.01" />
  <testcase classname="cruise.umple.statemachine.implementation.StateMachineTest" name="queuedStateMachine_timedEvents" time="0.006" />
  <testcase classname="cruise.umple.statemachine.implementation.StateMachineTest" name="twoEventsWithArguments" time="0.005" />
  <testcase classname="cruise.umple.statemachine.implementation.StateMachineTest" name="multipleQSM" time="0.007" />
  <testcase classname="cruise.umple.statemachine.implementation.StateMachineTest" name="pooledStateMachine_withParameters" time="0.008" />
  <testcase classname="cruise.umple.statemachine.implementation.StateMachineTest" name="nestedStates_exitInnerBeforeOutter" time="0.019" />
  <testcase classname="cruise.umple.statemachine.implementation.StateMachineTest" name="NoStates" time="0.007" />
  <testcase classname="cruise.umple.statemachine.implementation.StateMachineTest" name="eventlessStateMachine_before_PooledStateMachine" time="0.01" />
  <testcase classname="cruise.umple.statemachine.implementation.StateMachineTest" name="nestedStates_timedTransition" time="0.006" />
  <testcase classname="cruise.umple.statemachine.implementation.StateMachineTest" name="eventlessStateMachine_before_QueuedStateMachine" time="0.008" />
  <testcase classname="cruise.umple.statemachine.implementation.StateMachineTest" name="sameEvent_twoStates_differentStatemachines" time="0.01" />
  <testcase classname="cruise.umple.statemachine.implementation.StateMachineTest" name="nestedStates_UnspecifiedReception" time="0.01" />
  <testcase classname="cruise.umple.statemachine.implementation.StateMachineTest" name="nestedStates" time="0.005" />
  <testcase classname="cruise.umple.statemachine.implementation.StateMachineTest" name="nestedState_StateMachine_timedEvents" time="0.013" />
  <testcase classname="cruise.umple.statemachine.implementation.StateMachineTest" name="before_after_setMethod" time="0.013" />
  <testcase classname="cruise.umple.statemachine.implementation.StateMachineTest" name="multipleGuardsSameEvent" time="0.005" />
  <testcase classname="cruise.umple.statemachine.implementation.StateMachineTest" name="externalStateMachine" time="0.004" />
  <testcase classname="cruise.umple.statemachine.implementation.StateMachineTest" name="guardSpacing" time="0.004" />
  <testcase classname="cruise.umple.statemachine.implementation.StateMachineTest" name="pooledStateMachine" time="0.005" />
  <testcase classname="cruise.umple.statemachine.implementation.StateMachineTest" name="queuedStateMachine" time="0.006" />
  <testcase classname="cruise.umple.statemachine.implementation.StateMachineTest" name="parallelSm_sameNameDiffStatesEntryExitActions" time="0.013" />
  <testcase classname="cruise.umple.statemachine.implementation.StateMachineTest" name="stateNameSpacingForOneState" time="0.004" />
  <testcase classname="cruise.umple.statemachine.implementation.StateMachineTest" name="stateMachineSpacing" time="0.006" />
  <testcase classname="cruise.umple.statemachine.implementation.StateMachineTest" name="pooledStateMachineWithConcurrentStates_autoTransition" time="0.013" />
  <testcase classname="cruise.umple.statemachine.implementation.StateMachineTest" name="parallelSm_diffNamesDiffStates" time="0.029" />
  <testcase classname="cruise.umple.statemachine.implementation.StateMachineTest" name="entryExitTransitionAction" time="0.007" />
  <testcase classname="cruise.umple.statemachine.implementation.StateMachineTest" name="timedEvent" time="0.007" />
  <testcase classname="cruise.umple.statemachine.implementation.StateMachineTest" name="testMultipleQSMs" time="0.011" />
  <testcase classname="cruise.umple.statemachine.implementation.StateMachineTest" name="activeObject" time="0.009" />
  <testcase classname="cruise.umple.statemachine.implementation.StateMachineTest" name="guardsOnEntryAndExit" time="0.007" />
  <testcase classname="cruise.umple.statemachine.implementation.StateMachineTest" name="equivalentGuards" time="0.169" />
  <testcase classname="cruise.umple.statemachine.implementation.StateMachineTest" name="doActivity" time="0.012" />
  <testcase classname="cruise.umple.statemachine.implementation.StateMachineTest" name="multipleQSM_sameEvents" time="0.006" />
  <testcase classname="cruise.umple.statemachine.implementation.StateMachineTest" name="multiplePooledStateMachine" time="0.014" />
  <testcase classname="cruise.umple.statemachine.implementation.StateMachineTest" name="guardNameBothAttributeAndMethod" time="0.009" />
  <testcase classname="cruise.umple.statemachine.implementation.StateMachineTest" name="checkExternalTransitions_concurrentStateMachines" time="0.008" />
  <testcase classname="cruise.umple.statemachine.implementation.StateMachineTest" name="queuedStateMachine_autoTransition" time="0.008" />
  <testcase classname="cruise.umple.statemachine.implementation.StateMachineTest" name="doActivityMultiMixin" time="0.005" />
  <testcase classname="cruise.umple.statemachine.implementation.StateMachineTest" name="entryExitTransitionActionWithGuard" time="0.005" />
  <testcase classname="cruise.umple.statemachine.implementation.StateMachineTest" name="testPooledwithNestedStates_2" time="0.028" />
  <testcase classname="cruise.umple.statemachine.implementation.StateMachineTest" name="testPooledwithNestedStates_3" time="0.01" />
  <testcase classname="cruise.umple.statemachine.implementation.StateMachineTest" name="testPooledwithNestedStates_4" time="0.011" />
  <testcase classname="cruise.umple.statemachine.implementation.StateMachineTest" name="autoEventTransition" time="0.004" />
  <testcase classname="cruise.umple.statemachine.implementation.StateMachineTest" name="nestedStatesOfQSMwithSameEventNames" time="0.008" />
  <testcase classname="cruise.umple.statemachine.implementation.StateMachineTest" name="checkExternalTransitions_noExitActions_1" time="0.011" />
  <testcase classname="cruise.umple.statemachine.implementation.StateMachineTest" name="TwoState" time="0.006" />
  <testcase classname="cruise.umple.statemachine.implementation.StateMachineTest" name="oneGuard" time="0.006" />
  <testcase classname="cruise.umple.statemachine.implementation.StateMachineTest" name="queuedSMwithConcurrentStatesTest_2" time="0.01" />
  <testcase classname="cruise.umple.statemachine.implementation.StateMachineTest" name="OneState" time="0.005" />
  <testcase classname="cruise.umple.statemachine.implementation.StateMachineTest" name="pooledStateMachine_autoTransition" time="0.009" />
  <testcase classname="cruise.umple.statemachine.implementation.StateMachineTest" name="EventTransitionSameState" time="0.012" />
  <testcase classname="cruise.umple.statemachine.implementation.StateMachineTest" name="avoidJunitError" time="0.002" />
  <system-out><![CDATA[/*PLEASE DO NOT EDIT THIS CODE*/
/*This code was generated using the UMPLE 1.31.1.5860.78bb27cc6 modeling language!*/

package example;
import java.util.*;
import java.lang.Thread;

// line 3 "../queuedStateMachine_withParameters_1.ump"
public class LightFixture implements Runnable
{

  //------------------------
  // MEMBER VARIABLES
  //------------------------

  //LightFixture Attributes
  private int brightness;

  //LightFixture State Machines
  public enum Bulb { Off, Dimmed, On }
  private Bulb bulb;
  
  //enumeration type of messages accepted by LightFixture
  protected enum MessageType { turnDimmer_M, flipSwitch_M, entry_M }
  
  MessageQueue queue;
  Thread removal;

  //------------------------
  // CONSTRUCTOR
  //------------------------

  public LightFixture()
  {
    brightness = 0;
    setBulb(Bulb.Off);
    queue = new MessageQueue();
    removal=new Thread(this);
    //start the thread of LightFixture
    removal.start();
  }

  //------------------------
  // INTERFACE
  //------------------------

  public boolean setBrightness(int aBrightness)
  {
    boolean wasSet = false;
    brightness = aBrightness;
    wasSet = true;
    return wasSet;
  }

  public int getBrightness()
  {
    return brightness;
  }

  public String getBulbFullName()
  {
    String answer = bulb.toString();
    return answer;
  }

  public Bulb getBulb()
  {
    return bulb;
  }

  public boolean _turnDimmer(Integer lightval,Double grade)
  {
    boolean wasEventProcessed = false;
    
    Bulb aBulb = bulb;
    switch (aBulb)
    {
      case Off:
        // line 8 "../queuedStateMachine_withParameters_1.ump"
        setBrightness(lightval)
        setBulb(Bulb.Off);
        wasEventProcessed = true;
        break;
      case Dimmed:
        // line 14 "../queuedStateMachine_withParameters_1.ump"
        setBrightness(lightval)
        setBulb(Bulb.Dimmed);
        wasEventProcessed = true;
        break;
      case On:
        // line 18 "../queuedStateMachine_withParameters_1.ump"
        setBrightness(lightval)
        setBulb(Bulb.Dimmed);
        wasEventProcessed = true;
        break;
      default:
        // Other states do respond to this event
    }

    return wasEventProcessed;
  }

  public boolean _flipSwitch()
  {
    boolean wasEventProcessed = false;
    
    Bulb aBulb = bulb;
    switch (aBulb)
    {
      case Off:
        setBulb(Bulb.Dimmed);
        wasEventProcessed = true;
        break;
      case Dimmed:
        setBulb(Bulb.Off);
        wasEventProcessed = true;
        break;
      case On:
        setBulb(Bulb.Off);
        wasEventProcessed = true;
        break;
      default:
        // Other states do respond to this event
    }

    return wasEventProcessed;
  }

  public boolean _entry()
  {
    boolean wasEventProcessed = false;
    
    Bulb aBulb = bulb;
    switch (aBulb)
    {
      case Dimmed:
        if (dimmer>99)
        {
          setBulb(Bulb.On);
          wasEventProcessed = true;
          break;
        }
        break;
      default:
        // Other states do respond to this event
    }

    return wasEventProcessed;
  }

  private void setBulb(Bulb aBulb)
  {
    bulb = aBulb;
  }

  public void delete()
  {
    removal.interrupt();
  }

  protected class Message
  {
    MessageType type;
    
    //Message parameters
    Vector<Object> param;
    
    public Message(MessageType t, Vector<Object> p)
    {
      type = t; 
      param = p;
    }

    @Override
    public String toString()
    {
      return type + "," + param;
    }
  }
  
  protected class MessageQueue {
    Queue<Message> messages = new LinkedList<Message>();
    
    public synchronized void put(Message m)
    {
      messages.add(m); 
      notify();
    }

    public synchronized Message getNext()
    {
      try {
        while (messages.isEmpty()) 
        {
          wait();
        }
      } catch (InterruptedException e) {
        Thread.currentThread().interrupt();
        return null;
      }

      //The element to be removed
      Message m = messages.remove(); 
      return (m);
    }
  }

  //------------------------------
  //messages accepted 
  //------------------------------

  public void turnDimmer (Integer lightval,Double grade)
  {
    Vector<Object> v = new Vector<Object>(2);
    v.add(0, lightval);
    v.add(1, grade);
    queue.put(new Message(MessageType.turnDimmer_M, v));
  }

  public void flipSwitch ()
  {
    queue.put(new Message(MessageType.flipSwitch_M, null));
  }

  public void entry ()
  {
    queue.put(new Message(MessageType.entry_M, null));
  }

  
  @Override
  public void run ()
  {
    boolean status=false;
    while (true) 
    {
      Message m = queue.getNext();
      if(m == null)  return;
      
      switch (m.type)
      {
        case turnDimmer_M:
          status = _turnDimmer((Integer) m.param.elementAt(0), (Double) m.param.elementAt(1));
          break;
        case flipSwitch_M:
          status = _flipSwitch();
          break;
        case entry_M:
          status = _entry();
          break; 
        default:
      }
      if(!status)
      {
        // Error message is written or  exception is raised
      }
    }
  }

  public String toString()
  {
    return super.toString() + "["+
            "brightness" + ":" + getBrightness()+ "]";
  }
}
/*PLEASE DO NOT EDIT THIS CODE*/
/*This code was generated using the UMPLE 1.31.1.5860.78bb27cc6 modeling language!*/

package example;

// line 3 "../refactorFinalState_hasAllInvalidElements.ump"
public class X
{

  //------------------------
  // MEMBER VARIABLES
  //------------------------

  //X State Machines
  public enum Status { on, off, FINAL }
  private Status status;

  //------------------------
  // CONSTRUCTOR
  //------------------------

  public X()
  {
    setStatus(Status.on);
  }

  //------------------------
  // INTERFACE
  //------------------------

  public String getStatusFullName()
  {
    String answer = status.toString();
    return answer;
  }

  public Status getStatus()
  {
    return status;
  }

  public boolean turnoff()
  {
    boolean wasEventProcessed = false;
    
    Status aStatus = status;
    switch (aStatus)
    {
      case on:
        setStatus(Status.off);
        wasEventProcessed = true;
        break;
      default:
        // Other states do respond to this event
    }

    return wasEventProcessed;
  }

  public boolean powerOff()
  {
    boolean wasEventProcessed = false;
    
    Status aStatus = status;
    switch (aStatus)
    {
      case on:
        setStatus(Status.FINAL);
        wasEventProcessed = true;
        break;
      default:
        // Other states do respond to this event
    }

    return wasEventProcessed;
  }

  public boolean turnOn()
  {
    boolean wasEventProcessed = false;
    
    Status aStatus = status;
    switch (aStatus)
    {
      case off:
        setStatus(Status.on);
        wasEventProcessed = true;
        break;
      default:
        // Other states do respond to this event
    }

    return wasEventProcessed;
  }

  private void setStatus(Status aStatus)
  {
    status = aStatus;

    // entry actions and do activities
    switch(status)
    {
      case FINAL:
        // line 13 "../refactorFinalState_hasAllInvalidElements.ump"
        entry();
        delete();
        break;
    }
  }

  public void delete()
  {}

}
/*PLEASE DO NOT EDIT THIS CODE*/
/*This code was generated using the UMPLE 1.31.1.5860.78bb27cc6 modeling language!*/



// line 1 "testRegionFinalStates_1.ump"
public class X
{

  //------------------------
  // MEMBER VARIABLES
  //------------------------

  //X State Machines
  public enum Sm { s1, s4 }
  public enum SmS1 { Null, s2, s3 }
  public enum SmS4 { Null, s5 }
  private Sm sm;
  private SmS1 smS1;
  private SmS4 smS4;

  //------------------------
  // CONSTRUCTOR
  //------------------------

  public X()
  {
    setSmS1(SmS1.Null);
    setSmS4(SmS4.Null);
    setSm(Sm.s1);
  }

  //------------------------
  // INTERFACE
  //------------------------

  public String getSmFullName()
  {
    String answer = sm.toString();
    if (smS1 != SmS1.Null) { answer += "." + smS1.toString(); }
    if (smS4 != SmS4.Null) { answer += "." + smS4.toString(); }
    return answer;
  }

  public Sm getSm()
  {
    return sm;
  }

  public SmS1 getSmS1()
  {
    return smS1;
  }

  public SmS4 getSmS4()
  {
    return smS4;
  }

  public boolean goToS5()
  {
    boolean wasEventProcessed = false;
    
    Sm aSm = sm;
    switch (aSm)
    {
      case s4:
        exitSmS4();
        setSmS4(SmS4.s5);
        wasEventProcessed = true;
        break;
      default:
        // Other states do respond to this event
    }

    return wasEventProcessed;
  }

  public boolean goToS3()
  {
    boolean wasEventProcessed = false;
    
    SmS1 aSmS1 = smS1;
    switch (aSmS1)
    {
      case s2:
        exitSmS1();
        setSmS1(SmS1.s3);
        wasEventProcessed = true;
        break;
      default:
        // Other states do respond to this event
    }

    return wasEventProcessed;
  }

  public boolean goToS4()
  {
    boolean wasEventProcessed = false;
    
    SmS1 aSmS1 = smS1;
    switch (aSmS1)
    {
      case s2:
        exitSm();
        setSm(Sm.s4);
        wasEventProcessed = true;
        break;
      default:
        // Other states do respond to this event
    }

    return wasEventProcessed;
  }

  private void exitSm()
  {
    switch(sm)
    {
      case s1:
        exitSmS1();
        break;
      case s4:
        exitSmS4();
        break;
    }
  }

  private void setSm(Sm aSm)
  {
    sm = aSm;

    // entry actions and do activities
    switch(sm)
    {
      case s1:
        if (smS1 == SmS1.Null) { setSmS1(SmS1.s2); }
        break;
      case s4:
        if (smS4 == SmS4.Null) { setSmS4(SmS4.s5); }
        break;
    }
  }

  private void exitSmS1()
  {
    switch(smS1)
    {
      case s2:
        setSmS1(SmS1.Null);
        break;
      case s3:
        setSmS1(SmS1.Null);
        break;
    }
  }

  private void setSmS1(SmS1 aSmS1)
  {
    smS1 = aSmS1;
    if (sm != Sm.s1 && aSmS1 != SmS1.Null) { setSm(Sm.s1); }

    // entry actions and do activities
    switch(smS1)
    {
      case s3:
        delete();
        break;
    }
  }

  private void exitSmS4()
  {
    switch(smS4)
    {
      case s5:
        setSmS4(SmS4.Null);
        break;
    }
  }

  private void setSmS4(SmS4 aSmS4)
  {
    smS4 = aSmS4;
    if (sm != Sm.s4 && aSmS4 != SmS4.Null) { setSm(Sm.s4); }

    // entry actions and do activities
    switch(smS4)
    {
      case s5:
        delete();
        break;
    }
  }

  public void delete()
  {}

}
/*PLEASE DO NOT EDIT THIS CODE*/
/*This code was generated using the UMPLE 1.31.1.5860.78bb27cc6 modeling language!*/



// line 1 "testRegionFinalStates_2.ump"
public class X
{

  //------------------------
  // MEMBER VARIABLES
  //------------------------

  //X State Machines
  public enum Sm { s1 }
  public enum SmS1S2 { Null, s2 }
  public enum SmS1S3 { Null, s3 }
  public enum SmS1S3S3 { Null, s4, s5 }
  private Sm sm;
  private SmS1S2 smS1S2;
  private SmS1S3 smS1S3;
  private SmS1S3S3 smS1S3S3;

  //------------------------
  // CONSTRUCTOR
  //------------------------

  public X()
  {
    setSmS1S2(SmS1S2.Null);
    setSmS1S3(SmS1S3.Null);
    setSmS1S3S3(SmS1S3S3.Null);
    setSm(Sm.s1);
  }

  //------------------------
  // INTERFACE
  //------------------------

  public String getSmFullName()
  {
    String answer = sm.toString();
    if (smS1S2 != SmS1S2.Null) { answer += "." + smS1S2.toString(); }
    if (smS1S3 != SmS1S3.Null) { answer += "." + smS1S3.toString(); }
    if (smS1S3S3 != SmS1S3S3.Null) { answer += "." + smS1S3S3.toString(); }
    return answer;
  }

  public Sm getSm()
  {
    return sm;
  }

  public SmS1S2 getSmS1S2()
  {
    return smS1S2;
  }

  public SmS1S3 getSmS1S3()
  {
    return smS1S3;
  }

  public SmS1S3S3 getSmS1S3S3()
  {
    return smS1S3S3;
  }

  public boolean goToS3()
  {
    boolean wasEventProcessed = false;
    
    SmS1S2 aSmS1S2 = smS1S2;
    switch (aSmS1S2)
    {
      case s2:
        exitSmS1S2();
        setSmS1S3(SmS1S3.s3);
        setSmS1S2(SmS1S2.s2);
        wasEventProcessed = true;
        break;
      default:
        // Other states do respond to this event
    }

    return wasEventProcessed;
  }

  public boolean goToS5()
  {
    boolean wasEventProcessed = false;
    
    SmS1S3S3 aSmS1S3S3 = smS1S3S3;
    switch (aSmS1S3S3)
    {
      case s4:
        exitSmS1S3S3();
        setSmS1S3S3(SmS1S3S3.s5);
        wasEventProcessed = true;
        break;
      default:
        // Other states do respond to this event
    }

    return wasEventProcessed;
  }

  private void exitSm()
  {
    switch(sm)
    {
      case s1:
        exitSmS1S2();
        exitSmS1S3();
        break;
    }
  }

  private void setSm(Sm aSm)
  {
    sm = aSm;

    // entry actions and do activities
    switch(sm)
    {
      case s1:
        if (smS1S2 == SmS1S2.Null) { setSmS1S2(SmS1S2.s2); }
        if (smS1S3 == SmS1S3.Null) { setSmS1S3(SmS1S3.s3); }
        break;
    }
  }

  private void exitSmS1S2()
  {
    switch(smS1S2)
    {
      case s2:
        setSmS1S2(SmS1S2.Null);
        break;
    }
  }

  private void setSmS1S2(SmS1S2 aSmS1S2)
  {
    smS1S2 = aSmS1S2;
    if (sm != Sm.s1 && aSmS1S2 != SmS1S2.Null) { setSm(Sm.s1); }
  }

  private void exitSmS1S3()
  {
    switch(smS1S3)
    {
      case s3:
        exitSmS1S3S3();
        setSmS1S3(SmS1S3.Null);
        break;
    }
  }

  private void setSmS1S3(SmS1S3 aSmS1S3)
  {
    smS1S3 = aSmS1S3;
    if (sm != Sm.s1 && aSmS1S3 != SmS1S3.Null) { setSm(Sm.s1); }

    // entry actions and do activities
    switch(smS1S3)
    {
      case s3:
        if (smS1S3S3 == SmS1S3S3.Null) { setSmS1S3S3(SmS1S3S3.s4); }
        break;
    }
  }

  private void exitSmS1S3S3()
  {
    switch(smS1S3S3)
    {
      case s4:
        setSmS1S3S3(SmS1S3S3.Null);
        break;
      case s5:
        setSmS1S3S3(SmS1S3S3.Null);
        break;
    }
  }

  private void setSmS1S3S3(SmS1S3S3 aSmS1S3S3)
  {
    smS1S3S3 = aSmS1S3S3;
    if (smS1S3 != SmS1S3.s3 && aSmS1S3S3 != SmS1S3S3.Null) { setSmS1S3(SmS1S3.s3); }

    // entry actions and do activities
    switch(smS1S3S3)
    {
      case s5:
        delete();
        break;
    }
  }

  public void delete()
  {}

}
/*PLEASE DO NOT EDIT THIS CODE*/
/*This code was generated using the UMPLE 1.31.1.5860.78bb27cc6 modeling language!*/



// line 1 "testRegionFinalStates_3.ump"
public class X
{

  //------------------------
  // MEMBER VARIABLES
  //------------------------

  //X State Machines
  public enum Sm { s1 }
  public enum SmS1S2 { Null, s2 }
  public enum SmS1S2S2 { Null, s3, s4 }
  public enum SmS1S5 { Null, s5 }
  public enum SmS1S5S5 { Null, s6, s7 }
  public enum SmS1S8 { Null, s8 }
  public enum SmS1S8S8 { Null, s9, s10 }
  private Sm sm;
  private SmS1S2 smS1S2;
  private SmS1S2S2 smS1S2S2;
  private SmS1S5 smS1S5;
  private SmS1S5S5 smS1S5S5;
  private SmS1S8 smS1S8;
  private SmS1S8S8 smS1S8S8;

  //------------------------
  // CONSTRUCTOR
  //------------------------

  public X()
  {
    setSmS1S2(SmS1S2.Null);
    setSmS1S2S2(SmS1S2S2.Null);
    setSmS1S5(SmS1S5.Null);
    setSmS1S5S5(SmS1S5S5.Null);
    setSmS1S8(SmS1S8.Null);
    setSmS1S8S8(SmS1S8S8.Null);
    setSm(Sm.s1);
  }

  //------------------------
  // INTERFACE
  //------------------------

  public String getSmFullName()
  {
    String answer = sm.toString();
    if (smS1S2 != SmS1S2.Null) { answer += "." + smS1S2.toString(); }
    if (smS1S2S2 != SmS1S2S2.Null) { answer += "." + smS1S2S2.toString(); }
    if (smS1S5 != SmS1S5.Null) { answer += "." + smS1S5.toString(); }
    if (smS1S5S5 != SmS1S5S5.Null) { answer += "." + smS1S5S5.toString(); }
    if (smS1S8 != SmS1S8.Null) { answer += "." + smS1S8.toString(); }
    if (smS1S8S8 != SmS1S8S8.Null) { answer += "." + smS1S8S8.toString(); }
    return answer;
  }

  public Sm getSm()
  {
    return sm;
  }

  public SmS1S2 getSmS1S2()
  {
    return smS1S2;
  }

  public SmS1S2S2 getSmS1S2S2()
  {
    return smS1S2S2;
  }

  public SmS1S5 getSmS1S5()
  {
    return smS1S5;
  }

  public SmS1S5S5 getSmS1S5S5()
  {
    return smS1S5S5;
  }

  public SmS1S8 getSmS1S8()
  {
    return smS1S8;
  }

  public SmS1S8S8 getSmS1S8S8()
  {
    return smS1S8S8;
  }

  public boolean goToS4()
  {
    boolean wasEventProcessed = false;
    
    SmS1S2S2 aSmS1S2S2 = smS1S2S2;
    switch (aSmS1S2S2)
    {
      case s3:
        exitSmS1S2S2();
        setSmS1S2S2(SmS1S2S2.s4);
        wasEventProcessed = true;
        break;
      default:
        // Other states do respond to this event
    }

    return wasEventProcessed;
  }

  public boolean goToS7()
  {
    boolean wasEventProcessed = false;
    
    SmS1S5S5 aSmS1S5S5 = smS1S5S5;
    switch (aSmS1S5S5)
    {
      case s6:
        exitSmS1S5S5();
        setSmS1S5S5(SmS1S5S5.s7);
        wasEventProcessed = true;
        break;
      default:
        // Other states do respond to this event
    }

    return wasEventProcessed;
  }

  public boolean goToS10()
  {
    boolean wasEventProcessed = false;
    
    SmS1S8S8 aSmS1S8S8 = smS1S8S8;
    switch (aSmS1S8S8)
    {
      case s9:
        exitSmS1S8S8();
        setSmS1S8S8(SmS1S8S8.s10);
        wasEventProcessed = true;
        break;
      default:
        // Other states do respond to this event
    }

    return wasEventProcessed;
  }

  private void exitSm()
  {
    switch(sm)
    {
      case s1:
        exitSmS1S2();
        exitSmS1S5();
        exitSmS1S8();
        break;
    }
  }

  private void setSm(Sm aSm)
  {
    sm = aSm;

    // entry actions and do activities
    switch(sm)
    {
      case s1:
        if (smS1S2 == SmS1S2.Null) { setSmS1S2(SmS1S2.s2); }
        if (smS1S5 == SmS1S5.Null) { setSmS1S5(SmS1S5.s5); }
        if (smS1S8 == SmS1S8.Null) { setSmS1S8(SmS1S8.s8); }
        break;
    }
  }

  private void exitSmS1S2()
  {
    switch(smS1S2)
    {
      case s2:
        exitSmS1S2S2();
        setSmS1S2(SmS1S2.Null);
        break;
    }
  }

  private void setSmS1S2(SmS1S2 aSmS1S2)
  {
    smS1S2 = aSmS1S2;
    if (sm != Sm.s1 && aSmS1S2 != SmS1S2.Null) { setSm(Sm.s1); }

    // entry actions and do activities
    switch(smS1S2)
    {
      case s2:
        if (smS1S2S2 == SmS1S2S2.Null) { setSmS1S2S2(SmS1S2S2.s3); }
        break;
    }
  }

  private void exitSmS1S2S2()
  {
    switch(smS1S2S2)
    {
      case s3:
        setSmS1S2S2(SmS1S2S2.Null);
        break;
      case s4:
        setSmS1S2S2(SmS1S2S2.Null);
        break;
    }
  }

  private void setSmS1S2S2(SmS1S2S2 aSmS1S2S2)
  {
    smS1S2S2 = aSmS1S2S2;
    if (smS1S2 != SmS1S2.s2 && aSmS1S2S2 != SmS1S2S2.Null) { setSmS1S2(SmS1S2.s2); }

    // entry actions and do activities
    switch(smS1S2S2)
    {
      case s4:
        if (smS1S5S5 == SmS1S5S5.s7 && smS1S8S8 == SmS1S8S8.s10) { delete(); }
        break;
    }
  }

  private void exitSmS1S5()
  {
    switch(smS1S5)
    {
      case s5:
        exitSmS1S5S5();
        setSmS1S5(SmS1S5.Null);
        break;
    }
  }

  private void setSmS1S5(SmS1S5 aSmS1S5)
  {
    smS1S5 = aSmS1S5;
    if (sm != Sm.s1 && aSmS1S5 != SmS1S5.Null) { setSm(Sm.s1); }

    // entry actions and do activities
    switch(smS1S5)
    {
      case s5:
        if (smS1S5S5 == SmS1S5S5.Null) { setSmS1S5S5(SmS1S5S5.s6); }
        break;
    }
  }

  private void exitSmS1S5S5()
  {
    switch(smS1S5S5)
    {
      case s6:
        setSmS1S5S5(SmS1S5S5.Null);
        break;
      case s7:
        setSmS1S5S5(SmS1S5S5.Null);
        break;
    }
  }

  private void setSmS1S5S5(SmS1S5S5 aSmS1S5S5)
  {
    smS1S5S5 = aSmS1S5S5;
    if (smS1S5 != SmS1S5.s5 && aSmS1S5S5 != SmS1S5S5.Null) { setSmS1S5(SmS1S5.s5); }

    // entry actions and do activities
    switch(smS1S5S5)
    {
      case s7:
        if (smS1S2S2 == SmS1S2S2.s4 && smS1S8S8 == SmS1S8S8.s10) { delete(); }
        break;
    }
  }

  private void exitSmS1S8()
  {
    switch(smS1S8)
    {
      case s8:
        exitSmS1S8S8();
        setSmS1S8(SmS1S8.Null);
        break;
    }
  }

  private void setSmS1S8(SmS1S8 aSmS1S8)
  {
    smS1S8 = aSmS1S8;
    if (sm != Sm.s1 && aSmS1S8 != SmS1S8.Null) { setSm(Sm.s1); }

    // entry actions and do activities
    switch(smS1S8)
    {
      case s8:
        if (smS1S8S8 == SmS1S8S8.Null) { setSmS1S8S8(SmS1S8S8.s9); }
        break;
    }
  }

  private void exitSmS1S8S8()
  {
    switch(smS1S8S8)
    {
      case s9:
        setSmS1S8S8(SmS1S8S8.Null);
        break;
      case s10:
        setSmS1S8S8(SmS1S8S8.Null);
        break;
    }
  }

  private void setSmS1S8S8(SmS1S8S8 aSmS1S8S8)
  {
    smS1S8S8 = aSmS1S8S8;
    if (smS1S8 != SmS1S8.s8 && aSmS1S8S8 != SmS1S8S8.Null) { setSmS1S8(SmS1S8.s8); }

    // entry actions and do activities
    switch(smS1S8S8)
    {
      case s10:
        if (smS1S2S2 == SmS1S2S2.s4 && smS1S5S5 == SmS1S5S5.s7) { delete(); }
        break;
    }
  }

  public void delete()
  {}

}
/*PLEASE DO NOT EDIT THIS CODE*/
/*This code was generated using the UMPLE 1.31.1.5860.78bb27cc6 modeling language!*/



// line 1 "testRegionFinalStates_4.ump"
public class X
{

  //------------------------
  // MEMBER VARIABLES
  //------------------------

  //X State Machines
  public enum Sm { s1, Final, s2 }
  public enum SmS1O1 { Null, o1 }
  public enum SmS1O1O1 { Null, o1Start, o1Final }
  public enum SmS1O2 { Null, o2 }
  public enum SmS1O2O2 { Null, o2Start, o2Final }
  public enum SmS2 { Null, s2Start, s2Final }
  private Sm sm;
  private SmS1O1 smS1O1;
  private SmS1O1O1 smS1O1O1;
  private SmS1O2 smS1O2;
  private SmS1O2O2 smS1O2O2;
  private SmS2 smS2;

  //------------------------
  // CONSTRUCTOR
  //------------------------

  public X()
  {
    setSmS1O1(SmS1O1.Null);
    setSmS1O1O1(SmS1O1O1.Null);
    setSmS1O2(SmS1O2.Null);
    setSmS1O2O2(SmS1O2O2.Null);
    setSmS2(SmS2.Null);
    setSm(Sm.s1);
  }

  //------------------------
  // INTERFACE
  //------------------------

  public String getSmFullName()
  {
    String answer = sm.toString();
    if (smS1O1 != SmS1O1.Null) { answer += "." + smS1O1.toString(); }
    if (smS1O1O1 != SmS1O1O1.Null) { answer += "." + smS1O1O1.toString(); }
    if (smS1O2 != SmS1O2.Null) { answer += "." + smS1O2.toString(); }
    if (smS1O2O2 != SmS1O2O2.Null) { answer += "." + smS1O2O2.toString(); }
    if (smS2 != SmS2.Null) { answer += "." + smS2.toString(); }
    return answer;
  }

  public Sm getSm()
  {
    return sm;
  }

  public SmS1O1 getSmS1O1()
  {
    return smS1O1;
  }

  public SmS1O1O1 getSmS1O1O1()
  {
    return smS1O1O1;
  }

  public SmS1O2 getSmS1O2()
  {
    return smS1O2;
  }

  public SmS1O2O2 getSmS1O2O2()
  {
    return smS1O2O2;
  }

  public SmS2 getSmS2()
  {
    return smS2;
  }

  public boolean goToS2()
  {
    boolean wasEventProcessed = false;
    
    SmS1O1 aSmS1O1 = smS1O1;
    switch (aSmS1O1)
    {
      case o1:
        exitSm();
        setSm(Sm.s2);
        wasEventProcessed = true;
        break;
      default:
        // Other states do respond to this event
    }

    return wasEventProcessed;
  }

  public boolean goBigFinal()
  {
    boolean wasEventProcessed = false;
    
    SmS1O1O1 aSmS1O1O1 = smS1O1O1;
    switch (aSmS1O1O1)
    {
      case o1Start:
        exitSm();
        setSm(Sm.Final);
        wasEventProcessed = true;
        break;
      default:
        // Other states do respond to this event
    }

    return wasEventProcessed;
  }

  public boolean completeO1()
  {
    boolean wasEventProcessed = false;
    
    SmS1O1O1 aSmS1O1O1 = smS1O1O1;
    switch (aSmS1O1O1)
    {
      case o1Start:
        exitSmS1O1O1();
        setSmS1O1O1(SmS1O1O1.o1Final);
        wasEventProcessed = true;
        break;
      default:
        // Other states do respond to this event
    }

    return wasEventProcessed;
  }

  public boolean completeO2()
  {
    boolean wasEventProcessed = false;
    
    SmS1O2O2 aSmS1O2O2 = smS1O2O2;
    switch (aSmS1O2O2)
    {
      case o2Start:
        exitSmS1O2O2();
        setSmS1O2O2(SmS1O2O2.o2Final);
        wasEventProcessed = true;
        break;
      default:
        // Other states do respond to this event
    }

    return wasEventProcessed;
  }

  public boolean completeS2()
  {
    boolean wasEventProcessed = false;
    
    SmS2 aSmS2 = smS2;
    switch (aSmS2)
    {
      case s2Start:
        exitSmS2();
        setSmS2(SmS2.s2Final);
        wasEventProcessed = true;
        break;
      default:
        // Other states do respond to this event
    }

    return wasEventProcessed;
  }

  private void exitSm()
  {
    switch(sm)
    {
      case s1:
        exitSmS1O1();
        exitSmS1O2();
        break;
      case s2:
        exitSmS2();
        break;
    }
  }

  private void setSm(Sm aSm)
  {
    sm = aSm;

    // entry actions and do activities
    switch(sm)
    {
      case s1:
        if (smS1O1 == SmS1O1.Null) { setSmS1O1(SmS1O1.o1); }
        if (smS1O2 == SmS1O2.Null) { setSmS1O2(SmS1O2.o2); }
        break;
      case Final:
        delete();
        break;
      case s2:
        if (smS2 == SmS2.Null) { setSmS2(SmS2.s2Start); }
        break;
    }
  }

  private void exitSmS1O1()
  {
    switch(smS1O1)
    {
      case o1:
        exitSmS1O1O1();
        setSmS1O1(SmS1O1.Null);
        break;
    }
  }

  private void setSmS1O1(SmS1O1 aSmS1O1)
  {
    smS1O1 = aSmS1O1;
    if (sm != Sm.s1 && aSmS1O1 != SmS1O1.Null) { setSm(Sm.s1); }

    // entry actions and do activities
    switch(smS1O1)
    {
      case o1:
        if (smS1O1O1 == SmS1O1O1.Null) { setSmS1O1O1(SmS1O1O1.o1Start); }
        break;
    }
  }

  private void exitSmS1O1O1()
  {
    switch(smS1O1O1)
    {
      case o1Start:
        setSmS1O1O1(SmS1O1O1.Null);
        break;
      case o1Final:
        setSmS1O1O1(SmS1O1O1.Null);
        break;
    }
  }

  private void setSmS1O1O1(SmS1O1O1 aSmS1O1O1)
  {
    smS1O1O1 = aSmS1O1O1;
    if (smS1O1 != SmS1O1.o1 && aSmS1O1O1 != SmS1O1O1.Null) { setSmS1O1(SmS1O1.o1); }

    // entry actions and do activities
    switch(smS1O1O1)
    {
      case o1Final:
        if (smS1O2O2 == SmS1O2O2.o2Final) { delete(); }
        break;
    }
  }

  private void exitSmS1O2()
  {
    switch(smS1O2)
    {
      case o2:
        exitSmS1O2O2();
        setSmS1O2(SmS1O2.Null);
        break;
    }
  }

  private void setSmS1O2(SmS1O2 aSmS1O2)
  {
    smS1O2 = aSmS1O2;
    if (sm != Sm.s1 && aSmS1O2 != SmS1O2.Null) { setSm(Sm.s1); }

    // entry actions and do activities
    switch(smS1O2)
    {
      case o2:
        if (smS1O2O2 == SmS1O2O2.Null) { setSmS1O2O2(SmS1O2O2.o2Start); }
        break;
    }
  }

  private void exitSmS1O2O2()
  {
    switch(smS1O2O2)
    {
      case o2Start:
        setSmS1O2O2(SmS1O2O2.Null);
        break;
      case o2Final:
        setSmS1O2O2(SmS1O2O2.Null);
        break;
    }
  }

  private void setSmS1O2O2(SmS1O2O2 aSmS1O2O2)
  {
    smS1O2O2 = aSmS1O2O2;
    if (smS1O2 != SmS1O2.o2 && aSmS1O2O2 != SmS1O2O2.Null) { setSmS1O2(SmS1O2.o2); }

    // entry actions and do activities
    switch(smS1O2O2)
    {
      case o2Final:
        if (smS1O1O1 == SmS1O1O1.o1Final) { delete(); }
        break;
    }
  }

  private void exitSmS2()
  {
    switch(smS2)
    {
      case s2Start:
        setSmS2(SmS2.Null);
        break;
      case s2Final:
        setSmS2(SmS2.Null);
        break;
    }
  }

  private void setSmS2(SmS2 aSmS2)
  {
    smS2 = aSmS2;
    if (sm != Sm.s2 && aSmS2 != SmS2.Null) { setSm(Sm.s2); }

    // entry actions and do activities
    switch(smS2)
    {
      case s2Final:
        delete();
        break;
    }
  }

  public void delete()
  {}

}
/*PLEASE DO NOT EDIT THIS CODE*/
/*This code was generated using the UMPLE 1.31.1.5860.78bb27cc6 modeling language!*/



// line 1 "testRegionFinalStates_5.ump"
public class X
{

  //------------------------
  // MEMBER VARIABLES
  //------------------------

  //X State Machines
  public enum Sm { o1 }
  public enum SmO1S1 { Null, s1 }
  public enum SmO1S1S2 { Null, s2 }
  public enum SmO1S1S2S2 { Null, s3, s4 }
  public enum SmO1S1S5 { Null, s5 }
  public enum SmO1S1S5S5 { Null, s6 }
  public enum SmO1S7 { Null, s7 }
  public enum SmO1S7S7 { Null, s8, s9 }
  private Sm sm;
  private SmO1S1 smO1S1;
  private SmO1S1S2 smO1S1S2;
  private SmO1S1S2S2 smO1S1S2S2;
  private SmO1S1S5 smO1S1S5;
  private SmO1S1S5S5 smO1S1S5S5;
  private SmO1S7 smO1S7;
  private SmO1S7S7 smO1S7S7;

  //------------------------
  // CONSTRUCTOR
  //------------------------

  public X()
  {
    setSmO1S1(SmO1S1.Null);
    setSmO1S1S2(SmO1S1S2.Null);
    setSmO1S1S2S2(SmO1S1S2S2.Null);
    setSmO1S1S5(SmO1S1S5.Null);
    setSmO1S1S5S5(SmO1S1S5S5.Null);
    setSmO1S7(SmO1S7.Null);
    setSmO1S7S7(SmO1S7S7.Null);
    setSm(Sm.o1);
  }

  //------------------------
  // INTERFACE
  //------------------------

  public String getSmFullName()
  {
    String answer = sm.toString();
    if (smO1S1 != SmO1S1.Null) { answer += "." + smO1S1.toString(); }
    if (smO1S1S2 != SmO1S1S2.Null) { answer += "." + smO1S1S2.toString(); }
    if (smO1S1S2S2 != SmO1S1S2S2.Null) { answer += "." + smO1S1S2S2.toString(); }
    if (smO1S1S5 != SmO1S1S5.Null) { answer += "." + smO1S1S5.toString(); }
    if (smO1S1S5S5 != SmO1S1S5S5.Null) { answer += "." + smO1S1S5S5.toString(); }
    if (smO1S7 != SmO1S7.Null) { answer += "." + smO1S7.toString(); }
    if (smO1S7S7 != SmO1S7S7.Null) { answer += "." + smO1S7S7.toString(); }
    if (smO1S1S2S2 != SmO1S1S2S2.Null) { answer += "." + smO1S1S2S2.toString(); }
    if (smO1S1S5S5 != SmO1S1S5S5.Null) { answer += "." + smO1S1S5S5.toString(); }
    return answer;
  }

  public Sm getSm()
  {
    return sm;
  }

  public SmO1S1 getSmO1S1()
  {
    return smO1S1;
  }

  public SmO1S1S2 getSmO1S1S2()
  {
    return smO1S1S2;
  }

  public SmO1S1S2S2 getSmO1S1S2S2()
  {
    return smO1S1S2S2;
  }

  public SmO1S1S5 getSmO1S1S5()
  {
    return smO1S1S5;
  }

  public SmO1S1S5S5 getSmO1S1S5S5()
  {
    return smO1S1S5S5;
  }

  public SmO1S7 getSmO1S7()
  {
    return smO1S7;
  }

  public SmO1S7S7 getSmO1S7S7()
  {
    return smO1S7S7;
  }

  public boolean goToS4Final()
  {
    boolean wasEventProcessed = false;
    
    SmO1S1S2S2 aSmO1S1S2S2 = smO1S1S2S2;
    switch (aSmO1S1S2S2)
    {
      case s3:
        exitSmO1S1S2S2();
        setSmO1S1S2S2(SmO1S1S2S2.s4);
        wasEventProcessed = true;
        break;
      default:
        // Other states do respond to this event
    }

    return wasEventProcessed;
  }

  public boolean goToS9Final()
  {
    boolean wasEventProcessed = false;
    
    SmO1S7S7 aSmO1S7S7 = smO1S7S7;
    switch (aSmO1S7S7)
    {
      case s8:
        exitSmO1S7S7();
        setSmO1S7S7(SmO1S7S7.s9);
        wasEventProcessed = true;
        break;
      default:
        // Other states do respond to this event
    }

    return wasEventProcessed;
  }

  private void exitSm()
  {
    switch(sm)
    {
      case o1:
        exitSmO1S1();
        exitSmO1S7();
        break;
    }
  }

  private void setSm(Sm aSm)
  {
    sm = aSm;

    // entry actions and do activities
    switch(sm)
    {
      case o1:
        if (smO1S1 == SmO1S1.Null) { setSmO1S1(SmO1S1.s1); }
        if (smO1S7 == SmO1S7.Null) { setSmO1S7(SmO1S7.s7); }
        break;
    }
  }

  private void exitSmO1S1()
  {
    switch(smO1S1)
    {
      case s1:
        exitSmO1S1S2();
        exitSmO1S1S5();
        setSmO1S1(SmO1S1.Null);
        break;
    }
  }

  private void setSmO1S1(SmO1S1 aSmO1S1)
  {
    smO1S1 = aSmO1S1;
    if (sm != Sm.o1 && aSmO1S1 != SmO1S1.Null) { setSm(Sm.o1); }

    // entry actions and do activities
    switch(smO1S1)
    {
      case s1:
        if (smO1S1S2 == SmO1S1S2.Null) { setSmO1S1S2(SmO1S1S2.s2); }
        if (smO1S1S5 == SmO1S1S5.Null) { setSmO1S1S5(SmO1S1S5.s5); }
        break;
    }
  }

  private void exitSmO1S1S2()
  {
    switch(smO1S1S2)
    {
      case s2:
        exitSmO1S1S2S2();
        setSmO1S1S2(SmO1S1S2.Null);
        break;
    }
  }

  private void setSmO1S1S2(SmO1S1S2 aSmO1S1S2)
  {
    smO1S1S2 = aSmO1S1S2;
    if (smO1S1 != SmO1S1.s1 && aSmO1S1S2 != SmO1S1S2.Null) { setSmO1S1(SmO1S1.s1); }

    // entry actions and do activities
    switch(smO1S1S2)
    {
      case s2:
        if (smO1S1S2S2 == SmO1S1S2S2.Null) { setSmO1S1S2S2(SmO1S1S2S2.s3); }
        break;
    }
  }

  private void exitSmO1S1S2S2()
  {
    switch(smO1S1S2S2)
    {
      case s3:
        setSmO1S1S2S2(SmO1S1S2S2.Null);
        break;
      case s4:
        setSmO1S1S2S2(SmO1S1S2S2.Null);
        break;
    }
  }

  private void setSmO1S1S2S2(SmO1S1S2S2 aSmO1S1S2S2)
  {
    smO1S1S2S2 = aSmO1S1S2S2;
    if (smO1S1S2 != SmO1S1S2.s2 && aSmO1S1S2S2 != SmO1S1S2S2.Null) { setSmO1S1S2(SmO1S1S2.s2); }

    // entry actions and do activities
    switch(smO1S1S2S2)
    {
      case s4:
        if (smO1S1S5S5 == SmO1S1S5S5.s6 && smO1S7S7 == SmO1S7S7.s9) { delete(); }
        break;
    }
  }

  private void exitSmO1S1S5()
  {
    switch(smO1S1S5)
    {
      case s5:
        exitSmO1S1S5S5();
        setSmO1S1S5(SmO1S1S5.Null);
        break;
    }
  }

  private void setSmO1S1S5(SmO1S1S5 aSmO1S1S5)
  {
    smO1S1S5 = aSmO1S1S5;
    if (smO1S1 != SmO1S1.s1 && aSmO1S1S5 != SmO1S1S5.Null) { setSmO1S1(SmO1S1.s1); }

    // entry actions and do activities
    switch(smO1S1S5)
    {
      case s5:
        if (smO1S1S5S5 == SmO1S1S5S5.Null) { setSmO1S1S5S5(SmO1S1S5S5.s6); }
        break;
    }
  }

  private void exitSmO1S1S5S5()
  {
    switch(smO1S1S5S5)
    {
      case s6:
        setSmO1S1S5S5(SmO1S1S5S5.Null);
        break;
    }
  }

  private void setSmO1S1S5S5(SmO1S1S5S5 aSmO1S1S5S5)
  {
    smO1S1S5S5 = aSmO1S1S5S5;
    if (smO1S1S5 != SmO1S1S5.s5 && aSmO1S1S5S5 != SmO1S1S5S5.Null) { setSmO1S1S5(SmO1S1S5.s5); }

    // entry actions and do activities
    switch(smO1S1S5S5)
    {
      case s6:
        if (smO1S1S2S2 == SmO1S1S2S2.s4 && smO1S7S7 == SmO1S7S7.s9) { delete(); }
        break;
    }
  }

  private void exitSmO1S7()
  {
    switch(smO1S7)
    {
      case s7:
        exitSmO1S7S7();
        setSmO1S7(SmO1S7.Null);
        break;
    }
  }

  private void setSmO1S7(SmO1S7 aSmO1S7)
  {
    smO1S7 = aSmO1S7;
    if (sm != Sm.o1 && aSmO1S7 != SmO1S7.Null) { setSm(Sm.o1); }

    // entry actions and do activities
    switch(smO1S7)
    {
      case s7:
        if (smO1S7S7 == SmO1S7S7.Null) { setSmO1S7S7(SmO1S7S7.s8); }
        break;
    }
  }

  private void exitSmO1S7S7()
  {
    switch(smO1S7S7)
    {
      case s8:
        setSmO1S7S7(SmO1S7S7.Null);
        break;
      case s9:
        setSmO1S7S7(SmO1S7S7.Null);
        break;
    }
  }

  private void setSmO1S7S7(SmO1S7S7 aSmO1S7S7)
  {
    smO1S7S7 = aSmO1S7S7;
    if (smO1S7 != SmO1S7.s7 && aSmO1S7S7 != SmO1S7S7.Null) { setSmO1S7(SmO1S7.s7); }

    // entry actions and do activities
    switch(smO1S7S7)
    {
      case s9:
        if (smO1S1S2S2 == SmO1S1S2S2.s4 && smO1S1S5S5 == SmO1S1S5S5.s6) { delete(); }
        break;
    }
  }

  public void delete()
  {}

}
/*PLEASE DO NOT EDIT THIS CODE*/
/*This code was generated using the UMPLE 1.31.1.5860.78bb27cc6 modeling language!*/



// line 1 "testRegionFinalStates_6.ump"
public class X
{

  //------------------------
  // MEMBER VARIABLES
  //------------------------

  //X State Machines
  public enum Status { s1, Final, s2, s3 }
  public enum StatusS1S11 { Null, s11, fState1 }
  public enum StatusS1S11S11 { Null, s111 }
  public enum StatusS1S11S11S111 { Null, s111 }
  public enum StatusS1S12 { Null, s12 }
  public enum StatusS1S12S12 { Null, s122, fState2 }
  private Status status;
  private StatusS1S11 statusS1S11;
  private StatusS1S11S11 statusS1S11S11;
  private StatusS1S11S11S111 statusS1S11S11S111;
  private StatusS1S12 statusS1S12;
  private StatusS1S12S12 statusS1S12S12;

  //------------------------
  // CONSTRUCTOR
  //------------------------

  public X()
  {
    setStatusS1S11(StatusS1S11.Null);
    setStatusS1S11S11(StatusS1S11S11.Null);
    setStatusS1S11S11S111(StatusS1S11S11S111.Null);
    setStatusS1S12(StatusS1S12.Null);
    setStatusS1S12S12(StatusS1S12S12.Null);
    setStatus(Status.s1);
  }

  //------------------------
  // INTERFACE
  //------------------------

  public String getStatusFullName()
  {
    String answer = status.toString();
    if (statusS1S11 != StatusS1S11.Null) { answer += "." + statusS1S11.toString(); }
    if (statusS1S11S11 != StatusS1S11S11.Null) { answer += "." + statusS1S11S11.toString(); }
    if (statusS1S11S11S111 != StatusS1S11S11S111.Null) { answer += "." + statusS1S11S11S111.toString(); }
    if (statusS1S12 != StatusS1S12.Null) { answer += "." + statusS1S12.toString(); }
    if (statusS1S12S12 != StatusS1S12S12.Null) { answer += "." + statusS1S12S12.toString(); }
    if (statusS1S11S11S111 != StatusS1S11S11S111.Null) { answer += "." + statusS1S11S11S111.toString(); }
    return answer;
  }

  public Status getStatus()
  {
    return status;
  }

  public StatusS1S11 getStatusS1S11()
  {
    return statusS1S11;
  }

  public StatusS1S11S11 getStatusS1S11S11()
  {
    return statusS1S11S11;
  }

  public StatusS1S11S11S111 getStatusS1S11S11S111()
  {
    return statusS1S11S11S111;
  }

  public StatusS1S12 getStatusS1S12()
  {
    return statusS1S12;
  }

  public StatusS1S12S12 getStatusS1S12S12()
  {
    return statusS1S12S12;
  }

  public boolean e2()
  {
    boolean wasEventProcessed = false;
    
    Status aStatus = status;
    switch (aStatus)
    {
      case s1:
        exitStatus();
        setStatus(Status.s2);
        wasEventProcessed = true;
        break;
      default:
        // Other states do respond to this event
    }

    return wasEventProcessed;
  }

  public boolean e4()
  {
    boolean wasEventProcessed = false;
    
    Status aStatus = status;
    switch (aStatus)
    {
      case s2:
        setStatus(Status.Final);
        wasEventProcessed = true;
        break;
      default:
        // Other states do respond to this event
    }

    return wasEventProcessed;
  }

  public boolean e3()
  {
    boolean wasEventProcessed = false;
    
    Status aStatus = status;
    switch (aStatus)
    {
      case s2:
        setStatus(Status.s3);
        wasEventProcessed = true;
        break;
      default:
        // Other states do respond to this event
    }

    return wasEventProcessed;
  }

  public boolean e()
  {
    boolean wasEventProcessed = false;
    
    StatusS1S11S11S111 aStatusS1S11S11S111 = statusS1S11S11S111;
    switch (aStatusS1S11S11S111)
    {
      case s111:
        exitStatus();
        setStatus(Status.Final);
        wasEventProcessed = true;
        break;
      default:
        // Other states do respond to this event
    }

    return wasEventProcessed;
  }

  public boolean d1()
  {
    boolean wasEventProcessed = false;
    
    StatusS1S11S11S111 aStatusS1S11S11S111 = statusS1S11S11S111;
    switch (aStatusS1S11S11S111)
    {
      case s111:
        exitStatusS1S11();
        setStatusS1S11(StatusS1S11.fState1);
        wasEventProcessed = true;
        break;
      default:
        // Other states do respond to this event
    }

    return wasEventProcessed;
  }

  public boolean d2()
  {
    boolean wasEventProcessed = false;
    
    StatusS1S12S12 aStatusS1S12S12 = statusS1S12S12;
    switch (aStatusS1S12S12)
    {
      case s122:
        exitStatusS1S12S12();
        setStatusS1S12S12(StatusS1S12S12.fState2);
        wasEventProcessed = true;
        break;
      default:
        // Other states do respond to this event
    }

    return wasEventProcessed;
  }

  private void exitStatus()
  {
    switch(status)
    {
      case s1:
        exitStatusS1S11();
        exitStatusS1S12();
        // line 4 "testRegionFinalStates_6.ump"
        System.out.println("t4");
        break;
    }
  }

  private void setStatus(Status aStatus)
  {
    status = aStatus;

    // entry actions and do activities
    switch(status)
    {
      case s1:
        if (statusS1S11 == StatusS1S11.Null) { setStatusS1S11(StatusS1S11.s11); }
        if (statusS1S12 == StatusS1S12.Null) { setStatusS1S12(StatusS1S12.s12); }
        break;
      case Final:
        delete();
        break;
      case s3:
        delete();
        break;
    }
  }

  private void exitStatusS1S11()
  {
    switch(statusS1S11)
    {
      case s11:
        exitStatusS1S11S11();
        // line 7 "testRegionFinalStates_6.ump"
        System.out.println("t3");
        setStatusS1S11(StatusS1S11.Null);
        break;
      case fState1:
        setStatusS1S11(StatusS1S11.Null);
        break;
    }
  }

  private void setStatusS1S11(StatusS1S11 aStatusS1S11)
  {
    statusS1S11 = aStatusS1S11;
    if (status != Status.s1 && aStatusS1S11 != StatusS1S11.Null) { setStatus(Status.s1); }

    // entry actions and do activities
    switch(statusS1S11)
    {
      case s11:
        if (statusS1S11S11 == StatusS1S11S11.Null) { setStatusS1S11S11(StatusS1S11S11.s111); }
        break;
      case fState1:
        if (statusS1S12S12 == StatusS1S12S12.fState2) { delete(); }
        break;
    }
  }

  private void exitStatusS1S11S11()
  {
    switch(statusS1S11S11)
    {
      case s111:
        exitStatusS1S11S11S111();
        // line 9 "testRegionFinalStates_6.ump"
        System.out.println("t2");
        setStatusS1S11S11(StatusS1S11S11.Null);
        break;
    }
  }

  private void setStatusS1S11S11(StatusS1S11S11 aStatusS1S11S11)
  {
    statusS1S11S11 = aStatusS1S11S11;
    if (statusS1S11 != StatusS1S11.s11 && aStatusS1S11S11 != StatusS1S11S11.Null) { setStatusS1S11(StatusS1S11.s11); }

    // entry actions and do activities
    switch(statusS1S11S11)
    {
      case s111:
        if (statusS1S11S11S111 == StatusS1S11S11S111.Null) { setStatusS1S11S11S111(StatusS1S11S11S111.s111); }
        break;
    }
  }

  private void exitStatusS1S11S11S111()
  {
    switch(statusS1S11S11S111)
    {
      case s111:
        // line 11 "testRegionFinalStates_6.ump"
        System.out.println("t1");
        setStatusS1S11S11S111(StatusS1S11S11S111.Null);
        break;
    }
  }

  private void setStatusS1S11S11S111(StatusS1S11S11S111 aStatusS1S11S11S111)
  {
    statusS1S11S11S111 = aStatusS1S11S11S111;
    if (statusS1S11S11 != StatusS1S11S11.s111 && aStatusS1S11S11S111 != StatusS1S11S11S111.Null) { setStatusS1S11S11(StatusS1S11S11.s111); }
  }

  private void exitStatusS1S12()
  {
    switch(statusS1S12)
    {
      case s12:
        exitStatusS1S12S12();
        setStatusS1S12(StatusS1S12.Null);
        break;
    }
  }

  private void setStatusS1S12(StatusS1S12 aStatusS1S12)
  {
    statusS1S12 = aStatusS1S12;
    if (status != Status.s1 && aStatusS1S12 != StatusS1S12.Null) { setStatus(Status.s1); }

    // entry actions and do activities
    switch(statusS1S12)
    {
      case s12:
        if (statusS1S12S12 == StatusS1S12S12.Null) { setStatusS1S12S12(StatusS1S12S12.s122); }
        break;
    }
  }

  private void exitStatusS1S12S12()
  {
    switch(statusS1S12S12)
    {
      case s122:
        setStatusS1S12S12(StatusS1S12S12.Null);
        break;
      case fState2:
        setStatusS1S12S12(StatusS1S12S12.Null);
        break;
    }
  }

  private void setStatusS1S12S12(StatusS1S12S12 aStatusS1S12S12)
  {
    statusS1S12S12 = aStatusS1S12S12;
    if (statusS1S12 != StatusS1S12.s12 && aStatusS1S12S12 != StatusS1S12S12.Null) { setStatusS1S12(StatusS1S12.s12); }

    // entry actions and do activities
    switch(statusS1S12S12)
    {
      case fState2:
        if (statusS1S11 == StatusS1S11.fState1) { delete(); }
        break;
    }
  }

  public void delete()
  {}

}
/*PLEASE DO NOT EDIT THIS CODE*/
/*This code was generated using the UMPLE 1.31.1.5860.78bb27cc6 modeling language!*/



// line 1 "checkExternalTransitions_noNestedStateMachines.ump"
public class X
{

  //------------------------
  // MEMBER VARIABLES
  //------------------------

  //X State Machines
  public enum Sm { s1, s2, s3 }
  private Sm sm;

  //------------------------
  // CONSTRUCTOR
  //------------------------

  public X()
  {
    setSm(Sm.s1);
  }

  //------------------------
  // INTERFACE
  //------------------------

  public String getSmFullName()
  {
    String answer = sm.toString();
    return answer;
  }

  public Sm getSm()
  {
    return sm;
  }

  public boolean goToS2()
  {
    boolean wasEventProcessed = false;
    
    Sm aSm = sm;
    switch (aSm)
    {
      case s1:
        setSm(Sm.s2);
        wasEventProcessed = true;
        break;
      default:
        // Other states do respond to this event
    }

    return wasEventProcessed;
  }

  public boolean goToS3()
  {
    boolean wasEventProcessed = false;
    
    Sm aSm = sm;
    switch (aSm)
    {
      case s2:
        setSm(Sm.s3);
        wasEventProcessed = true;
        break;
      default:
        // Other states do respond to this event
    }

    return wasEventProcessed;
  }

  private void setSm(Sm aSm)
  {
    sm = aSm;
  }

  public void delete()
  {}

}
/*PLEASE DO NOT EDIT THIS CODE*/
/*This code was generated using the UMPLE 1.31.1.5860.78bb27cc6 modeling language!*/

package example;
import java.util.*;
import java.lang.Thread;

// line 3 "../pooledStateMachine_timedEvents.ump"
public class Mentor implements Runnable
{

  //------------------------
  // MEMBER VARIABLES
  //------------------------

  //Mentor Attributes
  private int howLongUntilOk;

  //Mentor State Machines
  public enum Status { Ok, NotOk }
  private Status status;
  
  MessagePool pool;
  Thread removal;
  
  //enumeration type of messages accepted by Mentor
  protected enum MessageType { timeoutOkToNotOk_M, timeoutNotOkToOk_M }

  // Map for a Mentor pooled state machine that allows querying which events are possible in each map

  public static final Map<Object, HashSet<MessageType>> stateMessageMap = new HashMap<Object, HashSet<MessageType>>();
  static {
    stateMessageMap.put(Status.Ok,new HashSet<MessageType>(Arrays.asList(MessageType.timeoutOkToNotOk_M)));
    stateMessageMap.put(Status.NotOk,new HashSet<MessageType>(Arrays.asList(MessageType.timeoutNotOkToOk_M)));
  }

  //Helper Variables
  private TimedEventHandler timeoutOkToNotOkHandler;
  private TimedEventHandler timeoutNotOkToOkHandler;

  //------------------------
  // CONSTRUCTOR
  //------------------------

  public Mentor()
  {
    howLongUntilOk = 3;
    setStatus(Status.Ok);
    pool = new MessagePool();
    removal=new Thread(this);
    //start the thread of Mentor
    removal.start();
  }

  //------------------------
  // INTERFACE
  //------------------------

  public boolean setHowLongUntilOk(int aHowLongUntilOk)
  {
    boolean wasSet = false;
    howLongUntilOk = aHowLongUntilOk;
    wasSet = true;
    return wasSet;
  }

  public int getHowLongUntilOk()
  {
    return howLongUntilOk;
  }

  public String getStatusFullName()
  {
    String answer = status.toString();
    return answer;
  }

  public Status getStatus()
  {
    return status;
  }

  public boolean _timeoutOkToNotOk()
  {
    boolean wasEventProcessed = false;
    
    Status aStatus = status;
    switch (aStatus)
    {
      case Ok:
        exitStatus();
        setStatus(Status.NotOk);
        wasEventProcessed = true;
        break;
      default:
        // Other states do respond to this event
    }

    return wasEventProcessed;
  }

  public boolean _timeoutNotOkToOk()
  {
    boolean wasEventProcessed = false;
    
    Status aStatus = status;
    switch (aStatus)
    {
      case NotOk:
        exitStatus();
        setStatus(Status.Ok);
        wasEventProcessed = true;
        break;
      default:
        // Other states do respond to this event
    }

    return wasEventProcessed;
  }

  private void exitStatus()
  {
    switch(status)
    {
      case Ok:
        stopTimeoutOkToNotOkHandler();
        break;
      case NotOk:
        stopTimeoutNotOkToOkHandler();
        break;
    }
  }

  private void setStatus(Status aStatus)
  {
    status = aStatus;

    // entry actions and do activities
    switch(status)
    {
      case Ok:
        startTimeoutOkToNotOkHandler();
        break;
      case NotOk:
        startTimeoutNotOkToOkHandler();
        break;
    }
  }

  private void startTimeoutOkToNotOkHandler()
  {
    timeoutOkToNotOkHandler = new TimedEventHandler(this,"timeoutOkToNotOk",4);
  }

  private void stopTimeoutOkToNotOkHandler()
  {
    timeoutOkToNotOkHandler.stop();
  }

  private void startTimeoutNotOkToOkHandler()
  {
    timeoutNotOkToOkHandler = new TimedEventHandler(this,"timeoutNotOkToOk",howLongUntilOk);
  }

  private void stopTimeoutNotOkToOkHandler()
  {
    timeoutNotOkToOkHandler.stop();
  }

  public static class TimedEventHandler extends TimerTask  
  {
    private Mentor controller;
    private String timeoutMethodName;
    private double howLongInSeconds;
    private Timer timer;
    
    public TimedEventHandler(Mentor aController, String aTimeoutMethodName, double aHowLongInSeconds)
    {
      controller = aController;
      timeoutMethodName = aTimeoutMethodName;
      howLongInSeconds = aHowLongInSeconds;
      timer = new Timer();
      timer.schedule(this, (long)howLongInSeconds*1000);
    }
    
    public void stop()
    {
      timer.cancel();
    }
    
    public void run ()
    {
      if ("timeoutOkToNotOk".equals(timeoutMethodName))
      {
        boolean shouldRestart = !controller.timeoutOkToNotOk();
        if (shouldRestart)
        {
          controller.startTimeoutOkToNotOkHandler();
        }
        return;
      }
      if ("timeoutNotOkToOk".equals(timeoutMethodName))
      {
        boolean shouldRestart = !controller.timeoutNotOkToOk();
        if (shouldRestart)
        {
          controller.startTimeoutNotOkToOkHandler();
        }
        return;
      }
    }
  }

  public void delete()
  {
    removal.interrupt();
  }

  protected class Message
  {
    MessageType type;
    
    //Message parameters
    Vector<Object> param;
    
    public Message(MessageType t, Vector<Object> p)
    {
      type = t; 
      param = p;
    }

    @Override
    public String toString()
    {
      return type + "," + param;
    }
  }
  
  protected class MessagePool {
    Queue<Message> messages = new LinkedList<Message>();
    
    public synchronized void put(Message m)
    {
      messages.add(m); 
      notify();
    }

    public synchronized Message getNext()
    {
      Message message=null;

      try {
        message=getNextProcessableMessage();
        while (message==null)
        {
          wait();
          message=getNextProcessableMessage();
        }
      } catch (InterruptedException e) {
        Thread.currentThread().interrupt();
        return null;
      }

      // return the message
      return (message);
    }

    public Message getNextProcessableMessage()
    {
      // Iterate through messages and remove the first message that matches one of the Messages list
      // otherwise return null
      for (Message msg: messages)
      {
        if(stateMessageMap.get(getStatus()).contains(msg.type))
        {
          //The element to be removed
          messages.remove(msg);
          return (msg);
        }
      }
      return null;
    }
  }

  //------------------------------
  //messages accepted 
  //------------------------------

  public boolean timeoutOkToNotOk ()
  {
    boolean wasAdded = false;
    pool.put(new Message(MessageType.timeoutOkToNotOk_M, null));
    wasAdded = true;
    return wasAdded;
  }

  public boolean timeoutNotOkToOk ()
  {
    boolean wasAdded = false;
    pool.put(new Message(MessageType.timeoutNotOkToOk_M, null));
    wasAdded = true;
    return wasAdded;
  }

  
  @Override
  public void run ()
  {
    boolean status=false;
    while (true) 
    {
      Message m = pool.getNext();
      if(m == null)  return;
      
      switch (m.type)
      {
        case timeoutOkToNotOk_M:
          status = _timeoutOkToNotOk();
          break;
        case timeoutNotOkToOk_M:
          status = _timeoutNotOkToOk();
          break; 
        default:
      }
      if(!status)
      {
        // Error message is written or  exception is raised
      }
    }
  }

  public String toString()
  {
    return super.toString() + "["+
            "howLongUntilOk" + ":" + getHowLongUntilOk()+ "]";
  }
}
/*PLEASE DO NOT EDIT THIS CODE*/
/*This code was generated using the UMPLE 1.31.1.5860.78bb27cc6 modeling language!*/



// line 1 "stateMachineWithNegativeNumberGuard2.ump"
public class stateMachineWithNegativeNumberGuard2
{

  //------------------------
  // MEMBER VARIABLES
  //------------------------

  //stateMachineWithNegativeNumberGuard2 State Machines
  public enum Status { on, off }
  private Status status;

  //------------------------
  // CONSTRUCTOR
  //------------------------

  public stateMachineWithNegativeNumberGuard2()
  {
    setStatus(Status.on);
  }

  //------------------------
  // INTERFACE
  //------------------------

  public String getStatusFullName()
  {
    String answer = status.toString();
    return answer;
  }

  public Status getStatus()
  {
    return status;
  }

  public boolean turnOff(Integer pn)
  {
    boolean wasEventProcessed = false;
    
    Status aStatus = status;
    switch (aStatus)
    {
      case on:
        if (pn<-1)
        {
          setStatus(Status.off);
          wasEventProcessed = true;
          break;
        }
        break;
      default:
        // Other states do respond to this event
    }

    return wasEventProcessed;
  }

  public boolean turnOn()
  {
    boolean wasEventProcessed = false;
    
    Status aStatus = status;
    switch (aStatus)
    {
      case off:
        setStatus(Status.on);
        wasEventProcessed = true;
        break;
      default:
        // Other states do respond to this event
    }

    return wasEventProcessed;
  }

  private void setStatus(Status aStatus)
  {
    status = aStatus;
  }

  public void delete()
  {}

}
/*PLEASE DO NOT EDIT THIS CODE*/
/*This code was generated using the UMPLE 1.31.1.5860.78bb27cc6 modeling language!*/



// line 1 "parallelSm_diffNamesDiffStates_2.ump"
public class X
{

  //------------------------
  // MEMBER VARIABLES
  //------------------------

  //X State Machines
  public enum Sm { s0, s1 }
  public enum SmS0T1 { Null, t1 }
  public enum SmS0T2 { Null, t2, t3 }
  public enum SmS1 { Null, s2 }
  public enum SmS1S2T4 { Null, t4, t5 }
  public enum SmS1S2T6 { Null, t6, t7 }
  private Sm sm;
  private SmS0T1 smS0T1;
  private SmS0T2 smS0T2;
  private SmS1 smS1;
  private SmS1S2T4 smS1S2T4;
  private SmS1S2T6 smS1S2T6;

  //------------------------
  // CONSTRUCTOR
  //------------------------

  public X()
  {
    setSmS0T1(SmS0T1.Null);
    setSmS0T2(SmS0T2.Null);
    setSmS1(SmS1.Null);
    setSmS1S2T4(SmS1S2T4.Null);
    setSmS1S2T6(SmS1S2T6.Null);
    setSm(Sm.s0);
  }

  //------------------------
  // INTERFACE
  //------------------------

  public String getSmFullName()
  {
    String answer = sm.toString();
    if (smS0T1 != SmS0T1.Null) { answer += "." + smS0T1.toString(); }
    if (smS0T2 != SmS0T2.Null) { answer += "." + smS0T2.toString(); }
    if (smS1 != SmS1.Null) { answer += "." + smS1.toString(); }
    if (smS1S2T4 != SmS1S2T4.Null) { answer += "." + smS1S2T4.toString(); }
    if (smS1S2T6 != SmS1S2T6.Null) { answer += "." + smS1S2T6.toString(); }
    return answer;
  }

  public Sm getSm()
  {
    return sm;
  }

  public SmS0T1 getSmS0T1()
  {
    return smS0T1;
  }

  public SmS0T2 getSmS0T2()
  {
    return smS0T2;
  }

  public SmS1 getSmS1()
  {
    return smS1;
  }

  public SmS1S2T4 getSmS1S2T4()
  {
    return smS1S2T4;
  }

  public SmS1S2T6 getSmS1S2T6()
  {
    return smS1S2T6;
  }

  public boolean goS1()
  {
    boolean wasEventProcessed = false;
    
    SmS0T1 aSmS0T1 = smS0T1;
    switch (aSmS0T1)
    {
      case t1:
        exitSm();
        setSm(Sm.s1);
        wasEventProcessed = true;
        break;
      default:
        // Other states do respond to this event
    }

    return wasEventProcessed;
  }

  public boolean goT3()
  {
    boolean wasEventProcessed = false;
    
    SmS0T2 aSmS0T2 = smS0T2;
    switch (aSmS0T2)
    {
      case t2:
        exitSmS0T2();
        setSmS0T2(SmS0T2.t3);
        wasEventProcessed = true;
        break;
      default:
        // Other states do respond to this event
    }

    return wasEventProcessed;
  }

  public boolean goT5()
  {
    boolean wasEventProcessed = false;
    
    SmS1S2T4 aSmS1S2T4 = smS1S2T4;
    switch (aSmS1S2T4)
    {
      case t4:
        exitSmS1S2T4();
        setSmS1S2T4(SmS1S2T4.t5);
        wasEventProcessed = true;
        break;
      default:
        // Other states do respond to this event
    }

    return wasEventProcessed;
  }

  public boolean goT7()
  {
    boolean wasEventProcessed = false;
    
    SmS1S2T6 aSmS1S2T6 = smS1S2T6;
    switch (aSmS1S2T6)
    {
      case t6:
        exitSmS1S2T6();
        setSmS1S2T6(SmS1S2T6.t7);
        wasEventProcessed = true;
        break;
      default:
        // Other states do respond to this event
    }

    return wasEventProcessed;
  }

  private void exitSm()
  {
    switch(sm)
    {
      case s0:
        exitSmS0T1();
        exitSmS0T2();
        break;
      case s1:
        exitSmS1();
        break;
    }
  }

  private void setSm(Sm aSm)
  {
    sm = aSm;

    // entry actions and do activities
    switch(sm)
    {
      case s0:
        if (smS0T1 == SmS0T1.Null) { setSmS0T1(SmS0T1.t1); }
        if (smS0T2 == SmS0T2.Null) { setSmS0T2(SmS0T2.t2); }
        break;
      case s1:
        if (smS1 == SmS1.Null) { setSmS1(SmS1.s2); }
        break;
    }
  }

  private void exitSmS0T1()
  {
    switch(smS0T1)
    {
      case t1:
        setSmS0T1(SmS0T1.Null);
        break;
    }
  }

  private void setSmS0T1(SmS0T1 aSmS0T1)
  {
    smS0T1 = aSmS0T1;
    if (sm != Sm.s0 && aSmS0T1 != SmS0T1.Null) { setSm(Sm.s0); }
  }

  private void exitSmS0T2()
  {
    switch(smS0T2)
    {
      case t2:
        setSmS0T2(SmS0T2.Null);
        break;
      case t3:
        setSmS0T2(SmS0T2.Null);
        break;
    }
  }

  private void setSmS0T2(SmS0T2 aSmS0T2)
  {
    smS0T2 = aSmS0T2;
    if (sm != Sm.s0 && aSmS0T2 != SmS0T2.Null) { setSm(Sm.s0); }
  }

  private void exitSmS1()
  {
    switch(smS1)
    {
      case s2:
        exitSmS1S2T4();
        exitSmS1S2T6();
        setSmS1(SmS1.Null);
        break;
    }
  }

  private void setSmS1(SmS1 aSmS1)
  {
    smS1 = aSmS1;
    if (sm != Sm.s1 && aSmS1 != SmS1.Null) { setSm(Sm.s1); }

    // entry actions and do activities
    switch(smS1)
    {
      case s2:
        if (smS1S2T4 == SmS1S2T4.Null) { setSmS1S2T4(SmS1S2T4.t4); }
        if (smS1S2T6 == SmS1S2T6.Null) { setSmS1S2T6(SmS1S2T6.t6); }
        break;
    }
  }

  private void exitSmS1S2T4()
  {
    switch(smS1S2T4)
    {
      case t4:
        setSmS1S2T4(SmS1S2T4.Null);
        break;
      case t5:
        setSmS1S2T4(SmS1S2T4.Null);
        break;
    }
  }

  private void setSmS1S2T4(SmS1S2T4 aSmS1S2T4)
  {
    smS1S2T4 = aSmS1S2T4;
    if (smS1 != SmS1.s2 && aSmS1S2T4 != SmS1S2T4.Null) { setSmS1(SmS1.s2); }
  }

  private void exitSmS1S2T6()
  {
    switch(smS1S2T6)
    {
      case t6:
        setSmS1S2T6(SmS1S2T6.Null);
        break;
      case t7:
        setSmS1S2T6(SmS1S2T6.Null);
        break;
    }
  }

  private void setSmS1S2T6(SmS1S2T6 aSmS1S2T6)
  {
    smS1S2T6 = aSmS1S2T6;
    if (smS1 != SmS1.s2 && aSmS1S2T6 != SmS1S2T6.Null) { setSmS1(SmS1.s2); }
  }

  public void delete()
  {}

}
/*PLEASE DO NOT EDIT THIS CODE*/
/*This code was generated using the UMPLE 1.31.1.5860.78bb27cc6 modeling language!*/



// line 1 "testFinalKeyword.ump"
public class X
{

  //------------------------
  // MEMBER VARIABLES
  //------------------------

  //X State Machines
  public enum Sm { s1, Final }
  public enum SmS1 { Null, s2 }
  private Sm sm;
  private SmS1 smS1;

  //------------------------
  // CONSTRUCTOR
  //------------------------

  public X()
  {
    setSmS1(SmS1.Null);
    setSm(Sm.s1);
  }

  //------------------------
  // INTERFACE
  //------------------------

  public String getSmFullName()
  {
    String answer = sm.toString();
    if (smS1 != SmS1.Null) { answer += "." + smS1.toString(); }
    return answer;
  }

  public Sm getSm()
  {
    return sm;
  }

  public SmS1 getSmS1()
  {
    return smS1;
  }

  public boolean goToFinal()
  {
    boolean wasEventProcessed = false;
    
    SmS1 aSmS1 = smS1;
    switch (aSmS1)
    {
      case s2:
        exitSm();
        setSm(Sm.Final);
        wasEventProcessed = true;
        break;
      default:
        // Other states do respond to this event
    }

    return wasEventProcessed;
  }

  private void exitSm()
  {
    switch(sm)
    {
      case s1:
        exitSmS1();
        break;
    }
  }

  private void setSm(Sm aSm)
  {
    sm = aSm;

    // entry actions and do activities
    switch(sm)
    {
      case s1:
        if (smS1 == SmS1.Null) { setSmS1(SmS1.s2); }
        break;
      case Final:
        delete();
        break;
    }
  }

  private void exitSmS1()
  {
    switch(smS1)
    {
      case s2:
        setSmS1(SmS1.Null);
        break;
    }
  }

  private void setSmS1(SmS1 aSmS1)
  {
    smS1 = aSmS1;
    if (sm != Sm.s1 && aSmS1 != SmS1.Null) { setSm(Sm.s1); }
  }

  public void delete()
  {}

}
/*PLEASE DO NOT EDIT THIS CODE*/
/*This code was generated using the UMPLE 1.31.1.5860.78bb27cc6 modeling language!*/

package example;

// line 4 "../transitionAction.ump"
[...]
    {
      case s1:
        exitSm();
        setSm(Sm.off);
        wasEventProcessed = true;
        break;
      default:
        // Other states do respond to this event
    }

    return wasEventProcessed;
  }

  public boolean e7()
  {
    boolean wasEventProcessed = false;
    
    SmOnS1 aSmOnS1 = smOnS1;
    switch (aSmOnS1)
    {
      case m1:
        exitSmOnS1();
        setSmOnS1(SmOnS1.m2);
        wasEventProcessed = true;
        break;
      default:
        // Other states do respond to this event
    }

    return wasEventProcessed;
  }

  public boolean e8()
  {
    boolean wasEventProcessed = false;
    
    SmOnS1 aSmOnS1 = smOnS1;
    switch (aSmOnS1)
    {
      case m1:
        exitSmOnS1();
        setSmOnS1(SmOnS1.m1);
        wasEventProcessed = true;
        break;
      default:
        // Other states do respond to this event
    }

    return wasEventProcessed;
  }

  public boolean e9()
  {
    boolean wasEventProcessed = false;
    
    SmOnS1 aSmOnS1 = smOnS1;
    switch (aSmOnS1)
    {
      case m1:
        exitSmOn();
        setSmOn(SmOn.s1);
        wasEventProcessed = true;
        break;
      default:
        // Other states do respond to this event
    }

    return wasEventProcessed;
  }

  public boolean e10()
  {
    boolean wasEventProcessed = false;
    
    SmOnS1 aSmOnS1 = smOnS1;
    switch (aSmOnS1)
    {
      case m1:
        exitSmOn();
        setSmOn(SmOn.s2);
        wasEventProcessed = true;
        break;
      default:
        // Other states do respond to this event
    }

    return wasEventProcessed;
  }

  public boolean e11()
  {
    boolean wasEventProcessed = false;
    
    SmOnS1 aSmOnS1 = smOnS1;
    switch (aSmOnS1)
    {
      case m1:
        exitSm();
        setSm(Sm.on);
        wasEventProcessed = true;
        break;
      default:
        // Other states do respond to this event
    }

    return wasEventProcessed;
  }

  public boolean e12()
  {
    boolean wasEventProcessed = false;
    
    SmOnS1 aSmOnS1 = smOnS1;
    switch (aSmOnS1)
    {
      case m1:
        exitSm();
        setSm(Sm.off);
        wasEventProcessed = true;
        break;
      default:
        // Other states do respond to this event
    }

    return wasEventProcessed;
  }

  public boolean e13()
  {
    boolean wasEventProcessed = false;
    
    SmOff aSmOff = smOff;
    switch (aSmOff)
    {
      case s3:
        exitSmOff();
        setSmOff(SmOff.s4);
        wasEventProcessed = true;
        break;
      default:
        // Other states do respond to this event
    }

    return wasEventProcessed;
  }

  private void exitSm()
  {
    switch(sm)
    {
      case on:
        exitSmOn();
        break;
      case off:
        exitSmOff();
        break;
    }
  }

  private void setSm(Sm aSm)
  {
    sm = aSm;

    // entry actions and do activities
    switch(sm)
    {
      case on:
        // line 4 "checkExternalTransitions_noExitActions_1.ump"
        on_entry_action();
        if (smOn == SmOn.Null) { setSmOn(SmOn.s1); }
        break;
      case off:
        if (smOff == SmOff.Null) { setSmOff(SmOff.s3); }
        break;
    }
  }

  private void exitSmOn()
  {
    switch(smOn)
    {
      case s1:
        exitSmOnS1();
        setSmOn(SmOn.Null);
        break;
      case s2:
        setSmOn(SmOn.Null);
        break;
    }
  }

  private void setSmOn(SmOn aSmOn)
  {
    smOn = aSmOn;
    if (sm != Sm.on && aSmOn != SmOn.Null) { setSm(Sm.on); }

    // entry actions and do activities
    switch(smOn)
    {
      case s1:
        // line 8 "checkExternalTransitions_noExitActions_1.ump"
        s1_entry_action();
        if (smOnS1 == SmOnS1.Null) { setSmOnS1(SmOnS1.m1); }
        break;
    }
  }

  private void exitSmOnS1()
  {
    switch(smOnS1)
    {
      case m1:
        setSmOnS1(SmOnS1.Null);
        break;
      case m2:
        setSmOnS1(SmOnS1.Null);
        break;
    }
  }

  private void setSmOnS1(SmOnS1 aSmOnS1)
  {
    smOnS1 = aSmOnS1;
    if (smOn != SmOn.s1 && aSmOnS1 != SmOnS1.Null) { setSmOn(SmOn.s1); }

    // entry actions and do activities
    switch(smOnS1)
    {
      case m1:
        // line 14 "checkExternalTransitions_noExitActions_1.ump"
        m1_entry_action();
        break;
    }
  }

  private void exitSmOff()
  {
    switch(smOff)
    {
      case s3:
        setSmOff(SmOff.Null);
        break;
      case s4:
        setSmOff(SmOff.Null);
        break;
    }
  }

  private void setSmOff(SmOff aSmOff)
  {
    smOff = aSmOff;
    if (sm != Sm.off && aSmOff != SmOff.Null) { setSm(Sm.off); }
  }

  public void delete()
  {}

  // line 34 "checkExternalTransitions_noExitActions_1.ump"
  public void on_entry_action(){
    
  }

  // line 35 "checkExternalTransitions_noExitActions_1.ump"
  public void s1_entry_action(){
    
  }

  // line 36 "checkExternalTransitions_noExitActions_1.ump"
  public void m1_entry_action(){
    
  }

}
/*PLEASE DO NOT EDIT THIS CODE*/
/*This code was generated using the UMPLE 1.31.1.5860.78bb27cc6 modeling language!*/

package example;

// line 20 "../SimpleStateMachine.ump"
public class Course
{

  //------------------------
  // MEMBER VARIABLES
  //------------------------

  //Course State Machines
  public enum Status { Open, Full }
  private Status status;

  //------------------------
  // CONSTRUCTOR
  //------------------------

  public Course()
  {
    setStatus(Status.Open);
  }

  //------------------------
  // INTERFACE
  //------------------------

  public String getStatusFullName()
  {
    String answer = status.toString();
    return answer;
  }

  public Status getStatus()
  {
    return status;
  }

  public boolean setStatus(Status aStatus)
  {
    status = aStatus;
    return true;
  }

  public void delete()
  {}

}
/*PLEASE DO NOT EDIT THIS CODE*/
/*This code was generated using the UMPLE 1.31.1.5860.78bb27cc6 modeling language!*/

package example;

// line 3 "../oneGuard.ump"
public class LightFixture
{

  //------------------------
  // MEMBER VARIABLES
  //------------------------

  //LightFixture Attributes
  private int brightness;

  //LightFixture State Machines
  public enum Bulb { On, Off }
  private Bulb bulb;

  //------------------------
  // CONSTRUCTOR
  //------------------------

  public LightFixture()
  {
    brightness = 0;
    setBulb(Bulb.On);
  }

  //------------------------
  // INTERFACE
  //------------------------

  public boolean setBrightness(int aBrightness)
  {
    boolean wasSet = false;
    brightness = aBrightness;
    wasSet = true;
    return wasSet;
  }

  public int getBrightness()
  {
    return brightness;
  }

  public String getBulbFullName()
  {
    String answer = bulb.toString();
    return answer;
  }

  public Bulb getBulb()
  {
    return bulb;
  }

  public boolean push()
  {
    boolean wasEventProcessed = false;
    
    Bulb aBulb = bulb;
    switch (aBulb)
    {
      case On:
        if (getBrightness()<1)
        {
          setBulb(Bulb.Off);
          wasEventProcessed = true;
          break;
        }
        break;
      default:
        // Other states do respond to this event
    }

    return wasEventProcessed;
  }

  private void setBulb(Bulb aBulb)
  {
    bulb = aBulb;
  }

  public void delete()
  {}


  public String toString()
  {
    return super.toString() + "["+
            "brightness" + ":" + getBrightness()+ "]";
  }
}
/*PLEASE DO NOT EDIT THIS CODE*/
/*This code was generated using the UMPLE 1.31.1.5860.78bb27cc6 modeling language!*/

package example;
import java.util.*;
import java.lang.Thread;

// line 3 "../queuedSMwithConcurrentStatesTest_2.ump"
public class QueuedSMwithConcurrentStates_2 implements Runnable
{

  //------------------------
  // MEMBER VARIABLES
  //------------------------

  //QueuedSMwithConcurrentStates_2 State Machines
  public enum Sm { state1, state2, state3 }
  public enum SmState1SubState1 { Null, subState1 }
  public enum SmState1SubState2 { Null, subState2 }
  private Sm sm;
  private SmState1SubState1 smState1SubState1;
  private SmState1SubState2 smState1SubState2;
  
  //enumeration type of messages accepted by QueuedSMwithConcurrentStates_2
  protected enum MessageType { transit_M }
  
  MessageQueue queue;
  Thread removal;

  //QueuedSMwithConcurrentStates_2 Do Activity Threads
  Thread doActivitySmState2Thread = null;
  Thread doActivitySmState3Thread = null;

  //------------------------
  // CONSTRUCTOR
  //------------------------

  public QueuedSMwithConcurrentStates_2()
  {
    setSmState1SubState1(SmState1SubState1.Null);
    setSmState1SubState2(SmState1SubState2.Null);
    setSm(Sm.state1);
    queue = new MessageQueue();
    removal=new Thread(this);
    //start the thread of QueuedSMwithConcurrentStates_2
    removal.start();
  }

  //------------------------
  // INTERFACE
  //------------------------

  public String getSmFullName()
  {
    String answer = sm.toString();
    if (smState1SubState1 != SmState1SubState1.Null) { answer += "." + smState1SubState1.toString(); }
    if (smState1SubState2 != SmState1SubState2.Null) { answer += "." + smState1SubState2.toString(); }
    return answer;
  }

  public Sm getSm()
  {
    return sm;
  }

  public SmState1SubState1 getSmState1SubState1()
  {
    return smState1SubState1;
  }

  public SmState1SubState2 getSmState1SubState2()
  {
    return smState1SubState2;
  }

  public boolean _transit()
  {
    boolean wasEventProcessed = false;
    
    Sm aSm = sm;
    switch (aSm)
    {
      case state1:
        exitSm();
        setSm(Sm.state2);
        wasEventProcessed = true;
        break;
      default:
        // Other states do respond to this event
    }

    return wasEventProcessed;
  }

  private void exitSm()
  {
    switch(sm)
    {
      case state1:
        exitSmState1SubState1();
        exitSmState1SubState2();
        break;
      case state2:
        if (doActivitySmState2Thread != null) { doActivitySmState2Thread.interrupt(); }
        break;
      case state3:
        if (doActivitySmState3Thread != null) { doActivitySmState3Thread.interrupt(); }
        break;
    }
  }

  private void setSm(Sm aSm)
  {
    sm = aSm;

    // entry actions and do activities
    switch(sm)
    {
      case state1:
        if (smState1SubState1 == SmState1SubState1.Null) { setSmState1SubState1(SmState1SubState1.subState1); }
        if (smState1SubState2 == SmState1SubState2.Null) { setSmState1SubState2(SmState1SubState2.subState2); }
        break;
      case state2:
        doActivitySmState2Thread = new DoActivityThread(this,"doActivitySmState2");
        break;
      case state3:
        doActivitySmState3Thread = new DoActivityThread(this,"doActivitySmState3");
        break;
    }
  }

  private void exitSmState1SubState1()
  {
    switch(smState1SubState1)
    {
      case subState1:
        setSmState1SubState1(SmState1SubState1.Null);
        break;
    }
  }

  private void setSmState1SubState1(SmState1SubState1 aSmState1SubState1)
  {
    smState1SubState1 = aSmState1SubState1;
    if (sm != Sm.state1 && aSmState1SubState1 != SmState1SubState1.Null) { setSm(Sm.state1); }
  }

  private void exitSmState1SubState2()
  {
    switch(smState1SubState2)
    {
      case subState2:
        setSmState1SubState2(SmState1SubState2.Null);
        break;
    }
  }

  private void setSmState1SubState2(SmState1SubState2 aSmState1SubState2)
  {
    smState1SubState2 = aSmState1SubState2;
    if (sm != Sm.state1 && aSmState1SubState2 != SmState1SubState2.Null) { setSm(Sm.state1); }
  }

  private void doActivitySmState2()
  {
    try
    {
      // line 17 "../queuedSMwithConcurrentStatesTest_2.ump"
      doTransition1();
      Thread.sleep(1);
    }
    catch (InterruptedException e)
    {

    }
  }

  private void doActivitySmState3()
  {
    try
    {
      // line 21 "../queuedSMwithConcurrentStatesTest_2.ump"
      doTransition2();
      Thread.sleep(1);
    }
    catch (InterruptedException e)
    {

    }
  }

  private static class DoActivityThread extends Thread
  {
    QueuedSMwithConcurrentStates_2 controller;
    String doActivityMethodName;
    
    public DoActivityThread(QueuedSMwithConcurrentStates_2 aController,String aDoActivityMethodName)
    {
      controller = aController;
      doActivityMethodName = aDoActivityMethodName;
      start();
    }
    
    public void run()
    {
      if ("doActivitySmState2".equals(doActivityMethodName))
      {
        controller.doActivitySmState2();
      }
        else if ("doActivitySmState3".equals(doActivityMethodName))
      {
        controller.doActivitySmState3();
      }
    }
  }

  public void delete()
  {
    removal.interrupt();
  }

  protected class Message
  {
    MessageType type;
    
    //Message parameters
    Vector<Object> param;
    
    public Message(MessageType t, Vector<Object> p)
    {
      type = t; 
      param = p;
    }

    @Override
    public String toString()
    {
      return type + "," + param;
    }
  }
  
  protected class MessageQueue {
    Queue<Message> messages = new LinkedList<Message>();
    
    public synchronized void put(Message m)
    {
      messages.add(m); 
      notify();
    }

    public synchronized Message getNext()
    {
      try {
        while (messages.isEmpty()) 
        {
          wait();
        }
      } catch (InterruptedException e) {
        Thread.currentThread().interrupt();
        return null;
      }

      //The element to be removed
      Message m = messages.remove(); 
      return (m);
    }
  }

  //------------------------------
  //messages accepted 
  //------------------------------

  public void transit ()
  {
    queue.put(new Message(MessageType.transit_M, null));
  }

  
  @Override
  public void run ()
  {
    boolean status=false;
    while (true) 
    {
      Message m = queue.getNext();
      if(m == null)  return;
      
      switch (m.type)
      {
        case transit_M:
          status = _transit();
          break; 
        default:
      }
      if(!status)
      {
        // Error message is written or  exception is raised
      }
    }
  }
}
/*PLEASE DO NOT EDIT THIS CODE*/
/*This code was generated using the UMPLE 1.31.1.5860.78bb27cc6 modeling language!*/

package example;

// line 12 "../SimpleStateMachine.ump"
public class Student
{

  //------------------------
  // MEMBER VARIABLES
  //------------------------

  //Student State Machines
  public enum Grade { Pass }
  private Grade grade;

  //------------------------
  // CONSTRUCTOR
  //------------------------

  public Student()
  {
    setGrade(Grade.Pass);
  }

  //------------------------
  // INTERFACE
  //------------------------

  public String getGradeFullName()
  {
    String answer = grade.toString();
    return answer;
  }

  public Grade getGrade()
  {
    return grade;
  }

  public boolean setGrade(Grade aGrade)
  {
    grade = aGrade;
    return true;
  }

  public void delete()
  {}

}
/*PLEASE DO NOT EDIT THIS CODE*/
/*This code was generated using the UMPLE 1.31.1.5860.78bb27cc6 modeling language!*/

package example;
import java.util.*;
import java.lang.Thread;

// line 3 "../pooledStateMachine_autoTransition.ump"
public class Light implements Runnable
{

  //------------------------
  // MEMBER VARIABLES
  //------------------------

  //Light State Machines
  public enum Bulb { Off, On }
  private Bulb bulb;
  
  MessagePool pool;
  Thread removal;
  
  //enumeration type of messages accepted by Light
  protected enum MessageType { null_M }

  // Map for a Light pooled state machine that allows querying which events are possible in each map

  public static final Map<Object, HashSet<MessageType>> stateMessageMap = new HashMap<Object, HashSet<MessageType>>();
  static {
    stateMessageMap.put(Bulb.Off,new HashSet<MessageType>(Arrays.asList(MessageType.null_M)));
    stateMessageMap.put(Bulb.On,new HashSet<MessageType>(Arrays.asList(MessageType.null_M)));
  }

  //------------------------
  // CONSTRUCTOR
  //------------------------

  public Light()
  {
    setBulb(Bulb.Off);
    pool = new MessagePool();
    removal=new Thread(this);
    //start the thread of Light
    removal.start();
  }

  //------------------------
  // INTERFACE
  //------------------------

  public String getBulbFullName()
  {
    String answer = bulb.toString();
    return answer;
  }

  public Bulb getBulb()
  {
    return bulb;
  }

  private boolean __autotransition1__()
  {
    boolean wasEventProcessed = false;
    
    Bulb aBulb = bulb;
    switch (aBulb)
    {
      case Off:
        setBulb(Bulb.On);
        wasEventProcessed = true;
        break;
      default:
        // Other states do respond to this event
    }

    return wasEventProcessed;
  }

  private void setBulb(Bulb aBulb)
  {
    bulb = aBulb;

    // entry actions and do activities
    switch(bulb)
    {
      case Off:
        __autotransition1__();
        break;
    }
  }

  public void delete()
  {
    removal.interrupt();
  }

  protected class Message
  {
    MessageType type;
    
    //Message parameters
    Vector<Object> param;
    
    public Message(MessageType t, Vector<Object> p)
    {
      type = t; 
      param = p;
    }

    @Override
    public String toString()
    {
      return type + "," + param;
    }
  }
  
  protected class MessagePool {
    Queue<Message> messages = new LinkedList<Message>();
    
    public synchronized void put(Message m)
    {
      messages.add(m); 
      notify();
    }

    public synchronized Message getNext()
    {
      Message message=null;

      try {
        message=getNextProcessableMessage();
        while (message==null)
        {
          wait();
          message=getNextProcessableMessage();
        }
      } catch (InterruptedException e) {
        Thread.currentThread().interrupt();
        return null;
      }

      // return the message
      return (message);
    }

    public Message getNextProcessableMessage()
    {
      // Iterate through messages and remove the first message that matches one of the Messages list
      // otherwise return null
      for (Message msg: messages)
      {
        if(stateMessageMap.get(getBulb()).contains(msg.type))
        {
          //The element to be removed
          messages.remove(msg);
          return (msg);
        }
      }
      return null;
    }
  }

  //------------------------------
  //messages accepted 
  //------------------------------

  
  @Override
  public void run ()
  {
    boolean status=false;
    while (true) 
    {
      Message m = pool.getNext();
      if(m == null)  return;
      
      switch (m.type)
      { 
        default:
      }
      if(!status)
      {
        // Error message is written or  exception is raised
      }
    }
  }
}
/*PLEASE DO NOT EDIT THIS CODE*/
/*This code was generated using the UMPLE 1.31.1.5860.78bb27cc6 modeling language!*/

package example;

// line 4 "../EventTransition.ump"
public class Course
{

  //------------------------
  // MEMBER VARIABLES
  //------------------------

  //Course State Machines
  public enum Status { Open }
  private Status status;

  //------------------------
  // CONSTRUCTOR
  //------------------------

  public Course()
  {
    setStatus(Status.Open);
  }

  //------------------------
  // INTERFACE
  //------------------------

  public String getStatusFullName()
  {
    String answer = status.toString();
    return answer;
  }

  public Status getStatus()
  {
    return status;
  }

  public boolean register()
  {
    boolean wasEventProcessed = false;
    
    Status aStatus = status;
    switch (aStatus)
    {
      case Open:
        setStatus(Status.Open);
        wasEventProcessed = true;
        break;
      default:
        // Other states do respond to this event
    }

    return wasEventProcessed;
  }

  private void setStatus(Status aStatus)
  {
    status = aStatus;
  }

  public void delete()
  {}

}
]]></system-out>
  <system-err><![CDATA[]]></system-err>
</testsuite>
