<?xml version="1.0" encoding="UTF-8" ?>
<testsuite errors="0" failures="0" hostname="Abdulazizs-MacBook-Pro.local" name="cruise.umple.implementation.json.JsonTemplateTest" skipped="0" tests="23" time="0.13" timestamp="2021-10-26T14:28:09">
  <properties>
[...]
</properties>
  <testcase classname="cruise.umple.implementation.json.JsonTemplateTest" name="TraceColorAssociation" time="0.01" />
  <testcase classname="cruise.umple.implementation.json.JsonTemplateTest" name="Attributes" time="0.003" />
  <testcase classname="cruise.umple.implementation.json.JsonTemplateTest" name="AssociationClass" time="0.015" />
  <testcase classname="cruise.umple.implementation.json.JsonTemplateTest" name="AssociationTrait" time="0.01" />
  <testcase classname="cruise.umple.implementation.json.JsonTemplateTest" name="SymmetricReflexiveAssociation" time="0.004" />
  <testcase classname="cruise.umple.implementation.json.JsonTemplateTest" name="defaultPosition" time="0.007" />
  <testcase classname="cruise.umple.implementation.json.JsonTemplateTest" name="AttributesConst" time="0.004" />
  <testcase classname="cruise.umple.implementation.json.JsonTemplateTest" name="defaultAssociationPosition" time="0.018" />
  <testcase classname="cruise.umple.implementation.json.JsonTemplateTest" name="AbstractTest" time="0.005" />
  <testcase classname="cruise.umple.implementation.json.JsonTemplateTest" name="AttributesTraced" time="0.003" />
  <testcase classname="cruise.umple.implementation.json.JsonTemplateTest" name="InterfaceClassAssociationTest" time="0.004" />
  <testcase classname="cruise.umple.implementation.json.JsonTemplateTest" name="AssociationUnidirectional" time="0.004" />
  <testcase classname="cruise.umple.implementation.json.JsonTemplateTest" name="InterfaceWithMethodTest" time="0.002" />
  <testcase classname="cruise.umple.implementation.json.JsonTemplateTest" name="FilterTest" time="0.005" />
  <testcase classname="cruise.umple.implementation.json.JsonTemplateTest" name="Generalization" time="0.003" />
  <testcase classname="cruise.umple.implementation.json.JsonTemplateTest" name="AssociationTraitPositionsSeparate" time="0.008" />
  <testcase classname="cruise.umple.implementation.json.JsonTemplateTest" name="AssociationClassPositionsSeparate" time="0.005" />
  <testcase classname="cruise.umple.implementation.json.JsonTemplateTest" name="Position" time="0.003" />
  <testcase classname="cruise.umple.implementation.json.JsonTemplateTest" name="Association" time="0.004" />
  <testcase classname="cruise.umple.implementation.json.JsonTemplateTest" name="JsonLanguage" time="0.002" />
  <testcase classname="cruise.umple.implementation.json.JsonTemplateTest" name="MultipleClasses" time="0.002" />
  <testcase classname="cruise.umple.implementation.json.JsonTemplateTest" name="InterfacesTest" time="0.002" />
  <testcase classname="cruise.umple.implementation.json.JsonTemplateTest" name="avoidJunitError" time="0.001" />
  <system-out><![CDATA[{"umpleClasses":[{
"position": {
"x": 50,
 "y": 30,
 "width": 109,
 "height": 45},
 "attributes": [],
"methods": [],
 "id": "A",
 "name": "A",
 "isAbstract": "false",
 "displayColor": "" ,
 "isInterface": "false"}, {
"position": {
"x": 50,
 "y": 130,
 "width": 109,
 "height": 45},
 "attributes": [],
"methods": [],
 "id": "B",
 "name": "B",
 "isAbstract": "false",
 "displayColor": "" ,
 "isInterface": "false"}],
 "umpleAssociations":[{
"offsetOnePosition": {
"x": 30,
 "y": 45,
 "width": 0,
 "height": 0},
 "offsetTwoPosition": {
"x": 30,
 "y": 0,
 "width": 0,
 "height": 0},
 "id": "umpleAssociation_0",
 "classOneId": "A",
 "classTwoId": "B",
 "multiplicityOne": "*",
 "multiplicityTwo": "*",
 "name": "A__B:assoc",
 "roleOne": "",
 "roleTwo": "assoc",
 "isLeftNavigable":"true",
 "isRightNavigable":"true",
 "isLeftComposition":"false",
 "isRightComposition":"false",
 "isSymmetricReflexive":"false",
 "isTraced":"red"}] }
{"umpleClasses":[{
"position": {
"x": 193,
 "y": 66,
 "width": 0,
 "height": 0},
 "attributes": [{
 "type" : "String",
 "name" : "name",
 "modifier" : "",
 "traceColor" : "black" }, {
 "type" : "Integer",
 "name" : "id",
 "modifier" : "",
 "traceColor" : "black" }],
"methods": [],
 "id": "NewClass",
 "name": "NewClass",
 "isAbstract": "false",
 "displayColor": "" ,
 "isInterface": "false"}],
 "umpleAssociations":[] }
{"umpleClasses":[{
"position": {
"x": 1,
 "y": 2,
 "width": 3,
 "height": 4},
 "attributes": [],
"methods": [],
 "id": "Relationship",
 "name": "Relationship",
 "isAbstract": "false",
 "displayColor": "" ,
 "isInterface": "false"}, {
"position": {
"x": 5,
 "y": 6,
 "width": 7,
 "height": 8},
 "attributes": [],
"methods": [],
 "id": "Student",
 "name": "Student",
 "isAbstract": "false",
 "displayColor": "" ,
 "isInterface": "false"}, {
"position": {
"x": 9,
 "y": 10,
 "width": 11,
 "height": 12},
 "attributes": [],
"methods": [],
 "id": "Mentor",
 "name": "Mentor",
 "isAbstract": "false",
 "displayColor": "" ,
 "isInterface": "false"}],
 "umpleAssociations":[{
"offsetOnePosition": {
"x": 3,
 "y": 10,
 "width": 0,
 "height": 0},
 "offsetTwoPosition": {
"x": 0,
 "y": 10,
 "width": 0,
 "height": 0},
 "id": "umpleAssociation_0",
 "classOneId": "Relationship",
 "classTwoId": "Mentor",
 "multiplicityOne": "*",
 "multiplicityTwo": "1",
 "name": "Mentor__Relationship",
 "roleOne": "",
 "roleTwo": "",
 "isLeftNavigable":"true",
 "isRightNavigable":"true",
 "isLeftComposition":"false",
 "isRightComposition":"false",
 "isSymmetricReflexive":"false",
 "isTraced":"black"}, {
"offsetOnePosition": {
"x": 3,
 "y": 10,
 "width": 0,
 "height": 0},
 "offsetTwoPosition": {
"x": 0,
 "y": 10,
 "width": 0,
 "height": 0},
 "id": "umpleAssociation_1",
 "classOneId": "Relationship",
 "classTwoId": "Student",
 "multiplicityOne": "*",
 "multiplicityTwo": "1",
 "name": "Relationship__Student",
 "roleOne": "",
 "roleTwo": "",
 "isLeftNavigable":"true",
 "isRightNavigable":"true",
 "isLeftComposition":"false",
 "isRightComposition":"false",
 "isSymmetricReflexive":"false",
 "isTraced":"black"}] }
{"umpleClasses":[{
"position": {
"x": 50,
 "y": 30,
 "width": 109,
 "height": 45},
 "attributes": [],
"methods": [],
 "id": "B",
 "name": "B",
 "isAbstract": "false",
 "displayColor": "" ,
 "isInterface": "false"}, {
"position": {
"x": 50,
 "y": 130,
 "width": 109,
 "height": 45},
 "attributes": [],
"methods": [],
 "id": "A",
 "name": "A",
 "isAbstract": "false",
 "displayColor": "" ,
 "isInterface": "false"}],
 "umpleAssociations":[{
"offsetOnePosition": {
"x": 30,
 "y": 0,
 "width": 0,
 "height": 0},
 "offsetTwoPosition": {
"x": 30,
 "y": 45,
 "width": 0,
 "height": 0},
 "id": "umpleAssociation_0",
 "classOneId": "A",
 "classTwoId": "B",
 "multiplicityOne": "0..1",
 "multiplicityTwo": "*",
 "name": "asc",
 "roleOne": "a",
 "roleTwo": "asc",
 "isLeftNavigable":"false",
 "isRightNavigable":"true",
 "isLeftComposition":"false",
 "isRightComposition":"false",
 "isSymmetricReflexive":"false",
 "isTraced":"black"}] }
{"umpleClasses":[{
"position": {
"x": 193,
 "y": 66,
 "width": 0,
 "height": 0},
 "attributes": [],
"methods": [],
 "id": "TesterClass",
 "name": "TesterClass",
 "isAbstract": "false",
 "displayColor": "" ,
 "isInterface": "false"}],
 "umpleAssociations":[{
"offsetOnePosition": {
"x": 15,
 "y": 0,
 "width": 0,
 "height": 0},
 "offsetTwoPosition": {
"x": 0,
 "y": -15,
 "width": 0,
 "height": 0},
 "id": "umpleAssociation_0",
 "classOneId": "TesterClass",
 "classTwoId": "TesterClass",
 "multiplicityOne": "*",
 "multiplicityTwo": "*",
 "name": "TesterClass__TesterClass:roleName",
 "roleOne": "roleName",
 "roleTwo": "",
 "isLeftNavigable":"true",
 "isRightNavigable":"true",
 "isLeftComposition":"false",
 "isRightComposition":"false",
 "isSymmetricReflexive":"true",
 "isTraced":"black"}] }
{"umpleClasses":[{
"position": {
"x": 50,
 "y": 30,
 "width": 109,
 "height": 45},
 "attributes": [],
"methods": [],
 "id": "A",
 "name": "A",
 "isAbstract": "false",
 "displayColor": "" ,
 "isInterface": "false"}, {
"position": {
"x": 50,
 "y": 130,
 "width": 109,
 "height": 45},
 "attributes": [],
"methods": [],
 "id": "B",
 "name": "B",
 "isAbstract": "false",
 "displayColor": "" ,
 "isInterface": "false"}, {
"position": {
"x": 1,
 "y": 2,
 "width": 3,
 "height": 4},
 "attributes": [],
"methods": [],
 "id": "ExplicitlyDefined",
 "name": "ExplicitlyDefined",
 "isAbstract": "false",
 "displayColor": "" ,
 "isInterface": "false"}, {
"position": {
"x": 50,
 "y": 330,
 "width": 109,
 "height": 45},
 "attributes": [],
"methods": [],
 "id": "C",
 "name": "C",
 "isAbstract": "false",
 "displayColor": "" ,
 "isInterface": "false"}, {
"position": {
"x": 50,
 "y": 430,
 "width": 109,
 "height": 45},
 "attributes": [],
"methods": [],
 "id": "D",
 "name": "D",
 "isAbstract": "false",
 "displayColor": "" ,
 "isInterface": "false"}, {
"position": {
"x": 250,
 "y": 30,
 "width": 109,
 "height": 45},
 "attributes": [],
"methods": [],
 "id": "E",
 "name": "E",
 "isAbstract": "false",
 "displayColor": "" ,
 "isInterface": "false"}, {
"position": {
"x": 250,
 "y": 130,
 "width": 109,
 "height": 45},
 "attributes": [],
"methods": [],
 "id": "F",
 "name": "F",
 "isAbstract": "false",
 "displayColor": "" ,
 "isInterface": "false"}, {
"position": {
"x": 250,
 "y": 230,
 "width": 109,
 "height": 45},
 "attributes": [],
"methods": [],
 "id": "G",
 "name": "G",
 "isAbstract": "false",
 "displayColor": "" ,
 "isInterface": "false"}, {
"position": {
"x": 250,
 "y": 330,
 "width": 109,
 "height": 45},
 "attributes": [],
"methods": [],
 "id": "H",
 "name": "H",
 "isAbstract": "false",
 "displayColor": "" ,
 "isInterface": "false"}, {
"position": {
"x": 5,
 "y": 6,
 "width": 7,
 "height": 8},
 "attributes": [],
"methods": [],
 "id": "ExplicitlyDefinedToo",
 "name": "ExplicitlyDefinedToo",
 "isAbstract": "false",
 "displayColor": "" ,
 "isInterface": "false"}, {
"position": {
"x": 450,
 "y": 30,
 "width": 109,
 "height": 45},
 "attributes": [],
"methods": [],
 "id": "I",
 "name": "I",
 "isAbstract": "false",
 "displayColor": "" ,
 "isInterface": "false"}, {
"position": {
"x": 450,
 "y": 130,
 "width": 109,
 "height": 45},
 "attributes": [],
"methods": [],
 "id": "J",
 "name": "J",
 "isAbstract": "false",
 "displayColor": "" ,
 "isInterface": "false"}, {
"position": {
"x": 450,
 "y": 230,
 "width": 109,
 "height": 45},
 "attributes": [],
"methods": [],
 "id": "K",
 "name": "K",
 "isAbstract": "false",
 "displayColor": "" ,
 "isInterface": "false"}, {
"position": {
"x": 450,
 "y": 330,
 "width": 109,
 "height": 45},
 "attributes": [],
"methods": [],
 "id": "L",
 "name": "L",
 "isAbstract": "false",
 "displayColor": "" ,
 "isInterface": "false"}, {
"position": {
"x": 450,
 "y": 430,
 "width": 109,
 "height": 45},
 "attributes": [],
"methods": [],
 "id": "M",
 "name": "M",
 "isAbstract": "false",
 "displayColor": "" ,
 "isInterface": "false"}],
 "umpleAssociations":[] }
{"umpleClasses":[{
"position": {
"x": 193,
 "y": 66,
 "width": 0,
 "height": 0},
 "attributes": [{
 "type" : "String",
 "name" : "NAME",
 "modifier" : "const",
 "traceColor" : "black" }, {
 "type" : "Integer",
 "name" : "id",
 "modifier" : "",
 "traceColor" : "black" }],
"methods": [],
 "id": "NewClass",
 "name": "NewClass",
 "isAbstract": "false",
 "displayColor": "" ,
 "isInterface": "false"}],
 "umpleAssociations":[] }
{"umpleClasses":[{
"position": {
"x": 219,
 "y": 184,
 "width": 109,
 "height": 45},
 "attributes": [],
"methods": [],
 "id": "Central",
 "name": "Central",
 "isAbstract": "false",
 "displayColor": "" ,
 "isInterface": "false"}, {
"position": {
"x": 69,
 "y": 66,
 "width": 109,
 "height": 45},
 "attributes": [],
"methods": [],
 "id": "A",
 "name": "A",
 "isAbstract": "false",
 "displayColor": "" ,
 "isInterface": "false"}, {
"position": {
"x": 241,
 "y": 65,
 "width": 109,
 "height": 45},
 "attributes": [],
"methods": [],
 "id": "B",
 "name": "B",
 "isAbstract": "false",
 "displayColor": "" ,
 "isInterface": "false"}, {
"position": {
"x": 425,
 "y": 77,
 "width": 109,
 "height": 45},
 "attributes": [],
"methods": [],
 "id": "C",
 "name": "C",
 "isAbstract": "false",
 "displayColor": "" ,
 "isInterface": "false"}, {
"position": {
"x": 428,
 "y": 190,
 "width": 109,
 "height": 45},
 "attributes": [],
"methods": [],
 "id": "D",
 "name": "D",
 "isAbstract": "false",
 "displayColor": "" ,
 "isInterface": "false"}, {
"position": {
"x": 428,
 "y": 307,
 "width": 109,
 "height": 45},
 "attributes": [],
"methods": [],
 "id": "E",
 "name": "E",
 "isAbstract": "false",
 "displayColor": "" ,
 "isInterface": "false"}, {
"position": {
"x": 259,
 "y": 319,
 "width": 109,
 "height": 45},
 "attributes": [],
"methods": [],
 "id": "F",
 "name": "F",
 "isAbstract": "false",
 "displayColor": "" ,
 "isInterface": "false"}, {
"position": {
"x": 82,
 "y": 341,
 "width": 109,
 "height": 45},
 "attributes": [],
"methods": [],
 "id": "G",
 "name": "G",
 "isAbstract": "false",
 "displayColor": "" ,
 "isInterface": "false"}, {
"position": {
"x": 38,
 "y": 221,
 "width": 109,
 "height": 45},
 "attributes": [],
"methods": [],
 "id": "H",
 "name": "H",
 "isAbstract": "false",
 "displayColor": "" ,
 "isInterface": "false"}],
 "umpleAssociations":[{
"offsetOnePosition": {
"x": 0,
 "y": 10,
 "width": 0,
 "height": 0},
 "offsetTwoPosition": {
"x": 109,
 "y": 10,
 "width": 0,
 "height": 0},
 "id": "umpleAssociation_0",
 "classOneId": "Central",
 "classTwoId": "A",
 "multiplicityOne": "*",
 "multiplicityTwo": "*",
 "name": "A__Central",
 "roleOne": "",
 "roleTwo": "",
 "isLeftNavigable":"true",
 "isRightNavigable":"true",
 "isLeftComposition":"false",
 "isRightComposition":"false",
 "isSymmetricReflexive":"false",
 "isTraced":"black"}, {
"offsetOnePosition": {
"x": 30,
 "y": 0,
 "width": 0,
 "height": 0},
 "offsetTwoPosition": {
"x": 30,
 "y": 45,
 "width": 0,
 "height": 0},
 "id": "umpleAssociation_1",
 "classOneId": "Central",
 "classTwoId": "B",
 "multiplicityOne": "*",
 "multiplicityTwo": "*",
 "name": "B__Central",
 "roleOne": "",
 "roleTwo": "",
 "isLeftNavigable":"true",
 "isRightNavigable":"true",
 "isLeftComposition":"false",
 "isRightComposition":"false",
 "isSymmetricReflexive":"false",
 "isTraced":"black"}, {
"offsetOnePosition": {
"x": 109,
 "y": 10,
 "width": 0,
 "height": 0},
 "offsetTwoPosition": {
"x": 0,
 "y": 10,
 "width": 0,
 "height": 0},
 "id": "umpleAssociation_2",
 "classOneId": "Central",
 "classTwoId": "C",
 "multiplicityOne": "*",
 "multiplicityTwo": "*",
 "name": "C__Central",
 "roleOne": "",
 "roleTwo": "",
 "isLeftNavigable":"true",
 "isRightNavigable":"true",
 "isLeftComposition":"false",
 "isRightComposition":"false",
 "isSymmetricReflexive":"false",
 "isTraced":"black"}, {
"offsetOnePosition": {
"x": 109,
 "y": 10,
 "width": 0,
 "height": 0},
 "offsetTwoPosition": {
"x": 0,
 "y": 10,
 "width": 0,
 "height": 0},
 "id": "umpleAssociation_3",
 "classOneId": "Central",
 "classTwoId": "D",
 "multiplicityOne": "*",
 "multiplicityTwo": "*",
 "name": "Central__D",
 "roleOne": "",
 "roleTwo": "",
 "isLeftNavigable":"true",
 "isRightNavigable":"true",
 "isLeftComposition":"false",
 "isRightComposition":"false",
 "isSymmetricReflexive":"false",
 "isTraced":"black"}, {
"offsetOnePosition": {
"x": 109,
 "y": 10,
 "width": 0,
 "height": 0},
 "offsetTwoPosition": {
"x": 0,
 "y": 10,
 "width": 0,
 "height": 0},
 "id": "umpleAssociation_4",
 "classOneId": "Central",
 "classTwoId": "E",
 "multiplicityOne": "*",
 "multiplicityTwo": "*",
 "name": "Central__E",
 "roleOne": "",
 "roleTwo": "",
 "isLeftNavigable":"true",
 "isRightNavigable":"true",
 "isLeftComposition":"false",
 "isRightComposition":"false",
 "isSymmetricReflexive":"false",
 "isTraced":"black"}, {
"offsetOnePosition": {
"x": 30,
 "y": 45,
 "width": 0,
 "height": 0},
 "offsetTwoPosition": {
"x": 30,
 "y": 0,
 "width": 0,
 "height": 0},
 "id": "umpleAssociation_5",
 "classOneId": "Central",
 "classTwoId": "F",
 "multiplicityOne": "*",
 "multiplicityTwo": "*",
 "name": "Central__F:f1",
 "roleOne": "",
 "roleTwo": "f1",
 "isLeftNavigable":"true",
 "isRightNavigable":"true",
 "isLeftComposition":"false",
 "isRightComposition":"false",
 "isSymmetricReflexive":"false",
 "isTraced":"black"}, {
"offsetOnePosition": {
"x": 60,
 "y": 45,
 "width": 0,
 "height": 0},
 "offsetTwoPosition": {
"x": 60,
 "y": 0,
 "width": 0,
 "height": 0},
 "id": "umpleAssociation_6",
 "classOneId": "Central",
 "classTwoId": "F",
 "multiplicityOne": "*",
 "multiplicityTwo": "*",
 "name": "Central:ct__F:f2",
 "roleOne": "ct",
 "roleTwo": "f2",
 "isLeftNavigable":"true",
 "isRightNavigable":"true",
 "isLeftComposition":"false",
 "isRightComposition":"false",
 "isSymmetricReflexive":"false",
 "isTraced":"black"}, {
"offsetOnePosition": {
"x": 0,
 "y": 10,
 "width": 0,
 "height": 0},
 "offsetTwoPosition": {
"x": 109,
 "y": 10,
 "width": 0,
 "height": 0},
 "id": "umpleAssociation_7",
 "classOneId": "Central",
 "classTwoId": "G",
 "multiplicityOne": "*",
 "multiplicityTwo": "*",
 "name": "Central__G",
 "roleOne": "",
 "roleTwo": "",
 "isLeftNavigable":"true",
 "isRightNavigable":"true",
 "isLeftComposition":"false",
 "isRightComposition":"false",
 "isSymmetricReflexive":"false",
 "isTraced":"black"}, {
"offsetOnePosition": {
"x": 0,
 "y": 10,
 "width": 0,
 "height": 0},
 "offsetTwoPosition": {
"x": 109,
 "y": 10,
 "width": 0,
 "height": 0},
 "id": "umpleAssociation_8",
 "classOneId": "Central",
 "classTwoId": "H",
 "multiplicityOne": "*",
 "multiplicityTwo": "*",
 "name": "Central__H",
 "roleOne": "",
 "roleTwo": "",
 "isLeftNavigable":"true",
 "isRightNavigable":"true",
 "isLeftComposition":"false",
 "isRightComposition":"false",
 "isSymmetricReflexive":"false",
 "isTraced":"black"}, {
"offsetOnePosition": {
"x": 15,
 "y": 45,
 "width": 0,
 "height": 0},
 "offsetTwoPosition": {
"x": 0,
 "y": 30,
 "width": 0,
 "height": 0},
 "id": "umpleAssociation_9",
 "classOneId": "A",
 "classTwoId": "A",
 "multiplicityOne": "*",
 "multiplicityTwo": "*",
 "name": "A__A:ref1",
 "roleOne": "",
 "roleTwo": "ref1",
 "isLeftNavigable":"true",
 "isRightNavigable":"true",
 "isLeftComposition":"false",
 "isRightComposition":"false",
 "isSymmetricReflexive":"false",
 "isTraced":"black"}, {
"offsetOnePosition": {
"x": 94,
 "y": 45,
 "width": 0,
 "height": 0},
 "offsetTwoPosition": {
"x": 109,
 "y": 30,
 "width": 0,
 "height": 0},
 "id": "umpleAssociation_10",
 "classOneId": "A",
 "classTwoId": "A",
 "multiplicityOne": "*",
 "multiplicityTwo": "*",
 "name": "A:a2__A:ref2",
 "roleOne": "a2",
 "roleTwo": "ref2",
 "isLeftNavigable":"true",
 "isRightNavigable":"true",
 "isLeftComposition":"false",
 "isRightComposition":"false",
 "isSymmetricReflexive":"false",
 "isTraced":"black"}, {
"offsetOnePosition": {
"x": 94,
 "y": 0,
 "width": 0,
 "height": 0},
 "offsetTwoPosition": {
"x": 109,
 "y": 15,
 "width": 0,
 "height": 0},
 "id": "umpleAssociation_11",
 "classOneId": "A",
 "classTwoId": "A",
 "multiplicityOne": "*",
 "multiplicityTwo": "*",
 "name": "A:a3__A:ref3",
 "roleOne": "a3",
 "roleTwo": "ref3",
 "isLeftNavigable":"true",
 "isRightNavigable":"true",
 "isLeftComposition":"false",
 "isRightComposition":"false",
 "isSymmetricReflexive":"false",
 "isTraced":"black"}, {
"offsetOnePosition": {
"x": 15,
 "y": 0,
 "width": 0,
 "height": 0},
 "offsetTwoPosition": {
"x": 0,
 "y": 15,
 "width": 0,
 "height": 0},
 "id": "umpleAssociation_12",
 "classOneId": "A",
 "classTwoId": "A",
 "multiplicityOne": "*",
 "multiplicityTwo": "*",
 "name": "A:a4__A:ref4",
 "roleOne": "a4",
 "roleTwo": "ref4",
 "isLeftNavigable":"true",
 "isRightNavigable":"true",
 "isLeftComposition":"false",
 "isRightComposition":"false",
 "isSymmetricReflexive":"false",
 "isTraced":"black"}] }
{"umpleClasses":[{
"position": {
"x": 50,
 "y": 30,
 "width": 109,
 "height": 45},
 "attributes": [{
 "type" : "String",
 "name" : "var",
 "modifier" : "",
 "traceColor" : "black" }],
"methods": [{
 "type" : "void",
 "name" : "test",
 "parameters" : "",
 "visibility" : "",
 "isAbstract" : "true"}],
 "id": "AAA",
 "name": "AAA",
 "isAbstract": "true",
 "displayColor": "" ,
 "isInterface": "false"}, {
"position": {
"x": 50,
 "y": 130,
 "width": 109,
 "height": 45},
 "attributes": [],
"methods": [{
 "type" : "void",
 "name" : "test",
 "parameters" : "",
 "visibility" : "",
 "isAbstract" : "false"}],
 "id": "BBB",
 "name": "BBB",
 "isAbstract": "false",
 "displayColor": "" ,
 "extendsClass": "AAA",
 "isInterface": "false"}, {
"position": {
"x": 50,
 "y": 230,
 "width": 109,
 "height": 45},
 "attributes": [],
"methods": [],
 "id": "CCC",
 "name": "CCC",
 "isAbstract": "true",
 "displayColor": "" ,
 "isInterface": "false"}, {
"position": {
"x": 268,
 "y": 30,
 "width": 109,
 "height": 45},
 "attributes": [],
"methods": [{
 "type" : "void",
 "name" : "testTwo",
 "parameters" : "",
 "visibility" : "",
 "isAbstract" : "false"}],
 "id": "FFF",
 "name": "FFF",
 "isAbstract": "false",
 "displayColor": "" ,
 "isInterface": "true"}],
 "umpleAssociations":[] }
{"umpleClasses":[{
"position": {
"x": 193,
 "y": 66,
 "width": 0,
 "height": 0},
 "attributes": [{
 "type" : "String",
 "name" : "name",
 "modifier" : "",
 "traceColor" : "red" }, {
 "type" : "Integer",
 "name" : "id",
 "modifier" : "",
 "traceColor" : "black" }],
"methods": [],
 "id": "NewClass",
 "name": "NewClass",
 "isAbstract": "false",
 "displayColor": "" ,
 "isInterface": "false"}],
 "umpleAssociations":[] }
{"umpleClasses":[{
"position": {
"x": 50,
 "y": 30,
 "width": 109,
 "height": 45},
 "attributes": [],
"methods": [],
 "id": "C1",
 "name": "C1",
 "isAbstract": "false",
 "displayColor": "" ,
 "isInterface": "false"}, {
"position": {
"x": 268,
 "y": 30,
 "width": 109,
 "height": 45},
 "attributes": [],
"methods": [],
 "id": "I",
 "name": "I",
 "isAbstract": "false",
 "displayColor": "" ,
 "isInterface": "true"}],
 "umpleAssociations":[{
"offsetOnePosition": {
"x": -1,
 "y": -1,
 "width": 0,
 "height": 0},
 "offsetTwoPosition": {
"x": -1,
 "y": -1,
 "width": 0,
 "height": 0},
 "id": "umpleAssociation_0",
 "classOneId": "C1",
 "classTwoId": "I",
 "multiplicityOne": "0..1",
 "multiplicityTwo": "*",
 "name": "C1__I",
 "roleOne": "",
 "roleTwo": "",
 "isLeftNavigable":"false",
 "isRightNavigable":"true",
 "isLeftComposition":"false",
 "isRightComposition":"false",
 "isSymmetricReflexive":"false",
 "isTraced":"black"}] }
{"umpleClasses":[{
"position": {
"x": 268,
 "y": 30,
 "width": 109,
 "height": 45},
 "attributes": [],
"methods": [{
 "type" : "void",
 "name" : "m1",
 "parameters" : "",
 "visibility" : "",
 "isAbstract" : "false"}],
 "id": "X",
 "name": "X",
 "isAbstract": "false",
 "displayColor": "" ,
 "isInterface": "true"}],
 "umpleAssociations":[] }
{"umpleClasses":[{
"position": {
"x": 50,
 "y": 30,
 "width": 109,
 "height": 45},
 "attributes": [],
"methods": [],
 "id": "Student",
 "name": "Student",
 "isAbstract": "false",
 "displayColor": "" ,
 "isInterface": "false"}, {
"position": {
"x": 50,
 "y": 130,
 "width": 109,
 "height": 45},
 "attributes": [],
"methods": [],
 "id": "Mentor",
 "name": "Mentor",
 "isAbstract": "false",
 "displayColor": "" ,
 "isInterface": "false"}, {
"position": {
"x": 50,
 "y": 230,
 "width": 109,
 "height": 45},
 "attributes": [],
"methods": [],
 "id": "School",
 "name": "School",
 "isAbstract": "false",
 "displayColor": "" ,
 "isInterface": "false"}],
 "umpleAssociations":[{
"offsetOnePosition": {
"x": 30,
 "y": 45,
 "width": 0,
 "height": 0},
 "offsetTwoPosition": {
"x": 30,
 "y": 0,
 "width": 0,
 "height": 0},
 "id": "umpleAssociation_0",
 "classOneId": "Student",
 "classTwoId": "Mentor",
 "multiplicityOne": "0..1",
 "multiplicityTwo": "0..1",
 "name": "Mentor__Student",
 "roleOne": "",
 "roleTwo": "",
 "isLeftNavigable":"true",
 "isRightNavigable":"true",
 "isLeftComposition":"false",
 "isRightComposition":"false",
 "isSymmetricReflexive":"false",
 "isTraced":"black"}, {
"offsetOnePosition": {
"x": 30,
 "y": 0,
 "width": 0,
 "height": 0},
 "offsetTwoPosition": {
"x": 30,
 "y": 45,
 "width": 0,
 "height": 0},
 "id": "umpleAssociation_1",
 "classOneId": "School",
 "classTwoId": "Mentor",
 "multiplicityOne": "*",
 "multiplicityTwo": "*",
 "name": "Mentor__School",
 "roleOne": "",
 "roleTwo": "",
 "isLeftNavigable":"false",
 "isRightNavigable":"true",
 "isLeftComposition":"false",
 "isRightComposition":"false",
 "isSymmetricReflexive":"false",
 "isTraced":"black"}, {
"offsetOnePosition": {
"x": 30,
 "y": 0,
 "width": 0,
 "height": 0},
 "offsetTwoPosition": {
"x": 30,
 "y": 45,
 "width": 0,
 "height": 0},
 "id": "umpleAssociation_2",
 "classOneId": "School",
 "classTwoId": "Student",
 "multiplicityOne": "*",
 "multiplicityTwo": "*",
 "name": "School__Student",
 "roleOne": "",
 "roleTwo": "",
 "isLeftNavigable":"false",
 "isRightNavigable":"true",
 "isLeftComposition":"false",
 "isRightComposition":"false",
 "isSymmetricReflexive":"false",
 "isTraced":"black"}] }
{"umpleClasses":[{
"position": {
"x": 100,
 "y": 100,
 "width": 109,
 "height": 41},
 "attributes": [],
"methods": [],
 "id": "Student",
 "name": "Student",
 "isAbstract": "false",
 "displayColor": "" ,
 "extendsClass": "Mentor",
 "isInterface": "false"}, {
"position": {
"x": 100,
 "y": 100,
 "width": 109,
 "height": 41},
 "attributes": [],
"methods": [],
 "id": "Mentor",
 "name": "Mentor",
 "isAbstract": "false",
 "displayColor": "" ,
 "isInterface": "false"}],
 "umpleAssociations":[] }
{"umpleClasses":[{
"position": {
"x": 5,
 "y": 6,
 "width": 7,
 "height": 8},
 "attributes": [],
"methods": [],
 "id": "B",
 "name": "B",
 "isAbstract": "false",
 "displayColor": "" ,
 "isInterface": "false"}, {
"position": {
"x": 1,
 "y": 2,
 "width": 3,
 "height": 4},
 "attributes": [],
"methods": [],
 "id": "A",
 "name": "A",
 "isAbstract": "false",
 "displayColor": "" ,
 "isInterface": "false"}],
 "umpleAssociations":[{
"offsetOnePosition": {
"x": 3,
 "y": 10,
 "width": 0,
 "height": 0},
 "offsetTwoPosition": {
"x": 0,
 "y": 10,
 "width": 0,
 "height": 0},
 "id": "umpleAssociation_0",
 "classOneId": "A",
 "classTwoId": "B",
 "multiplicityOne": "0..1",
 "multiplicityTwo": "*",
 "name": "asc",
 "roleOne": "a",
 "roleTwo": "asc",
 "isLeftNavigable":"false",
 "isRightNavigable":"true",
 "isLeftComposition":"false",
 "isRightComposition":"false",
 "isSymmetricReflexive":"false",
 "isTraced":"black"}] }
{"umpleClasses":[{
"position": {
"x": 1,
 "y": 2,
 "width": 3,
 "height": 4},
 "attributes": [],
"methods": [],
 "id": "Relationship",
 "name": "Relationship",
 "isAbstract": "false",
 "displayColor": "" ,
 "isInterface": "false"}, {
"position": {
"x": 5,
 "y": 6,
 "width": 7,
 "height": 8},
 "attributes": [],
"methods": [],
 "id": "Student",
 "name": "Student",
 "isAbstract": "false",
 "displayColor": "" ,
 "isInterface": "false"}, {
"position": {
"x": 9,
 "y": 10,
 "width": 11,
 "height": 12},
 "attributes": [],
"methods": [],
 "id": "Mentor",
 "name": "Mentor",
 "isAbstract": "false",
 "displayColor": "" ,
 "isInterface": "false"}],
 "umpleAssociations":[{
"offsetOnePosition": {
"x": 1,
 "y": 2,
 "width": 0,
 "height": 0},
 "offsetTwoPosition": {
"x": 3,
 "y": 4,
 "width": 0,
 "height": 0},
 "id": "umpleAssociation_0",
 "classOneId": "Relationship",
 "classTwoId": "Mentor",
 "multiplicityOne": "*",
 "multiplicityTwo": "1",
 "name": "Mentor__Relationship",
 "roleOne": "",
 "roleTwo": "",
 "isLeftNavigable":"true",
 "isRightNavigable":"true",
 "isLeftComposition":"false",
 "isRightComposition":"false",
 "isSymmetricReflexive":"false",
 "isTraced":"black"}, {
"offsetOnePosition": {
"x": 5,
 "y": 6,
 "width": 0,
 "height": 0},
 "offsetTwoPosition": {
"x": 7,
 "y": 8,
 "width": 0,
 "height": 0},
 "id": "umpleAssociation_1",
 "classOneId": "Relationship",
 "classTwoId": "Student",
 "multiplicityOne": "*",
 "multiplicityTwo": "1",
 "name": "Relationship__Student",
 "roleOne": "",
 "roleTwo": "",
 "isLeftNavigable":"true",
 "isRightNavigable":"true",
 "isLeftComposition":"false",
 "isRightComposition":"false",
 "isSymmetricReflexive":"false",
 "isTraced":"black"}] }
{"umpleClasses":[{
"position": {
"x": 10,
 "y": 20,
 "width": 30,
 "height": 40},
 "attributes": [],
"methods": [],
 "id": "Student",
 "name": "Student",
 "isAbstract": "false",
 "displayColor": "" ,
 "isInterface": "false"}, {
"position": {
"x": 1,
 "y": 2,
 "width": 3,
 "height": 4},
 "attributes": [],
"methods": [],
 "id": "Mentor",
 "name": "Mentor",
 "isAbstract": "false",
 "displayColor": "" ,
 "isInterface": "false"}, {
"position": {
"x": 5,
 "y": 6,
 "width": 7,
 "height": 8},
 "attributes": [],
"methods": [],
 "id": "Relationship",
 "name": "Relationship",
 "isAbstract": "false",
 "displayColor": "" ,
 "isInterface": "false"}],
 "umpleAssociations":[{
"offsetOnePosition": {
"x": 0,
 "y": 10,
 "width": 0,
 "height": 0},
 "offsetTwoPosition": {
"x": 3,
 "y": 10,
 "width": 0,
 "height": 0},
 "id": "umpleAssociation_0",
 "classOneId": "Relationship",
 "classTwoId": "Mentor",
 "multiplicityOne": "*",
 "multiplicityTwo": "1",
 "name": "Mentor__Relationship",
 "roleOne": "",
 "roleTwo": "",
 "isLeftNavigable":"true",
 "isRightNavigable":"true",
 "isLeftComposition":"false",
 "isRightComposition":"false",
 "isSymmetricReflexive":"false",
 "isTraced":"black"}, {
"offsetOnePosition": {
"x": 30,
 "y": 8,
 "width": 0,
 "height": 0},
 "offsetTwoPosition": {
"x": 30,
 "y": 0,
 "width": 0,
 "height": 0},
 "id": "umpleAssociation_1",
 "classOneId": "Relationship",
 "classTwoId": "Student",
 "multiplicityOne": "*",
 "multiplicityTwo": "1",
 "name": "Relationship__Student",
 "roleOne": "",
 "roleTwo": "",
 "isLeftNavigable":"true",
 "isRightNavigable":"true",
 "isLeftComposition":"false",
 "isRightComposition":"false",
 "isSymmetricReflexive":"false",
 "isTraced":"black"}] }
{"umpleClasses":[{
"position": {
"x": 193,
 "y": 66,
 "width": 10,
 "height": 20},
 "attributes": [],
"methods": [],
 "id": "NewClass",
 "name": "NewClass",
 "isAbstract": "false",
 "displayColor": "" ,
 "isInterface": "false"}],
 "umpleAssociations":[] }
{"umpleClasses":[{
"position": {
"x": 50,
 "y": 30,
 "width": 109,
 "height": 45},
 "attributes": [],
"methods": [],
 "id": "Mentor",
 "name": "Mentor",
 "isAbstract": "false",
 "displayColor": "" ,
 "isInterface": "false",
 "implementedInterfaces": [ { "interfacesName": "BBB" }, { "interfacesName": "AAA" } ]}, {
"position": {
"x": 268,
 "y": 30,
 "width": 109,
 "height": 45},
 "attributes": [],
"methods": [],
 "id": "AAA",
 "name": "AAA",
 "isAbstract": "false",
 "displayColor": "" ,
 "isInterface": "true"}, {
"position": {
"x": 268,
 "y": 130,
 "width": 109,
 "height": 45},
 "attributes": [],
"methods": [],
 "id": "BBB",
 "name": "BBB",
 "isAbstract": "false",
 "displayColor": "" ,
 "isInterface": "true"}],
 "umpleAssociations":[] }
]]></system-out>
  <system-err><![CDATA[]]></system-err>
</testsuite>
